 1 1 992.5999999999999 54 7 -66
 1 3 992.5999999999999 39 52 -66
 1 2 992.5999999999999 18 42 -66
 1 4 992.5999999999999 52 41 -66
 1 0 992.5999999999999 83 19 -66
 1 5 992.5999999999999 29 82 -66
 26 4 900.0999999999988 52 41 -66
 26 5 900.0999999999988 29 82 -66
 26 0 902.0999999999988 83 19 -66
 26 3 900.0999999999988 39 52 -66
 26 2 900.0999999999988 18 42 -66
 26 1 902.0999999999988 54 7 -66
 51 2 807.5999999999976 18 42 -66
 51 3 807.5999999999976 39 52 -66
 51 4 810.5999999999976 52 41 -66
 51 1 886.5999999999976 54 7 -66
 51 0 837.5999999999976 83 19 -66
 51 5 859.5999999999976 29 82 -66
 76 1 908.0999999999965 54 7 -66
 76 2 760.0999999999965 18 42 -66
 76 3 733.0999999999965 39 52 -66
 76 5 882.0999999999965 29 82 -66
 76 4 783.0999999999965 52 41 -66
 76 0 801.0999999999965 83 19 -66
 101 1 976.5999999999954 54 7 -66
 101 5 896.5999999999954 29 82 -66
 101 3 747.5999999999954 39 52 -66
 101 4 790.5999999999954 52 41 -66
 101 0 789.5999999999954 83 19 -66
 101 2 758.5999999999954 18 42 -66
 126 5 971.0999999999942 29 82 -66
 126 3 765.0999999999942 39 52 -66
 126 2 789.0999999999942 18 42 -66
 126 1 1039.0999999999942 54 7 -66
 126 4 804.0999999999942 52 41 -66
 126 0 799.0999999999942 83 19 -66
 151 2 822.5999999999931 18 42 -66
 151 5 1048.599999999993 29 82 -66
 151 1 1091.599999999993 54 7 -66
 151 3 773.5999999999931 39 52 -66
 151 0 814.5999999999931 83 19 -66
 151 4 854.5999999999931 52 41 -66
 176 5 1151.099999999992 29 82 -66
 176 3 789.099999999992 39 52 -66
 176 4 886.099999999992 52 41 -66
 176 1 1120.099999999992 54 7 -66
 176 0 814.099999999992 83 19 -66
 176 2 817.099999999992 18 42 -66
 201 4 894.5999999999908 52 41 -66
 201 1 1241.5999999999908 54 7 -66
 201 5 1224.5999999999908 29 82 -66
 201 2 810.5999999999908 18 42 -66
 201 0 846.5999999999908 83 19 -66
 201 3 799.5999999999908 39 52 -66
 226 1 1298.0999999999897 54 7 -66
 226 0 845.0999999999897 83 19 -66
 226 4 928.0999999999897 52 41 -66
 226 2 813.0999999999897 18 42 -66
 226 3 819.0999999999897 39 52 -66
 226 5 1328.0999999999897 29 82 -66
 251 5 1372.5999999999885 29 82 -66
 251 1 1329.5999999999885 54 7 -66
 251 3 815.5999999999885 39 52 -66
 251 4 965.5999999999885 52 41 -66
 251 0 832.5999999999885 83 19 -66
 251 2 829.5999999999885 18 42 -66
 276 6 957.5999999999995 25 87 -66
 276 1 1362.0999999999874 54 7 -66
 276 5 952.0999999999874 29 82 -66
 276 2 853.0999999999874 18 42 -66
 276 0 812.0999999999874 83 19 -66
 276 3 839.0999999999874 39 52 -66
 276 4 1103.0999999999874 52 41 -66
 301 4 1178.5999999999863 52 41 -66
 301 3 851.5999999999863 39 52 -66
 301 1 899.5999999999863 54 7 -66
 301 0 804.5999999999863 83 19 -66
 301 5 1008.5999999999863 29 82 -66
 301 2 872.5999999999863 18 42 -66
 301 7 1000 45 10 -66
 301 6 979.0999999999983 25 87 -66
 326 6 1006.5999999999972 25 87 -66
 326 1 921.0999999999851 54 7 -66
 326 2 882.0999999999851 18 42 -66
 326 7 925.4999999999989 45 10 -66
 326 5 1049.0999999999851 29 82 -66
 326 3 839.0999999999851 39 52 -66
 326 4 1302.0999999999851 52 41 -66
 326 0 860.0999999999851 83 19 -66
 351 7 896.9999999999977 45 10 -66
 351 4 1361.599999999984 52 41 -66
 351 6 1023.099999999996 25 87 -66
 351 1 911.599999999984 54 7 -66
 351 2 905.599999999984 18 42 -66
 351 3 833.599999999984 39 52 -66
 351 0 897.599999999984 83 19 -66
 351 5 1083.599999999984 29 82 -66
 376 1 917.0999999999829 54 7 -66
 376 0 896.0999999999829 83 19 -66
 376 5 1118.0999999999829 29 82 -66
 376 2 1079.0999999999829 18 42 -66
 376 6 1027.599999999995 25 87 -66
 376 4 1376.0999999999829 52 41 -66
 376 7 877.4999999999966 45 10 -66
 376 3 817.0999999999829 39 52 -66
 401 2 1113.5999999999817 18 42 -66
 401 5 1177.5999999999817 29 82 -66
 401 0 866.5999999999817 83 19 -66
 401 1 899.5999999999817 54 7 -66
 401 4 1358.5999999999817 52 41 -66
 401 6 1013.0999999999938 25 87 -66
 401 7 860.9999999999955 45 10 -66
 401 3 905.5999999999817 39 52 -66
 426 7 821.4999999999943 45 10 -66
 426 4 1353.0999999999806 52 41 -66
 426 6 1001.5999999999926 25 87 -66
 426 2 1142.0999999999806 18 42 -66
 426 3 917.0999999999806 39 52 -66
 426 1 885.0999999999806 54 7 -66
 426 5 1209.0999999999806 29 82 -66
 426 0 835.0999999999806 83 19 -66
 451 3 896.5999999999794 39 52 -66
 451 7 807.9999999999932 45 10 -66
 451 1 944.5999999999794 54 7 -66
 451 5 1295.5999999999794 29 82 -66
 451 0 796.5999999999794 83 19 -66
 451 4 1324.5999999999794 52 41 -66
 451 6 1013.0999999999915 25 87 -66
 451 2 1165.5999999999794 18 42 -66
 476 3 847.0999999999783 39 52 -66
 476 2 1200.0999999999783 18 42 -66
 476 1 991.0999999999783 54 7 -66
 476 7 774.499999999992 45 10 -66
 476 5 1338.0999999999783 29 82 -66
 476 0 764.0999999999783 83 19 -66
 476 4 1316.0999999999783 52 41 -66
 476 6 998.5999999999904 25 87 -66
 501 0 718.5999999999772 83 19 -66
 501 2 1199.5999999999772 18 42 -66
 501 6 974.0999999999892 25 87 -66
 501 1 1068.5999999999772 54 7 -66
 501 7 735.9999999999909 45 10 -66
 501 3 816.5999999999772 39 52 -66
 501 5 1362.5999999999772 29 82 -66
 501 4 1294.5999999999772 52 41 -66
 526 2 1199.099999999976 18 42 -66
 526 5 903.099999999976 29 82 -66
 526 8 992.5999999999999 34 79 -66
 526 3 760.099999999976 39 52 -66
 526 7 688.4999999999898 45 10 -66
 526 6 957.5999999999881 25 87 -66
 526 1 1095.099999999976 54 7 -66
 526 0 678.099999999976 83 19 -66
 526 4 1297.099999999976 52 41 -66
 551 7 643.0999999999888 45 10 -66
 551 8 909.0999999999988 34 79 -66
 551 1 1106.599999999975 54 7 -66
 551 3 715.5999999999749 39 52 -66
 551 4 1278.599999999975 52 41 -66
 551 0 617.299999999975 83 19 -66
 551 5 895.5999999999749 29 82 -66
 551 6 921.099999999987 25 87 -66
 551 2 1168.599999999975 18 42 -66
 576 8 865.5999999999976 34 79 -66
 576 1 1105.0999999999738 54 7 -66
 576 0 589.8999999999739 83 19 -66
 576 3 682.0999999999738 39 52 -66
 576 4 1278.0999999999738 52 41 -66
 576 7 598.499999999988 45 10 -66
 576 2 1129.0999999999738 18 42 -66
 576 6 875.5999999999858 25 87 -66
 576 5 884.0999999999738 29 82 -66
 601 4 1260.5999999999726 52 41 -66
 601 1 1102.5999999999726 54 7 -66
 601 2 1082.5999999999726 18 42 -66
 601 5 861.5999999999726 29 82 -66
 601 7 542.799999999987 45 10 -66
 601 3 654.5999999999726 39 52 -66
 601 6 824.0999999999847 25 87 -66
 601 8 808.0999999999965 34 79 -66
 601 0 542.899999999973 83 19 -66
 626 4 1244.0999999999715 52 41 -66
 626 8 761.5999999999954 34 79 -66
 626 0 498.7999999999724 83 19 -66
 626 7 487.49999999998664 45 10 -66
 626 6 771.5999999999835 25 87 -66
 626 5 822.0999999999715 29 82 -66
 626 2 1104.0999999999715 18 42 -66
 626 3 627.4999999999716 39 52 -66
 626 1 1088.0999999999715 54 7 -66
 651 5 778.0999999999704 29 82 -66
 651 6 713.0999999999824 25 87 -66
 651 2 1107.5999999999704 18 42 -66
 651 8 696.5999999999942 34 79 -66
 651 0 451.1999999999726 83 19 -66
 651 3 613.3999999999705 39 52 -66
 651 1 1076.5999999999704 54 7 -66
 651 7 435.19999999998686 45 10 -66
 651 4 1257.5999999999704 52 41 -66
 676 3 597.4999999999695 39 52 -66
 676 6 663.2999999999813 25 87 -66
 676 2 1080.0999999999692 18 42 -66
 676 4 1302.0999999999692 52 41 -66
 676 1 1054.0999999999692 54 7 -66
 676 7 392.499999999987 45 10 -66
 676 0 434.2999999999728 83 19 -66
 676 5 710.0999999999692 29 82 -66
 676 8 694.7999999999931 34 79 -66
 701 3 597.1999999999684 39 52 -66
 701 4 1332.599999999968 52 41 -66
 701 1 1075.599999999968 54 7 -66
 701 0 430.79999999997295 83 19 -66
 701 2 1057.599999999968 18 42 -66
 701 6 635.2999999999802 25 87 -66
 701 7 348.99999999998715 45 10 -66
 701 5 683.0999999999681 29 82 -66
 701 8 673.799999999992 34 79 -66
 726 8 628.699999999991 34 79 -66
 726 3 634.1999999999675 39 52 -66
 726 4 1367.099999999967 52 41 -66
 726 6 628.6999999999791 25 87 -66
 726 1 1225.099999999967 54 7 -66
 726 2 1059.099999999967 18 42 -66
 726 0 450.2999999999731 83 19 -66
 726 5 628.499999999967 29 82 -66
 726 7 291.69999999998737 45 10 -66
 751 7 254.39999999998747 45 10 -66
 751 4 1368.5999999999658 52 41 -66
 751 5 610.6999999999659 29 82 -66
 751 6 612.2999999999781 25 87 -66
 751 1 1257.5999999999658 54 7 -66
 751 0 473.0999999999733 83 19 -66
 751 3 669.3999999999664 39 52 -66
 751 2 1057.5999999999658 18 42 -66
 751 8 609.8999999999899 34 79 -66
 776 7 218.39999999998759 45 10 -66
 776 1 1284.0999999999647 54 7 -66
 776 3 710.2999999999654 39 52 -66
 776 0 474.1999999999735 83 19 -66
 776 5 596.5999999999649 29 82 -66
 776 8 599.399999999989 34 79 -66
 776 6 611.4999999999773 25 87 -66
 776 2 1040.0999999999647 18 42 -66
 776 4 1356.0999999999647 52 41 -66
 801 3 739.7999999999643 39 52 -66
 801 8 588.5999999999881 34 79 -66
 801 1 1291.5999999999635 54 7 -66
 801 7 200.59999999998763 45 10 -66
 801 4 973.5999999999635 52 41 -66
 801 5 590.3999999999639 29 82 -66
 801 6 611.7999999999763 25 87 -66
 801 9 962.9999999999995 49 44 -66
 801 0 449.8999999999737 83 19 -66
 801 2 1045.5999999999635 18 42 -66
 826 8 559.3999999999871 34 79 -66
 826 9 901.4999999999984 49 44 -66
 826 1 1274.0999999999624 54 7 -66
 826 3 799.2999999999631 39 52 -66
 826 7 196.3999999999877 45 10 -66
 826 2 1045.0999999999624 18 42 -66
 826 6 608.0999999999754 25 87 -66
 826 0 429.9999999999739 83 19 -66
 826 4 1045.0999999999624 52 41 -66
 826 5 586.199999999963 29 82 -66
 851 6 577.1999999999744 25 87 -66
 851 4 1144.5999999999613 52 41 -66
 851 7 175.3999999999878 45 10 -66
 851 0 426.0999999999741 83 19 -66
 851 5 575.999999999962 29 82 -66
 851 8 522.1999999999862 34 79 -66
 851 3 813.299999999962 39 52 -66
 851 1 1269.5999999999613 54 7 -66
 851 9 892.9999999999973 49 44 -66
 851 2 1086.5999999999613 18 42 -66
 876 9 891.4999999999961 49 44 -66
 876 1 1273.0999999999601 54 7 -66
 876 4 1154.0999999999601 52 41 -66
 876 2 1180.0999999999601 18 42 -66
 876 6 572.5999999999735 25 87 -66
 876 3 846.7999999999608 39 52 -66
 876 7 150.7999999999879 45 10 -66
 876 0 435.69999999997424 83 19 -66
 876 5 571.1999999999612 29 82 -66
 876 8 502.9999999999858 34 79 -66
 901 9 881.999999999995 49 44 -66
 901 6 547.4999999999727 25 87 -66
 901 4 1144.599999999959 52 41 -66
 901 3 874.2999999999597 39 52 -66
 901 7 121.89999999998797 45 10 -66
 901 0 436.79999999997443 83 19 -66
 901 5 546.1999999999603 29 82 -66
 901 1 1286.599999999959 54 7 -66
 901 8 502.199999999986 34 79 -66
 901 2 1286.599999999959 18 42 -66
 926 6 528.6999999999719 25 87 -66
 926 8 490.8999999999862 34 79 -66
 926 5 529.2999999999593 29 82 -66
 926 0 417.2999999999746 83 19 -66
 926 4 1151.0999999999578 52 41 -66
 926 9 852.4999999999939 49 44 -66
 926 7 91.69999999998795 45 10 -66
 926 3 957.7999999999586 39 52 -66
 926 1 1290.0999999999578 54 7 -66
 926 2 1318.0999999999578 18 42 -66
 951 2 1382.5999999999567 18 42 -66
 951 3 990.2999999999574 39 52 -66
 951 8 462.39999999998645 34 79 -66
 951 6 512.4999999999709 25 87 -66
 951 0 386.0999999999748 83 19 -66
 951 7 72.59999999998794 45 10 -66
 951 4 1117.5999999999567 52 41 -66
 951 5 508.99999999995845 29 82 -66
 951 9 815.9999999999927 49 44 -66
 951 1 1302.5999999999567 54 7 -66
 976 0 363.3999999999749 83 19 -66
 976 2 913.0999999999556 18 42 -66
 976 3 1013.2999999999563 39 52 -66
 976 4 1077.0999999999556 52 41 -66
 976 8 455.09999999998666 34 79 -66
 976 7 59.09999999998793 45 10 -66
 976 1 1373.0999999999556 54 7 -66
 976 9 790.4999999999916 49 44 -66
 976 10 948.1999999999994 8 47 -66
 976 6 513.5999999999701 25 87 -66
 976 5 515.5999999999576 29 82 -66
 1001 2 962.5999999999544 18 42 -66
 1001 4 1018.5999999999544 52 41 -66
 1001 9 774.9999999999905 49 44 -66
 1001 11 981.4999999999998 46 16 -66
 1001 8 469.49999999998687 34 79 -66
 1001 5 513.7999999999568 29 82 -66
 1001 1 912.5999999999544 54 7 -66
 1001 3 1005.2999999999552 39 52 -66
 1001 10 874.6999999999982 8 47 -66
 1001 7 36.699999999987924 45 10 -66
 1001 6 506.69999999996946 25 87 -66
 1001 0 329.99999999997505 83 19 -66
 1026 5 502.89999999995655 29 82 -66
 1026 8 476.6999999999871 34 79 -66
 1026 1 967.0999999999533 54 7 -66
 1026 11 889.9999999999986 46 16 -66
 1026 4 956.0999999999533 52 41 -66
 1026 7 11.999999999987924 45 10 -66
 1026 3 982.799999999954 39 52 -66
 1026 10 875.1999999999971 8 47 -66
 1026 2 976.0999999999533 18 42 -66
 1026 0 303.4999999999752 83 19 -66
 1026 9 734.4999999999893 49 44 -66
 1026 6 504.999999999969 25 87 -66
 1051 11 859.4999999999975 46 16 -66
 1051 1 1017.5999999999522 54 7 -66
 1051 9 696.4999999999882 49 44 -66
 1051 5 488.8999999999568 29 82 -66
 1051 3 968.7999999999529 39 52 -66
 1051 4 891.0999999999522 52 41 -66
 1051 6 482.8999999999692 25 87 -66
 1051 0 268.09999999997535 83 19 -66
 1051 8 486.59999999998723 34 79 -66
 1051 10 866.699999999996 8 47 -66
 1051 2 961.5999999999522 18 42 -66
 1076 5 474.599999999957 29 82 -66
 1076 4 771.099999999951 52 41 -66
 1076 11 871.4999999999964 46 16 -66
 1076 9 696.999999999987 49 44 -66
 1076 8 470.49999999998744 34 79 -66
 1076 3 946.2999999999518 39 52 -66
 1076 10 846.1999999999948 8 47 -66
 1076 0 249.79999999997546 83 19 -66
 1076 6 471.39999999996945 25 87 -66
 1076 1 1058.099999999951 54 7 -66
 1076 2 927.099999999951 18 42 -66
 1101 0 227.89999999997553 83 19 -66
 1101 8 450.49999999998766 34 79 -66
 1101 2 879.5999999999499 18 42 -66
 1101 6 456.5999999999696 25 87 -66
 1101 3 919.7999999999506 39 52 -66
 1101 10 815.6999999999937 8 47 -66
 1101 5 453.9999999999572 29 82 -66
 1101 11 863.9999999999952 46 16 -66
 1101 4 678.5999999999499 52 41 -66
 1101 9 679.4999999999859 49 44 -66
 1101 1 1053.59999999995 54 7 -66
 1126 1 1025.0999999999487 54 7 -66
 1126 6 443.0999999999697 25 87 -66
 1126 4 634.7999999999488 52 41 -66
 1126 0 218.6999999999756 83 19 -66
 1126 2 843.0999999999487 18 42 -66
 1126 11 841.4999999999941 46 16 -66
 1126 9 635.3999999999849 49 44 -66
 1126 5 440.9999999999574 29 82 -66
 1126 8 434.29999999998785 34 79 -66
 1126 10 797.1999999999925 8 47 -66
 1126 3 912.7999999999495 39 52 -66
 1151 2 838.5999999999476 18 42 -66
 1151 8 405.39999999998804 34 79 -66
 1151 6 414.0999999999699 25 87 -66
 1151 11 817.499999999993 46 16 -66
 1151 3 899.7999999999483 39 52 -66
 1151 9 611.7999999999838 49 44 -66
 1151 10 764.6999999999914 8 47 -66
 1151 5 416.4999999999576 29 82 -66
 1151 1 996.5999999999476 54 7 -66
 1151 4 611.3999999999478 52 41 -66
 1151 0 196.0999999999757 83 19 -66
 1176 9 577.0999999999829 49 44 -66
 1176 3 873.2999999999472 39 52 -66
 1176 4 576.9999999999468 52 41 -66
 1176 6 391.1999999999701 25 87 -66
 1176 0 172.19999999997577 83 19 -66
 1176 11 843.9999999999918 46 16 -66
 1176 10 730.1999999999903 8 47 -66
 1176 2 840.0999999999465 18 42 -66
 1176 8 394.4999999999882 34 79 -66
 1176 1 987.0999999999465 54 7 -66
 1176 5 393.49999999995777 29 82 -66
 1201 3 865.7999999999461 39 52 -66
 1201 1 974.5999999999453 54 7 -66
 1201 10 689.6999999999891 8 47 -66
 1201 5 393.1999999999579 29 82 -66
 1201 9 545.599999999982 49 44 -66
 1201 2 821.5999999999453 18 42 -66
 1201 11 826.4999999999907 46 16 -66
 1201 4 545.3999999999457 52 41 -66
 1201 0 158.69999999997583 83 19 -66
 1201 6 379.99999999997027 25 87 -66
 1201 8 378.5999999999883 34 79 -66
 1226 3 873.2999999999449 39 52 -66
 1226 4 515.1999999999448 52 41 -66
 1226 10 629.899999999988 8 47 -66
 1226 1 1014.0999999999442 54 7 -66
 1226 8 345.1999999999885 34 79 -66
 1226 0 150.89999999997588 83 19 -66
 1226 9 516.899999999981 49 44 -66
 1226 2 823.0999999999442 18 42 -66
 1226 5 370.1999999999581 29 82 -66
 1226 6 364.79999999997045 25 87 -66
 1226 11 786.4999999999895 46 16 -66
 1251 11 759.9999999999884 46 16 -66
 1251 6 369.8999999999706 25 87 -66
 1251 1 1056.599999999943 54 7 -66
 1251 5 366.09999999995824 29 82 -66
 1251 2 826.5999999999431 18 42 -66
 1251 10 574.499999999987 8 47 -66
 1251 3 897.2999999999438 39 52 -66
 1251 8 325.39999999998867 34 79 -66
 1251 0 119.99999999997591 83 19 -66
 1251 9 504.3999999999803 49 44 -66
 1251 4 507.0999999999442 52 41 -66
 1276 3 933.2999999999427 39 52 -66
 1276 1 1091.099999999942 54 7 -66
 1276 5 354.8999999999584 29 82 -66
 1276 6 359.69999999997077 25 87 -66
 1276 10 503.6999999999861 8 47 -66
 1276 0 97.7999999999759 83 19 -66
 1276 9 503.5999999999806 49 44 -66
 1276 2 821.0999999999419 18 42 -66
 1276 4 503.7999999999445 52 41 -66
 1276 11 728.9999999999873 46 16 -66
 1276 8 301.7999999999888 34 79 -66
 1301 11 698.9999999999861 46 16 -66
 1301 10 464.1999999999863 8 47 -66
 1301 4 489.9999999999447 52 41 -66
 1301 9 493.4999999999808 49 44 -66
 1301 1 1117.0999999999408 54 7 -66
 1301 5 363.3999999999586 29 82 -66
 1301 2 866.5999999999408 18 42 -66
 1301 8 305.39999999998895 34 79 -66
 1301 6 366.9999999999709 25 87 -66
 1301 3 1058.7999999999415 39 52 -66
 1301 0 74.59999999997588 83 19 -66
 1326 5 352.5999999999587 29 82 -66
 1326 10 411.99999999998647 8 47 -66
 1326 1 1126.0999999999397 54 7 -66
 1326 0 59.899999999975876 83 19 -66
 1326 3 1114.2999999999404 39 52 -66
 1326 6 370.5999999999711 25 87 -66
 1326 4 516.5999999999449 52 41 -66
 1326 8 306.39999999998906 34 79 -66
 1326 9 515.799999999981 49 44 -66
 1326 2 903.0999999999397 18 42 -66
 1326 11 658.499999999985 46 16 -66
 1351 2 904.5999999999385 18 42 -66
 1351 4 553.299999999944 52 41 -66
 1351 6 402.99999999997124 25 87 -66
 1351 0 42.19999999997587 83 19 -66
 1351 10 397.79999999998665 8 47 -66
 1351 11 616.1999999999839 46 16 -66
 1351 3 1228.7999999999392 39 52 -66
 1351 1 1122.5999999999385 54 7 -66
 1351 8 299.89999999998923 34 79 -66
 1351 9 550.6999999999802 49 44 -66
 1351 5 346.4999999999588 29 82 -66
 1376 0 14.49999999997587 83 19 -66
 1376 5 316.89999999995894 29 82 -66
 1376 9 571.0999999999791 49 44 -66
 1376 4 570.4999999999432 52 41 -66
 1376 3 1321.799999999938 39 52 -66
 1376 6 404.1999999999714 25 87 -66
 1376 8 296.19999999998936 34 79 -66
 1376 2 903.0999999999374 18 42 -66
 1376 11 577.499999999983 46 16 -66
 1376 10 381.9999999999868 8 47 -66
 1376 1 1097.0999999999374 54 7 -66
 1401 5 317.9999999999591 29 82 -66
 1401 10 350.89999999998696 8 47 -66
 1401 2 978.5999999999362 18 42 -66
 1401 8 275.3999999999895 34 79 -66
 1401 12 1000 37 57 -66
 1401 3 900.299999999937 39 52 -66
 1401 6 437.59999999997154 25 87 -66
 1401 9 566.8999999999781 49 44 -66
 1401 4 563.9999999999422 52 41 -66
 1401 11 564.299999999982 46 16 -66
 1401 1 1089.0999999999362 54 7 -66
 1426 4 547.6999999999414 52 41 -66
 1426 9 543.9999999999771 49 44 -66
 1426 6 415.99999999997175 25 87 -66
 1426 5 301.0999999999592 29 82 -66
 1426 2 1010.0999999999351 18 42 -66
 1426 11 549.3999999999812 46 16 -66
 1426 8 274.8999999999897 34 79 -66
 1426 3 957.7999999999358 39 52 -66
 1426 10 335.7999999999871 8 47 -66
 1426 12 898.9999999999989 37 57 -66
 1426 1 1080.099999999935 54 7 -66
 1451 3 1079.2999999999347 39 52 -66
 1451 1 1089.099999999934 54 7 -66
 1451 9 516.1999999999763 49 44 -66
 1451 2 1029.599999999934 18 42 -66
 1451 4 515.3999999999405 52 41 -66
 1451 12 823.4999999999977 37 57 -66
 1451 11 514.3999999999803 46 16 -66
 1451 5 299.0999999999593 29 82 -66
 1451 6 388.9999999999719 25 87 -66
 1451 8 296.0999999999898 34 79 -66
 1451 10 311.2999999999873 8 47 -66
 1476 8 287.0999999999899 34 79 -66
 1476 11 493.0999999999803 46 16 -66
 1476 10 312.2999999999874 8 47 -66
 1476 6 364.89999999997207 25 87 -66
 1476 2 1058.0999999999328 18 42 -66
 1476 4 494.09999999994056 52 41 -66
 1476 5 301.29999999995937 29 82 -66
 1476 12 808.4999999999966 37 57 -66
 1476 9 491.89999999997633 49 44 -66
 1476 3 1110.2999999999336 39 52 -66
 1476 1 1090.5999999999328 54 7 -66
 1501 6 330.69999999997225 25 87 -66
 1501 3 1126.7999999999324 39 52 -66
 1501 8 275.59999999999 34 79 -66
 1501 10 307.9999999999875 8 47 -66
 1501 2 1123.5999999999317 18 42 -66
 1501 11 477.79999999998046 46 16 -66
 1501 5 283.2999999999595 29 82 -66
 1501 4 475.0999999999408 52 41 -66
 1501 9 477.0999999999765 49 44 -66
 1501 1 1149.5999999999317 54 7 -66
 1501 12 788.4999999999955 37 57 -66
 1526 8 259.59999999999013 34 79 -66
 1526 3 1122.2999999999313 39 52 -66
 1526 2 1150.0999999999306 18 42 -66
 1526 9 451.89999999997667 49 44 -66
 1526 10 278.9999999999876 8 47 -66
 1526 11 468.09999999998064 46 16 -66
 1526 4 452.59999999994096 52 41 -66
 1526 5 300.3999999999596 29 82 -66
 1526 12 761.9999999999943 37 57 -66
 1526 1 1173.0999999999306 54 7 -66
 1526 6 304.9999999999724 25 87 -66
 1551 6 285.89999999997247 25 87 -66
 1551 3 1107.7999999999302 39 52 -66
 1551 9 428.99999999997686 49 44 -66
 1551 12 731.4999999999932 37 57 -66
 1551 10 237.59999999998774 8 47 -66
 1551 11 448.5999999999808 46 16 -66
 1551 5 277.79999999995977 29 82 -66
 1551 8 258.9999999999902 34 79 -66
 1551 1 1215.5999999999294 54 7 -66
 1551 2 1192.5999999999294 18 42 -66
 1551 4 428.4999999999411 52 41 -66
 1576 10 209.99999999998784 8 47 -66
 1576 9 419.79999999997705 49 44 -66
 1576 5 263.39999999995985 29 82 -66
 1576 2 1217.0999999999283 18 42 -66
 1576 6 266.8999999999726 25 87 -66
 1576 3 1092.799999999929 39 52 -66
 1576 4 422.9999999999412 52 41 -66
 1576 12 791.499999999992 37 57 -66
 1576 11 437.99999999998096 46 16 -66
 1576 1 1294.0999999999283 54 7 -66
 1576 8 257.79999999999035 34 79 -66
 1601 9 427.6999999999772 49 44 -66
 1601 3 1056.2999999999279 39 52 -66
 1601 11 453.09999999998115 46 16 -66
 1601 12 809.9999999999909 37 57 -66
 1601 8 254.79999999999046 34 79 -66
 1601 5 260.79999999995994 29 82 -66
 1601 2 1243.5999999999271 18 42 -66
 1601 1 1345.5999999999271 54 7 -66
 1601 10 207.19999999998788 8 47 -66
 1601 6 268.99999999997266 25 87 -66
 1626 8 255.19999999999055 34 79 -66
 1626 5 255.39999999996007 29 82 -66
 1626 3 1036.2999999999267 39 52 -66
 1626 1 1360.599999999926 54 7 -66
 1626 6 266.7999999999727 25 87 -66
 1626 2 1254.099999999926 18 42 -66
 1626 11 450.99999999998136 46 16 -66
 1626 12 823.9999999999898 37 57 -66
 1626 10 195.29999999998796 8 47 -66
 1626 9 416.0999999999774 49 44 -66
 1651 1 1377.0999999999249 54 7 -66
 1651 2 1248.5999999999249 18 42 -66
 1651 9 412.1999999999776 49 44 -66
 1651 12 837.4999999999886 37 57 -66
 1651 3 1023.7999999999256 39 52 -66
 1651 10 171.69999999998805 8 47 -66
 1651 6 262.79999999997284 25 87 -66
 1651 11 463.4999999999815 46 16 -66
 1651 5 249.79999999996016 29 82 -66
 1651 8 250.0999999999907 34 79 -66
 1676 5 239.79999999996028 29 82 -66
 1676 2 1231.0999999999237 18 42 -66
 1676 8 217.79999999999086 34 79 -66
 1676 9 432.5999999999778 49 44 -66
 1676 10 157.1999999999881 8 47 -66
 1676 11 446.89999999998173 46 16 -66
 1676 3 1019.7999999999245 39 52 -66
 1676 6 259.3999999999729 25 87 -66
 1676 12 814.4999999999875 37 57 -66
 1676 1 1387.5999999999237 54 7 -66
 1701 2 1279.5999999999226 18 42 -66
 1701 12 780.9999999999864 37 57 -66
 1701 10 140.79999999998813 8 47 -66
 1701 3 1031.7999999999233 39 52 -66
 1701 6 245.69999999997304 25 87 -66
 1701 1 1365.5999999999226 54 7 -66
 1701 11 455.4999999999819 46 16 -66
 1701 8 197.29999999999097 34 79 -66
 1701 9 450.999999999978 49 44 -66
 1726 8 203.2999999999911 34 79 -66
 1726 1 1359.5999999999215 54 7 -66
 1726 12 716.9999999999852 37 57 -66
 1726 9 459.69999999997816 49 44 -66
 1726 11 473.19999999998214 46 16 -66
 1726 6 235.5999999999732 25 87 -66
 1726 3 1039.7999999999222 39 52 -66
 1726 10 133.99999999998818 8 47 -66
 1726 2 1289.0999999999215 18 42 -66
 1751 1 964.0999999999203 54 7 -66
 1751 11 466.89999999998236 46 16 -66
 1751 6 235.5999999999733 25 87 -66
 1751 10 110.59999999998819 8 47 -66
 1751 8 182.69999999999123 34 79 -66
 1751 3 993.799999999921 39 52 -66
 1751 9 484.3999999999784 49 44 -66
 1751 2 1304.5999999999203 18 42 -66
 1751 13 945.4999999999993 60 13 -66
 1751 12 698.4999999999841 37 57 -66
 1776 1 968.0999999999192 54 7 -66
 1776 2 1301.0999999999192 18 42 -66
 1776 9 485.2999999999785 49 44 -66
 1776 8 202.09999999999133 34 79 -66
 1776 10 76.09999999998817 8 47 -66
 1776 12 696.499999999983 37 57 -66
 1776 3 941.7999999999199 39 52 -66
 1776 11 477.19999999998254 46 16 -66
 1776 13 908.9999999999982 60 13 -66
 1801 12 696.4999999999818 37 57 -66
 1801 2 1296.599999999918 18 42 -66
 1801 1 947.599999999918 54 7 -66
 1801 9 509.49999999997846 49 44 -66
 1801 8 223.59999999999138 34 79 -66
 1801 11 495.39999999998275 46 16 -66
 1801 13 926.499999999997 60 13 -66
 1801 3 871.7999999999188 39 52 -66
 1801 10 49.29999999998816 8 47 -66
 1826 2 1295.099999999917 18 42 -66
 1826 9 529.2999999999782 49 44 -66
 1826 11 521.1999999999823 46 16 -66
 1826 13 934.9999999999959 60 13 -66
 1826 8 250.0999999999915 34 79 -66
 1826 3 835.2999999999176 39 52 -66
 1826 10 22.899999999988154 8 47 -66
 1826 1 974.0999999999169 54 7 -66
 1826 12 697.4999999999807 37 57 -66
 1851 12 710.4999999999795 37 57 -66
 1851 9 589.2999999999773 49 44 -66
 1851 3 891.7999999999165 39 52 -66
 1851 1 999.5999999999158 54 7 -66
 1851 8 276.5999999999916 34 79 -66
 1851 11 526.5999999999815 46 16 -66
 1851 13 927.4999999999948 60 13 -66
 1851 2 1346.5999999999158 18 42 -66
 1876 8 308.5999999999918 34 79 -66
 1876 9 723.2999999999762 49 44 -66
 1876 14 996.3 8 40 -66
 1876 1 989.0999999999146 54 7 -66
 1876 11 519.0999999999806 46 16 -66
 1876 3 913.7999999999154 39 52 -66
 1876 12 697.9999999999784 37 57 -66
 1876 13 937.9999999999936 60 13 -66
 1876 2 901.0999999999146 18 42 -66
 1901 14 912.7999999999988 8 40 -66
 1901 11 495.29999999998057 46 16 -66
 1901 2 934.5999999999135 18 42 -66
 1901 13 962.4999999999925 60 13 -66
 1901 12 725.4999999999773 37 57 -66
 1901 8 359.9999999999919 34 79 -66
 1901 3 987.7999999999142 39 52 -66
 1901 9 785.2999999999751 49 44 -66
 1926 13 970.9999999999914 60 13 -66
 1926 14 858.2999999999977 8 40 -66
 1926 3 1015.7999999999131 39 52 -66
 1926 9 789.2999999999739 49 44 -66
 1926 2 990.0999999999124 18 42 -66
 1926 11 500.99999999998073 46 16 -66
 1926 8 401.1999999999921 34 79 -66
 1926 12 704.4999999999761 37 57 -66
 1951 14 833.7999999999965 8 40 -66
 1951 11 497.69999999998095 46 16 -66
 1951 8 449.49999999999227 34 79 -66
 1951 12 701.499999999975 37 57 -66
 1951 3 990.299999999912 39 52 -66
 1951 9 829.7999999999728 49 44 -66
 1951 13 973.4999999999902 60 13 -66
 1951 2 993.5999999999112 18 42 -66
 1976 8 485.29999999999245 34 79 -66
 1976 12 698.9999999999739 37 57 -66
 1976 9 859.7999999999716 49 44 -66
 1976 2 975.0999999999101 18 42 -66
 1976 11 522.5999999999804 46 16 -66
 1976 13 1015.9999999999891 60 13 -66
 1976 14 814.2999999999954 8 40 -66
 1976 3 1090.7999999999108 39 52 -66
 2001 14 795.7999999999943 8 40 -66
 2001 2 968.599999999909 18 42 -66
 2001 13 1162.499999999988 60 13 -66
 2001 12 696.4999999999727 37 57 -66
 2001 3 988.7999999999097 39 52 -66
 2001 9 856.7999999999705 49 44 -66
 2001 8 562.1999999999919 34 79 -66
 2001 11 552.7999999999795 46 16 -66
 2026 12 696.9999999999716 37 57 -66
 2026 14 760.2999999999931 8 40 -66
 2026 3 933.2999999999086 39 52 -66
 2026 11 562.1999999999784 46 16 -66
 2026 13 1208.9999999999868 60 13 -66
 2026 9 804.7999999999694 49 44 -66
 2051 13 1238.4999999999857 60 13 -66
 2051 9 765.2999999999682 49 44 -66
 2051 14 772.799999999992 8 40 -66
 2051 12 700.4999999999704 37 57 -66
 2051 3 899.7999999999074 39 52 -66
 2051 11 604.1999999999775 46 16 -66
 2076 3 859.7999999999063 39 52 -66
 2076 12 699.4999999999693 37 57 -66
 2076 9 675.2999999999671 49 44 -66
 2076 14 766.2999999999909 8 40 -66
 2076 13 1253.9999999999845 60 13 -66
 2076 11 662.1999999999764 46 16 -66
 2101 13 1294.4999999999834 60 13 -66
 2101 9 673.3999999999661 49 44 -66
 2101 12 755.9999999999682 37 57 -66
 2101 14 741.7999999999897 8 40 -66
 2101 3 835.2999999999051 39 52 -66
 2101 11 678.5999999999754 46 16 -66
 2126 12 766.499999999967 37 57 -66
 2126 13 1320.9999999999823 60 13 -66
 2126 3 830.799999999904 39 52 -66
 2126 9 688.899999999965 49 44 -66
 2126 14 707.2999999999886 8 40 -66
 2126 11 690.0999999999742 46 16 -66
 2151 3 820.2999999999029 39 52 -66
 2151 11 738.0999999999731 46 16 -66
 2151 13 1335.4999999999811 60 13 -66
 2151 9 699.8999999999638 49 44 -66
 2151 12 762.9999999999659 37 57 -66
 2151 14 675.7999999999874 8 40 -66
 2176 12 750.4999999999648 37 57 -66
 2176 14 652.2999999999863 8 40 -66
 2176 11 771.0999999999719 46 16 -66
 2176 13 1354.99999999998 60 13 -66
 2176 9 707.8999999999627 49 44 -66
 2176 3 820.7999999999017 39 52 -66
 2201 14 634.8999999999853 8 40 -66
 2201 3 815.2999999999006 39 52 -66
 2201 13 1382.4999999999789 60 13 -66
 2201 9 711.3999999999616 49 44 -66
 2201 12 735.9999999999636 37 57 -66
 2201 11 782.5999999999708 46 16 -66
 2226 15 948.1999999999994 61 22 -66
 2226 13 916.9999999999777 60 13 -66
 2226 11 796.0999999999697 46 16 -66
 2226 12 762.4999999999625 37 57 -66
 2226 14 621.0999999999842 8 40 -66
 2226 9 729.8999999999604 49 44 -66
 2226 3 825.7999999998995 39 52 -66
 2251 12 747.9999999999613 37 57 -66
 2251 14 640.3999999999833 8 40 -66
 2251 9 750.3999999999593 49 44 -66
 2251 15 925.6999999999982 61 22 -66
 2251 13 921.4999999999766 60 13 -66
 2251 11 916.5999999999685 46 16 -66
 2276 15 918.1999999999971 61 22 -66
 2276 9 792.8999999999581 49 44 -66
 2276 12 713.4999999999602 37 57 -66
 2276 11 944.0999999999674 46 16 -66
 2276 13 949.9999999999754 60 13 -66
 2276 14 648.9999999999823 8 40 -66
 2301 11 954.5999999999663 46 16 -66
 2301 13 953.4999999999743 60 13 -66
 2301 15 899.699999999996 61 22 -66
 2301 12 684.9999999999591 37 57 -66
 2301 14 625.5999999999813 8 40 -66
 2326 11 949.0999999999651 46 16 -66
 2326 15 865.1999999999948 61 22 -66
 2326 13 978.9999999999732 60 13 -66
 2326 14 624.4999999999802 8 40 -66
 2326 12 690.199999999958 37 57 -66
 2351 15 859.6999999999937 61 22 -66
 2351 11 934.599999999964 46 16 -66
 2351 14 639.4999999999793 8 40 -66
 2351 13 999.499999999972 60 13 -66
 2351 12 686.6999999999568 37 57 -66
 2376 14 663.0999999999783 8 40 -66
 2376 11 981.0999999999628 46 16 -66
 2376 13 1033.999999999971 60 13 -66
 2376 12 694.1999999999557 37 57 -66
 2376 15 898.1999999999925 61 22 -66
 2401 13 1083.4999999999698 60 13 -66
 2401 15 971.6999999999914 61 22 -66
 2401 14 796.2999999999772 8 40 -66
 2401 12 715.6999999999546 37 57 -66
 2401 11 987.5999999999617 46 16 -66
 2426 11 990.0999999999606 46 16 -66
 2426 13 1116.9999999999686 60 13 -66
 2426 14 825.7999999999761 8 40 -66
 2426 15 976.1999999999903 61 22 -66
 2426 12 864.1999999999534 37 57 -66
 2451 11 972.5999999999594 46 16 -66
 2451 13 1172.4999999999675 60 13 -66
 2451 12 927.6999999999523 37 57 -66
 2451 15 987.6999999999891 61 22 -66
 2451 14 912.299999999975 8 40 -66
 2476 11 934.0999999999583 46 16 -66
 2476 13 1184.9999999999663 60 13 -66
 2476 14 1029.7999999999738 8 40 -66
 2476 15 974.199999999988 61 22 -66
 2476 12 946.1999999999512 37 57 -66
 2501 13 1221.4999999999652 60 13 -66
 2501 15 942.6999999999869 61 22 -66
 2501 14 1101.2999999999727 8 40 -66
 2501 12 991.69999999995 37 57 -66
 2526 14 1158.7999999999715 8 40 -66
 2526 12 1013.1999999999489 37 57 -66
 2526 13 1359.999999999964 60 13 -66
 2526 15 945.1999999999857 61 22 -66
 2551 12 1080.6999999999477 37 57 -66
 2551 16 944.4999999999993 64 19 -66
 2551 13 925.4999999999629 60 13 -66
 2551 14 1214.2999999999704 8 40 -66
 2551 15 991.6999999999846 61 22 -66
 2576 14 1275.7999999999693 8 40 -66
 2576 13 969.9999999999618 60 13 -66
 2576 12 1136.1999999999466 37 57 -66
 2576 15 1002.1999999999834 61 22 -66
 2576 16 902.9999999999982 64 19 -66
 2601 14 1311.2999999999681 8 40 -66
 2601 13 982.4999999999607 60 13 -66
 2601 16 849.499999999997 64 19 -66
 2601 12 1222.6999999999455 37 57 -66
 2601 15 985.6999999999823 61 22 -66
 2626 15 989.1999999999812 61 22 -66
 2626 16 765.9999999999959 64 19 -66
 2626 12 1279.1999999999443 37 57 -66
 2626 13 996.9999999999595 60 13 -66
 2626 14 1309.799999999967 8 40 -66
 2651 16 697.4999999999948 64 19 -66
 2651 13 999.4999999999584 60 13 -66
 2651 14 1286.2999999999658 8 40 -66
 2651 12 1280.6999999999432 37 57 -66
 2651 15 974.69999999998 61 22 -66
 2676 12 1292.199999999942 37 57 -66
 2676 16 696.4999999999936 64 19 -66
 2676 14 1248.7999999999647 8 40 -66
 2676 13 960.4999999999573 60 13 -66
 2676 15 967.1999999999789 61 22 -66
 2701 16 696.4999999999925 64 19 -66
 2701 15 971.1999999999778 61 22 -66
 2701 14 1217.2999999999636 8 40 -66
 2701 13 903.9999999999561 60 13 -66
 2701 12 1297.699999999941 37 57 -66
 2726 14 1169.7999999999624 8 40 -66
 2726 15 1014.1999999999766 61 22 -66
 2726 13 832.499999999955 60 13 -66
 2726 12 1326.1999999999398 37 57 -66
 2726 16 696.4999999999914 64 19 -66
 2751 15 1039.1999999999755 61 22 -66
 2751 14 1147.2999999999613 8 40 -66
 2751 12 928.6999999999387 37 57 -66
 2751 17 948.1999999999994 45 59 -66
 2751 13 759.9999999999538 60 13 -66
 2751 16 694.4999999999902 64 19 -66
 2776 13 696.4999999999527 60 13 -66
 2776 12 944.1999999999375 37 57 -66
 2776 17 890.6999999999982 45 59 -66
 2776 14 1118.7999999999602 8 40 -66
 2776 15 1034.1999999999744 61 22 -66
 2776 16 696.4999999999891 64 19 -66
 2801 12 926.6999999999364 37 57 -66
 2801 17 867.1999999999971 45 59 -66
 2801 13 696.9999999999516 60 13 -66
 2801 16 696.499999999988 64 19 -66
 2801 14 1125.299999999959 8 40 -66
 2801 15 952.1999999999732 61 22 -66
 2826 17 838.699999999996 45 59 -66
 2826 16 695.9999999999868 64 19 -66
 2826 14 1101.799999999958 8 40 -66
 2826 12 911.1999999999352 37 57 -66
 2826 13 695.9999999999504 60 13 -66
 2826 15 861.1999999999721 61 22 -66
 2851 17 815.1999999999948 45 59 -66
 2851 16 695.9999999999857 64 19 -66
 2851 12 881.6999999999341 37 57 -66
 2851 15 749.1999999999709 61 22 -66
 2851 14 1123.2999999999568 8 40 -66
 2851 13 696.4999999999493 60 13 -66
 2876 13 676.4999999999482 60 13 -66
 2876 16 675.9999999999845 64 19 -66
 2876 17 790.6999999999937 45 59 -66
 2876 12 855.199999999933 37 57 -66
 2876 14 1175.7999999999556 8 40 -66
 2876 15 676.6999999999698 61 22 -66
 2901 13 671.999999999947 60 13 -66
 2901 17 749.1999999999925 45 59 -66
 2901 14 1295.2999999999545 8 40 -66
 2901 12 848.6999999999318 37 57 -66
 2901 15 672.6999999999687 61 22 -66
 2901 16 668.9999999999834 64 19 -66
 2926 16 683.4999999999823 64 19 -66
 2926 15 683.3999999999676 61 22 -66
 2926 14 997.7999999999533 8 40 -66
 2926 17 756.6999999999914 45 59 -66
 2926 13 682.6999999999459 60 13 -66
 2926 18 955.5999999999995 13 47 -66
 2951 13 660.6999999999448 60 13 -66
 2951 18 898.0999999999983 13 47 -66
 2951 14 1055.2999999999522 8 40 -66
 2951 15 660.8999999999664 61 22 -66
 2951 17 779.1999999999903 45 59 -66
 2951 16 660.1999999999812 64 19 -66
 2976 17 794.6999999999891 45 59 -66
 2976 18 896.5999999999972 13 47 -66
 2976 16 646.7999999999802 64 19 -66
 2976 14 1159.799999999951 8 40 -66
 2976 15 646.5999999999653 61 22 -66
 2976 13 647.3999999999437 60 13 -66
 3001 16 624.9999999999793 64 19 -66
 3001 13 624.7999999999427 60 13 -66
 3001 14 1281.29999999995 8 40 -66
 3001 15 624.1999999999643 61 22 -66
 3001 18 856.099999999996 13 47 -66
 3001 17 816.199999999988 45 59 -66
 3026 18 786.5999999999949 13 47 -66
 3026 14 1385.7999999999488 8 40 -66
 3026 13 611.1999999999416 60 13 -66
 3026 15 607.7999999999633 61 22 -66
 3026 17 832.6999999999869 45 59 -66
 3026 16 609.0999999999783 64 19 -66
 3051 18 705.0999999999938 13 47 -66
 3051 15 624.1999999999623 61 22 -66
 3051 16 624.8999999999774 64 19 -66
 3051 19 923.599999999999 15 32 -66
 3051 13 623.4999999999407 60 13 -66
 3051 17 862.1999999999857 45 59 -66
 3051 14 915.2999999999477 8 40 -66
 3076 18 692.0999999999926 13 47 -66
 3076 19 826.0999999999979 15 32 -66
 3076 14 864.2999999999465 8 40 -66
 3076 16 636.9999999999764 64 19 -66
 3076 17 891.6999999999846 45 59 -66
 3076 13 637.7999999999397 60 13 -66
 3076 15 637.5999999999613 61 22 -66
 3101 18 686.2999999999915 13 47 -66
 3101 15 623.8999999999603 61 22 -66
 3101 16 621.8999999999753 64 19 -66
 3101 19 769.5999999999967 15 32 -66
 3101 17 923.1999999999834 45 59 -66
 3101 14 825.7999999999454 8 40 -66
 3101 13 621.6999999999387 60 13 -66
 3126 13 601.2999999999377 60 13 -66
 3126 18 684.9999999999905 13 47 -66
 3126 17 1040.6999999999823 45 59 -66
 3126 16 600.1999999999744 64 19 -66
 3126 19 701.5999999999956 15 32 -66
 3126 15 601.1999999999593 61 22 -66
 3126 14 758.2999999999442 8 40 -66
 3151 14 685.7999999999431 8 40 -66
 3151 18 661.1999999999894 13 47 -66
 3151 15 574.8999999999583 61 22 -66
 3151 17 1114.1999999999812 45 59 -66
 3151 16 574.4999999999734 64 19 -66
 3151 19 666.7999999999945 15 32 -66
 3151 13 574.4999999999368 60 13 -66
 3176 14 625.799999999942 8 40 -66
 3176 18 628.3999999999883 13 47 -66
 3176 13 541.6999999999357 60 13 -66
 3176 17 1136.69999999998 45 59 -66
 3176 15 541.5999999999574 61 22 -66
 3176 19 624.8999999999935 15 32 -66
 3176 16 542.0999999999724 64 19 -66
 3201 19 573.2999999999925 15 32 -66
 3201 15 519.4999999999566 61 22 -66
 3201 14 578.2999999999411 8 40 -66
 3201 18 577.9999999999873 13 47 -66
 3201 16 516.1999999999716 64 19 -66
 3201 17 1164.199999999979 45 59 -66
 3201 13 519.1999999999348 60 13 -66
 3226 15 503.29999999995636 61 22 -66
 3226 18 536.7999999999865 13 47 -66
 3226 19 529.7999999999915 15 32 -66
 3226 14 542.5999999999403 8 40 -66
 3226 13 503.5999999999346 60 13 -66
 3226 17 1178.6999999999778 45 59 -66
 3226 16 503.09999999997143 64 19 -66
 3251 18 495.5999999999861 13 47 -66
 3251 14 498.99999999993986 8 40 -66
 3251 19 485.89999999999134 15 32 -66
 3251 15 508.5999999999563 61 22 -66
 3251 17 1225.1999999999766 45 59 -66
 3251 16 487.5999999999716 64 19 -66
 3276 14 446.89999999994006 8 40 -66
 3276 16 490.7999999999718 64 19 -66
 3276 18 448.0999999999863 13 47 -66
 3276 19 446.29999999999154 15 32 -66
 3276 15 494.39999999995644 61 22 -66
 3276 17 1234.6999999999755 45 59 -66
 3301 19 405.2999999999917 15 32 -66
 3301 17 1265.1999999999744 45 59 -66
 3301 14 417.19999999994025 8 40 -66
 3301 15 493.29999999995664 61 22 -66
 3301 16 487.699999999972 64 19 -66
 3301 18 416.1999999999865 13 47 -66
 3326 17 1332.6999999999732 45 59 -66
 3326 18 381.39999999998673 13 47 -66
 3326 16 506.5999999999722 64 19 -66
 3326 15 504.79999999995687 61 22 -66
 3326 14 369.6999999999404 8 40 -66
 3326 19 371.5999999999919 15 32 -66
 3351 19 344.399999999992 15 32 -66
 3351 16 504.2999999999724 64 19 -66
 3351 17 1342.199999999972 45 59 -66
 3351 14 343.79999999994055 8 40 -66
 3351 15 501.2999999999571 61 22 -66
 3351 18 342.99999999998687 13 47 -66
 3376 17 1353.699999999971 45 59 -66
 3376 16 491.39999999997264 64 19 -66
 3376 15 493.5999999999573 61 22 -66
 3376 14 305.7999999999407 8 40 -66
 3376 19 309.4999999999922 15 32 -66
 3376 18 310.99999999998704 13 47 -66
 3401 18 277.8999999999872 13 47 -66
 3401 19 280.1999999999923 15 32 -66
 3401 16 484.59999999997285 64 19 -66
 3401 17 1361.1999999999698 45 59 -66
 3401 15 482.59999999995745 61 22 -66
 3426 19 270.5999999999924 15 32 -66
 3426 17 1388.6999999999687 45 59 -66
 3426 18 275.8999999999873 13 47 -66
 3426 15 535.1999999999568 61 22 -66
 3426 16 534.7999999999723 64 19 -66
 3451 15 588.4999999999559 61 22 -66
 3451 18 285.2999999999874 13 47 -66
 3451 17 928.1999999999675 45 59 -66
 3451 19 285.6999999999925 15 32 -66
 3451 16 569.1999999999715 64 19 -66
 3451 20 914.899999999999 36 57 -66
 3476 15 586.8999999999548 61 22 -66
 3476 20 830.3999999999978 36 57 -66
 3476 19 292.8999999999926 15 32 -66
 3476 16 586.6999999999706 64 19 -66
 3476 17 995.6999999999664 45 59 -66
 3476 18 292.59999999998746 13 47 -66
 3501 15 589.9999999999538 61 22 -66
 3501 18 357.99999999998755 13 47 -66
 3501 19 338.2999999999927 15 32 -66
 3501 16 590.8999999999697 64 19 -66
 3501 17 1056.1999999999653 45 59 -66
 3501 20 786.8999999999967 36 57 -66
 3526 19 356.5999999999928 15 32 -66
 3526 20 715.3999999999955 36 57 -66
 3526 17 1083.6999999999641 45 59 -66
 3526 15 600.2999999999529 61 22 -66
 3526 18 357.4999999999877 13 47 -66
 3526 16 600.4999999999687 64 19 -66
 3551 17 1090.199999999963 45 59 -66
 3551 15 626.3999999999519 61 22 -66
 3551 18 385.79999999998785 13 47 -66
 3551 20 645.5999999999945 36 57 -66
 3551 16 626.1999999999676 64 19 -66
 3551 19 382.89999999999293 15 32 -66
 3576 20 601.1999999999935 36 57 -66
 3576 15 652.4999999999509 61 22 -66
 3576 16 652.2999999999666 64 19 -66
 3576 18 389.999999999988 13 47 -66
 3576 17 1111.6999999999618 45 59 -66
 3576 19 390.49999999999307 15 32 -66
 3601 18 399.59999999998814 13 47 -66
 3601 19 399.6999999999932 15 32 -66
 3601 17 1106.1999999999607 45 59 -66
 3601 20 567.5999999999926 36 57 -66
 3601 16 688.9999999999656 64 19 -66
 3601 15 689.4999999999498 61 22 -66
 3626 16 702.4999999999644 64 19 -66
 3626 19 423.29999999999336 15 32 -66
 3626 15 722.9999999999486 61 22 -66
 3626 18 422.3999999999883 13 47 -66
 3626 17 1090.6999999999596 45 59 -66
 3626 20 505.59999999999184 36 57 -66
 3651 15 703.9999999999475 61 22 -66
 3651 16 697.4999999999633 64 19 -66
 3651 19 435.9999999999935 15 32 -66
 3651 20 435.59999999999206 36 57 -66
 3651 18 436.59999999998854 13 47 -66
 3651 17 1189.1999999999584 45 59 -66
 3676 18 436.39999999998867 13 47 -66
 3676 19 438.8999999999937 15 32 -66
 3676 15 684.9999999999463 61 22 -66
 3676 16 685.4999999999621 64 19 -66
 3676 17 1212.6999999999573 45 59 -66
 3676 20 401.1999999999922 36 57 -66
 3701 19 437.6999999999939 15 32 -66
 3701 20 362.5999999999924 36 57 -66
 3701 17 1224.1999999999562 45 59 -66
 3701 15 665.3999999999453 61 22 -66
 3701 18 435.9999999999888 13 47 -66
 3701 16 665.8999999999611 64 19 -66
 3726 17 1234.699999999955 45 59 -66
 3726 20 319.49999999999255 36 57 -66
 3726 18 400.09999999998905 13 47 -66
 3726 16 662.79999999996 64 19 -66
 3726 19 400.2999999999941 15 32 -66
 3751 18 379.7999999999892 13 47 -66
 3751 19 380.69999999999425 15 32 -66
 3751 17 1219.199999999954 45 59 -66
 3751 16 641.999999999959 64 19 -66
 3751 20 274.49999999999267 36 57 -66
 3776 20 235.29999999999274 36 57 -66
 3776 19 349.49999999999443 15 32 -66
 3776 16 650.6999999999581 64 19 -66
 3776 18 349.69999999998936 13 47 -66
 3776 17 1225.6999999999528 45 59 -66
 3801 19 317.9999999999946 15 32 -66
 3801 20 202.7999999999928 36 57 -66
 3801 17 1263.1999999999516 45 59 -66
 3801 18 314.5999999999895 13 47 -66
 3801 16 695.199999999957 64 19 -66
 3826 20 166.59999999999286 36 57 -66
 3826 17 1270.6999999999505 45 59 -66
 3826 16 720.6999999999558 64 19 -66
 3826 19 295.5999999999947 15 32 -66
 3826 18 295.39999999998963 13 47 -66
 3851 20 131.7999999999929 36 57 -66
 3851 16 734.1999999999547 64 19 -66
 3851 17 1307.1999999999493 45 59 -66
 3851 18 278.6999999999897 13 47 -66
 3851 19 275.3999999999948 15 32 -66
 3876 16 764.6999999999535 64 19 -66
 3876 17 1350.6999999999482 45 59 -66
 3876 19 265.2999999999949 15 32 -66
 3876 18 265.1999999999898 13 47 -66
 3876 20 93.29999999999289 36 57 -66
 3901 18 239.49999999998994 13 47 -66
 3901 16 799.1999999999524 64 19 -66
 3901 20 60.49999999999288 36 57 -66
 3901 19 242.59999999999502 15 32 -66
 3901 17 1335.199999999947 45 59 -66
 3926 17 1339.699999999946 45 59 -66
 3926 20 36.79999999999288 36 57 -66
 3926 19 224.79999999999512 15 32 -66
 3926 18 224.29999999999006 13 47 -66
 3926 16 813.6999999999513 64 19 -66
 3951 17 1319.1999999999448 45 59 -66
 3951 20 11.799999999992878 36 57 -66
 3951 16 858.1999999999501 64 19 -66
 3951 19 209.99999999999523 15 32 -66
 3951 18 212.49999999999017 13 47 -66
 3976 16 875.699999999949 64 19 -66
 3976 18 235.99999999999022 13 47 -66
 3976 19 235.0999999999953 15 32 -66
 3976 17 1338.6999999999437 45 59 -66
 4001 21 981.4999999999998 41 62 -66
 4001 18 248.5999999999903 13 47 -66
 4001 16 946.1999999999479 64 19 -66
 4001 17 936.1999999999425 45 59 -66
 4001 19 251.69999999999538 15 32 -66
 4026 16 979.6999999999467 64 19 -66
 4026 18 280.2999999999904 13 47 -66
 4026 21 936.9999999999986 41 62 -66
 4026 19 277.9999999999955 15 32 -66
 4026 17 1020.6999999999414 45 59 -66
 4051 17 1051.1999999999402 45 59 -66
 4051 19 275.09999999999565 15 32 -66
 4051 18 275.7999999999905 13 47 -66
 4051 21 966.4999999999975 41 62 -66
 4076 17 1058.699999999939 45 59 -66
 4076 19 273.0999999999958 15 32 -66
 4076 18 273.59999999999064 13 47 -66
 4076 21 953.9999999999964 41 62 -66
 4101 21 910.4999999999952 41 62 -66
 4101 18 266.7999999999908 13 47 -66
 4101 19 263.1999999999959 15 32 -66
 4101 17 1106.199999999938 45 59 -66
 4126 19 295.399999999996 15 32 -66
 4126 21 899.9999999999941 41 62 -66
 4126 17 1100.6999999999368 45 59 -66
 4126 18 298.5999999999909 13 47 -66
 4151 18 350.09999999999104 13 47 -66
 4151 19 349.8999999999961 15 32 -66
 4151 17 1190.1999999999357 45 59 -66
 4151 21 891.499999999993 41 62 -66
 4176 17 1255.6999999999346 45 59 -66
 4176 19 387.6999999999963 15 32 -66
 4176 21 902.9999999999918 41 62 -66
 4176 18 385.5999999999912 13 47 -66
 4201 17 1248.1999999999334 45 59 -66
 4201 21 871.4999999999907 41 62 -66
 4201 19 433.59999999999644 15 32 -66
 4201 18 431.89999999999134 13 47 -66
 4226 21 834.9999999999895 41 62 -66
 4226 17 1262.6999999999323 45 59 -66
 4226 19 448.3999999999966 15 32 -66
 4226 18 452.0999999999915 13 47 -66
 4251 21 780.4999999999884 41 62 -66
 4251 19 440.69999999999686 15 32 -66
 4251 18 443.8999999999917 13 47 -66
 4276 18 428.2999999999918 13 47 -66
 4276 21 733.9999999999873 41 62 -66
 4276 19 429.99999999999704 15 32 -66
 4301 19 401.2999999999972 15 32 -66
 4301 21 707.4999999999861 41 62 -66
 4301 18 401.299999999992 13 47 -66
 4326 19 376.2999999999974 15 32 -66
 4326 21 660.999999999985 41 62 -66
 4326 18 376.29999999999217 13 47 -66
 4351 21 634.899999999984 41 62 -66
 4351 18 346.1999999999923 13 47 -66
 4351 19 343.49999999999756 15 32 -66
 4376 18 320.1999999999925 13 47 -66
 4376 19 320.5999999999977 15 32 -66
 4376 21 616.7999999999829 41 62 -66
 4401 21 633.799999999982 41 62 -66
 4401 19 286.8999999999978 15 32 -66
 4401 18 286.39999999999264 13 47 -66
 4426 19 267.99999999999795 15 32 -66
 4426 21 631.399999999981 41 62 -66
 4451 19 243.5999999999981 15 32 -66
 4451 21 620.8999999999799 41 62 -66
 4476 21 639.1999999999789 41 62 -66
 4476 19 232.99999999999818 15 32 -66
 4501 21 637.0999999999779 41 62 -66
 4501 19 265.6999999999983 15 32 -66
 4526 21 684.2999999999768 41 62 -66
 4526 19 334.9999999999984 15 32 -66
 4551 21 741.7999999999756 41 62 -66
 4576 21 779.2999999999745 41 62 -66
 4601 21 881.7999999999734 41 62 -66
 4626 21 935.2999999999722 41 62 -66
 4651 21 1031.799999999971 41 62 -66
 4676 21 1116.29999999997 41 62 -66
 4701 21 1163.7999999999688 41 62 -66
 4726 21 1175.2999999999677 41 62 -66
 4751 21 1223.7999999999665 41 62 -66
 4776 21 1233.2999999999654 41 62 -66
 4801 21 1228.7999999999643 41 62 -66
 4826 21 1219.2999999999631 41 62 -66
 4851 21 1176.799999999962 41 62 -66
 4876 21 1164.2999999999608 41 62 -66
 4901 21 1162.7999999999597 41 62 -66
 4926 21 1185.2999999999586 41 62 -66
 4951 21 1217.7999999999574 41 62 -66
 4976 21 1220.2999999999563 41 62 -66
 5001 21 1210.7999999999552 41 62 -66
 5026 21 1229.299999999954 41 62 -66
 5051 21 1255.799999999953 41 62 -66
 5076 21 1357.2999999999518 41 62 -66
 5101 21 911.7999999999506 41 62 -66
 5101 22 992.5999999999999 37 60 -66
 5126 22 916.0999999999988 37 60 -66
 5126 21 990.2999999999495 41 62 -66
 5151 21 1105.7999999999483 41 62 -66
 5151 22 890.5999999999976 37 60 -66
 5176 22 891.0999999999965 37 60 -66
 5176 21 1255.2999999999472 41 62 -66
 5201 22 870.5999999999954 37 60 -66
 5201 21 1291.799999999946 41 62 -66
 5226 21 1283.299999999945 41 62 -66
 5226 22 855.0999999999942 37 60 -66
 5251 21 1318.7999999999438 41 62 -66
 5251 22 853.5999999999931 37 60 -66
 5276 21 1361.2999999999427 41 62 -66
 5276 22 848.099999999992 37 60 -66
 5301 22 882.5999999999908 37 60 -66
 5301 21 1369.7999999999415 41 62 -66
 5326 21 1381.2999999999404 41 62 -66
 5326 22 900.0999999999897 37 60 -66
 5351 22 906.5999999999885 37 60 -66
 5351 21 1345.7999999999392 41 62 -66
 5376 21 1323.299999999938 41 62 -66
 5376 22 905.0999999999874 37 60 -66
 5401 22 885.5999999999863 37 60 -66
 5401 21 1308.799999999937 41 62 -66
 5426 22 913.0999999999851 37 60 -66
 5426 21 1316.2999999999358 41 62 -66
 5451 21 1326.7999999999347 41 62 -66
 5451 22 951.599999999984 37 60 -66
 5476 22 1000.0999999999829 37 60 -66
 5476 21 1335.2999999999336 41 62 -66
 5501 22 1024.5999999999817 37 60 -66
 5526 22 1024.0999999999806 37 60 -66
 5551 22 1039.5999999999794 37 60 -66
 5576 22 1032.0999999999783 37 60 -66
 5601 22 1068.5999999999772 37 60 -66
 5626 22 1128.099999999976 37 60 -66
 5651 22 1170.599999999975 37 60 -66
 5676 22 1218.0999999999738 37 60 -66
 5701 22 1281.5999999999726 37 60 -66
 5726 22 1374.0999999999715 37 60 -66
 5751 22 913.5999999999704 37 60 -66
 5751 23 952.8999999999994 37 58 -66
 5776 23 951.3999999999983 37 58 -66
 5776 22 937.0999999999692 37 60 -66
 5801 23 976.8999999999971 37 58 -66
 5801 22 1057.599999999968 37 60 -66
 5826 22 1098.099999999967 37 60 -66
 5826 23 1066.399999999996 37 58 -66
 5851 23 1111.8999999999949 37 58 -66
 5851 22 1113.5999999999658 37 60 -66
 5876 22 1136.0999999999647 37 60 -66
 5876 23 1174.3999999999937 37 58 -66
 5901 22 1124.5999999999635 37 60 -66
 5901 23 1198.8999999999926 37 58 -66
 5926 22 1109.0999999999624 37 60 -66
 5926 23 1230.3999999999915 37 58 -66
 5951 22 1122.5999999999613 37 60 -66
 5951 23 1258.8999999999903 37 58 -66
 5976 23 1338.3999999999892 37 58 -66
 5976 22 1152.0999999999601 37 60 -66
 6001 23 1356.899999999988 37 58 -66
 6001 22 1257.599999999959 37 60 -66
 6026 22 1268.0999999999578 37 60 -66
 6026 23 1374.399999999987 37 58 -66
 6051 22 1282.5999999999567 37 60 -66
 6051 24 966.6999999999996 40 65 -66
 6051 23 928.8999999999858 37 58 -66
 6076 23 968.3999999999846 37 58 -66
 6076 22 1324.0999999999556 37 60 -66
 6076 24 935.1999999999985 40 65 -66
 6101 24 941.6999999999973 40 65 -66
 6101 23 1028.8999999999835 37 58 -66
 6101 22 1312.5999999999544 37 60 -66
 6126 22 1299.0999999999533 37 60 -66
 6126 24 958.1999999999962 40 65 -66
 6126 23 1103.3999999999824 37 58 -66
 6151 24 989.699999999995 40 65 -66
 6151 23 1144.8999999999812 37 58 -66
 6151 22 1294.5999999999522 37 60 -66
 6176 24 987.1999999999939 40 65 -66
 6176 23 1157.39999999998 37 58 -66
 6176 22 1362.099999999951 37 60 -66
 6201 25 985.1999999999998 34 51 -66
 6201 23 1173.899999999979 37 58 -66
 6201 22 905.5999999999499 37 60 -66
 6201 24 974.6999999999928 40 65 -66
 6226 22 924.0999999999487 37 60 -66
 6226 23 1234.3999999999778 37 58 -66
 6226 25 892.6999999999987 34 51 -66
 6226 24 939.1999999999916 40 65 -66
 6251 25 800.1999999999975 34 51 -66
 6251 23 1329.8999999999767 37 58 -66
 6251 22 968.5999999999476 37 60 -66
 6251 24 902.6999999999905 40 65 -66
 6276 22 956.0999999999465 37 60 -66
 6276 24 879.1999999999894 40 65 -66
 6276 25 712.6999999999964 34 51 -66
 6276 23 1343.3999999999755 37 58 -66
 6301 25 696.6999999999953 34 51 -66
 6301 24 887.1999999999882 40 65 -66
 6301 23 1328.3999999999744 37 58 -66
 6301 22 997.0999999999453 37 60 -66
 6326 22 1034.0999999999442 37 60 -66
 6326 24 867.1999999999871 40 65 -66
 6326 23 1284.3999999999733 37 58 -66
 6326 25 696.6999999999941 34 51 -66
 6351 22 1009.5999999999431 37 60 -66
 6351 24 819.699999999986 40 65 -66
 6351 25 696.699999999993 34 51 -66
 6351 23 1215.3999999999721 37 58 -66
 6376 25 696.6999999999919 34 51 -66
 6376 22 978.0999999999419 37 60 -66
 6376 24 787.1999999999848 40 65 -66
 6376 23 1155.399999999971 37 58 -66
 6401 25 696.6999999999907 34 51 -66
 6401 23 1092.8999999999699 37 58 -66
 6401 22 944.0999999999408 37 60 -66
 6401 24 746.6999999999837 40 65 -66
 6426 22 945.5999999999397 37 60 -66
 6426 23 1037.3999999999687 37 58 -66
 6426 25 696.6999999999896 34 51 -66
 6426 24 705.6999999999825 40 65 -66
 6451 24 699.1999999999814 40 65 -66
 6451 25 696.6999999999884 34 51 -66
 6451 23 944.3999999999676 37 58 -66
 6451 22 933.0999999999385 37 60 -66
 6476 22 927.5999999999374 37 60 -66
 6476 23 919.8999999999664 37 58 -66
 6476 25 696.6999999999873 34 51 -66
 6476 24 700.1999999999803 40 65 -66
 6501 24 696.6999999999791 40 65 -66
 6501 25 696.6999999999862 34 51 -66
 6501 22 933.0999999999362 37 60 -66
 6501 23 846.8999999999653 37 58 -66
 6526 22 961.5999999999351 37 60 -66
 6526 24 702.699999999978 40 65 -66
 6526 25 696.699999999985 34 51 -66
 6526 23 784.3999999999642 37 58 -66
 6551 22 928.099999999934 37 60 -66
 6551 24 699.1999999999769 40 65 -66
 6551 23 696.399999999963 37 58 -66
 6551 25 696.6999999999839 34 51 -66
 6576 24 708.1999999999757 40 65 -66
 6576 23 698.3999999999619 37 58 -66
 6576 25 696.6999999999828 34 51 -66
 6576 22 760.0999999999328 37 60 -66
 6601 25 694.6999999999816 34 51 -66
 6601 24 721.1999999999746 40 65 -66
 6601 23 694.8999999999608 37 58 -66
 6626 24 673.6999999999734 40 65 -66
 6626 25 673.1999999999805 34 51 -66
 6626 23 673.0999999999597 37 58 -66
 6651 24 680.5999999999724 40 65 -66
 6651 23 654.6999999999587 37 58 -66
 6651 25 653.6999999999794 34 51 -66
 6676 25 655.0999999999783 34 51 -66
 6676 23 655.1999999999575 37 58 -66
 6676 24 684.9999999999714 40 65 -66
 6701 25 652.7999999999772 34 51 -66
 6701 24 654.1999999999703 40 65 -66
 6701 23 652.5999999999565 37 58 -66
 6726 25 631.8999999999762 34 51 -66
 6726 24 631.8999999999692 40 65 -66
 6726 23 632.7999999999554 37 58 -66
 6751 24 642.4999999999682 40 65 -66
 6751 23 641.8999999999544 37 58 -66
 6751 25 642.3999999999753 34 51 -66
 6776 24 622.1999999999671 40 65 -66
 6776 23 622.3999999999533 37 58 -66
 6776 25 622.4999999999743 34 51 -66
 6801 23 604.3999999999523 37 58 -66
 6801 25 606.7999999999734 34 51 -66
 6801 24 607.5999999999663 40 65 -66
 6826 24 604.3999999999653 40 65 -66
 6826 25 596.8999999999724 34 51 -66
 6826 23 597.5999999999513 37 58 -66
 6851 23 579.8999999999503 37 58 -66
 6851 25 577.8999999999712 34 51 -66
 6851 24 577.0999999999642 40 65 -66
 6876 25 554.4999999999702 34 51 -66
 6876 24 552.4999999999632 40 65 -66
 6876 23 551.3999999999494 37 58 -66
 6901 24 532.2999999999622 40 65 -66
 6901 23 532.9999999999484 37 58 -66
 6901 25 532.0999999999694 34 51 -66
 6926 25 511.8999999999685 34 51 -66
 6926 23 508.89999999994785 37 58 -66
 6926 24 508.8999999999615 40 65 -66
 6951 23 492.99999999994776 37 58 -66
 6951 24 492.1999999999614 40 65 -66
 6951 25 492.49999999996834 34 51 -66
 6976 23 470.699999999948 37 58 -66
 6976 25 467.2999999999685 34 51 -66
 6976 24 468.5999999999616 40 65 -66
 7001 25 481.69999999996867 34 51 -66
 7001 23 484.6999999999482 37 58 -66
 7001 24 488.29999999996176 40 65 -66
 7026 25 483.3999999999689 34 51 -66
 7026 23 484.39999999994836 37 58 -66
 7026 24 484.59999999996194 40 65 -66
 7051 23 475.7999999999486 37 58 -66
 7051 24 482.69999999996213 40 65 -66
 7051 25 479.39999999996905 34 51 -66
 7076 23 459.8999999999488 37 58 -66
 7076 24 457.9999999999623 40 65 -66
 7076 25 457.99999999996925 34 51 -66
 7101 25 430.29999999996943 34 51 -66
 7101 23 433.899999999949 37 58 -66
 7101 24 435.4999999999625 40 65 -66
 7126 23 433.09999999994915 37 58 -66
 7126 24 430.3999999999627 40 65 -66
 7126 25 427.39999999996957 34 51 -66
 7151 23 421.89999999994933 37 58 -66
 7151 24 420.9999999999629 40 65 -66
 7151 25 424.99999999996976 34 51 -66
 7176 25 413.89999999996996 34 51 -66
 7176 24 417.3999999999631 40 65 -66
 7176 23 417.4999999999495 37 58 -66
 7201 24 433.09999999996325 40 65 -66
 7201 25 426.7999999999701 34 51 -66
 7201 23 427.1999999999497 37 58 -66
 7226 23 435.7999999999498 37 58 -66
 7226 25 434.0999999999703 34 51 -66
 7226 24 440.7999999999634 40 65 -66
 7251 24 441.8999999999636 40 65 -66
 7251 25 426.49999999997044 34 51 -66
 7276 24 474.6999999999638 40 65 -66
 7276 25 418.6999999999706 34 51 -66
 7301 25 410.19999999997077 34 51 -66
 7301 24 484.19999999996395 40 65 -66
 7326 25 386.199999999971 34 51 -66
 7326 24 486.29999999996414 40 65 -66
 7351 25 356.99999999997124 34 51 -66
 7351 24 537.799999999964 40 65 -66
 7376 25 343.09999999997143 34 51 -66
 7376 24 596.1999999999632 40 65 -66
 7401 25 352.39999999997156 34 51 -66
 7401 24 594.7999999999622 40 65 -66
 7426 24 564.5999999999613 40 65 -66
 7426 25 360.99999999997175 34 51 -66
 7451 25 360.8999999999719 34 51 -66
 7451 24 523.2999999999604 40 65 -66
 7476 25 372.29999999997204 34 51 -66
 7476 24 503.9999999999599 40 65 -66
 7501 25 375.29999999997216 34 51 -66
 7501 24 477.4999999999601 40 65 -66
 7526 25 364.09999999997234 34 51 -66
 7526 24 449.2999999999603 40 65 -66
 7551 25 401.9999999999725 34 51 -66
 7576 25 424.5999999999726 34 51 -66
 7601 25 419.99999999997283 34 51 -66
 7626 25 436.499999999973 34 51 -66
 7651 25 449.99999999997317 34 51 -66
 7676 25 443.2999999999734 34 51 -66
