 1 4 992.5999999999999 54 61 -66
 1 0 992.5999999999999 90 29 -66
 1 2 992.5999999999999 83 93 -66
 1 1 992.5999999999999 61 49 -66
 1 5 992.5999999999999 18 13 -66
 1 3 992.5999999999999 30 72 -66
 26 0 900.0999999999988 90 29 -66
 26 5 908.0999999999988 18 13 -66
 26 1 900.0999999999988 61 49 -66
 26 4 900.0999999999988 54 61 -66
 26 2 900.0999999999988 83 93 -66
 26 3 900.0999999999988 30 72 -66
 51 0 807.5999999999976 90 29 -66
 51 5 860.5999999999976 18 13 -66
 51 4 883.5999999999976 54 61 -66
 51 3 807.5999999999976 30 72 -66
 51 2 809.5999999999976 83 93 -66
 51 1 847.5999999999976 61 49 -66
 76 4 918.0999999999965 54 61 -66
 76 5 854.0999999999965 18 13 -66
 76 3 715.0999999999965 30 72 -66
 76 1 839.0999999999965 61 49 -66
 76 0 729.0999999999965 90 29 -66
 76 2 823.0999999999965 83 93 -66
 101 0 758.5999999999954 90 29 -66
 101 1 849.5999999999954 61 49 -66
 101 5 858.5999999999954 18 13 -66
 101 4 969.5999999999954 54 61 -66
 101 2 885.5999999999954 83 93 -66
 101 3 658.2999999999954 30 72 -66
 126 3 661.1999999999944 30 72 -66
 126 0 799.0999999999942 90 29 -66
 126 2 949.0999999999942 83 93 -66
 126 1 848.0999999999942 61 49 -66
 126 5 886.0999999999942 18 13 -66
 126 4 1003.0999999999942 54 61 -66
 151 0 845.5999999999931 90 29 -66
 151 1 835.5999999999931 61 49 -66
 151 2 999.5999999999931 83 93 -66
 151 3 739.3999999999933 30 72 -66
 151 4 1037.599999999993 54 61 -66
 151 5 915.5999999999931 18 13 -66
 176 0 885.099999999992 90 29 -66
 176 4 1045.099999999992 54 61 -66
 176 3 800.8999999999921 30 72 -66
 176 1 835.099999999992 61 49 -66
 176 5 937.099999999992 18 13 -66
 176 2 1043.099999999992 83 93 -66
 201 0 954.5999999999908 90 29 -66
 201 4 1065.5999999999908 54 61 -66
 201 3 814.399999999991 30 72 -66
 201 2 1088.5999999999908 83 93 -66
 201 5 953.5999999999908 18 13 -66
 201 1 895.5999999999908 61 49 -66
 226 5 956.0999999999897 18 13 -66
 226 3 831.8999999999899 30 72 -66
 226 4 1091.0999999999897 54 61 -66
 226 2 1226.0999999999897 83 93 -66
 226 0 978.0999999999897 90 29 -66
 226 1 967.0999999999897 61 49 -66
 251 1 1035.5999999999885 61 49 -66
 251 2 1290.5999999999885 83 93 -66
 251 0 991.5999999999885 90 29 -66
 251 4 1131.5999999999885 54 61 -66
 251 5 958.5999999999885 18 13 -66
 251 3 856.3999999999887 30 72 -66
 276 1 1104.0999999999874 61 49 -66
 276 5 973.0999999999874 18 13 -66
 276 3 858.8999999999876 30 72 -66
 276 4 1168.0999999999874 54 61 -66
 276 0 1069.0999999999874 90 29 -66
 276 2 1312.0999999999874 83 93 -66
 301 5 1013.5999999999863 18 13 -66
 301 1 1202.5999999999863 61 49 -66
 301 4 1217.5999999999863 54 61 -66
 301 2 1372.5999999999863 83 93 -66
 301 0 1114.5999999999863 90 29 -66
 301 3 855.3999999999864 30 72 -66
 326 1 1312.0999999999851 61 49 -66
 326 0 1139.0999999999851 90 29 -66
 326 3 841.8999999999853 30 72 -66
 326 4 1268.0999999999851 54 61 -66
 326 6 977.7999999999997 90 0 -66
 326 2 913.0999999999851 83 93 -66
 326 5 1051.0999999999851 18 13 -66
 351 7 977.7999999999997 59 60 -66
 351 2 949.599999999984 83 93 -66
 351 0 1183.599999999984 90 29 -66
 351 1 1371.599999999984 61 49 -66
 351 3 850.3999999999842 30 72 -66
 351 4 936.599999999984 54 61 -66
 351 6 969.2999999999986 90 0 -66
 351 5 1087.599999999984 18 13 -66
 376 8 955.5999999999995 53 55 -66
 376 6 995.7999999999975 90 0 -66
 376 1 914.0999999999829 61 49 -66
 376 2 970.0999999999829 83 93 -66
 376 4 1027.0999999999829 54 61 -66
 376 5 1095.0999999999829 18 13 -66
 376 0 1202.0999999999829 90 29 -66
 376 7 927.2999999999986 59 60 -66
 376 3 895.899999999983 30 72 -66
 401 8 913.0999999999983 53 55 -66
 401 5 1114.5999999999817 18 13 -66
 401 6 991.2999999999963 90 0 -66
 401 7 929.7999999999975 59 60 -66
 401 3 933.3999999999819 30 72 -66
 401 0 1242.5999999999817 90 29 -66
 401 4 1084.5999999999817 54 61 -66
 401 1 943.5999999999817 61 49 -66
 401 2 995.5999999999817 83 93 -66
 426 4 1119.0999999999806 54 61 -66
 426 6 972.7999999999952 90 0 -66
 426 7 955.2999999999963 59 60 -66
 426 0 1258.0999999999806 90 29 -66
 426 2 988.0999999999806 83 93 -66
 426 5 1229.0999999999806 18 13 -66
 426 8 918.5999999999972 53 55 -66
 426 1 974.0999999999806 61 49 -66
 426 3 938.8999999999808 30 72 -66
 451 8 876.099999999996 53 55 -66
 451 4 1174.5999999999794 54 61 -66
 451 2 1025.5999999999794 83 93 -66
 451 6 953.299999999994 90 0 -66
 451 1 973.5999999999794 61 49 -66
 451 5 1306.5999999999794 18 13 -66
 451 0 1264.5999999999794 90 29 -66
 451 3 901.3999999999796 30 72 -66
 451 7 975.7999999999952 59 60 -66
 476 8 824.5999999999949 53 55 -66
 476 1 960.0999999999783 61 49 -66
 476 3 850.8999999999785 30 72 -66
 476 0 1261.0999999999783 90 29 -66
 476 4 1176.0999999999783 54 61 -66
 476 7 977.299999999994 59 60 -66
 476 2 1029.0999999999783 83 93 -66
 476 6 936.7999999999929 90 0 -66
 476 5 1321.0999999999783 18 13 -66
 501 3 819.3999999999774 30 72 -66
 501 0 1280.5999999999772 90 29 -66
 501 5 1336.5999999999772 18 13 -66
 501 2 1123.5999999999772 83 93 -66
 501 4 1192.5999999999772 54 61 -66
 501 7 986.7999999999929 59 60 -66
 501 6 941.2999999999918 90 0 -66
 501 8 780.0999999999938 53 55 -66
 501 1 919.5999999999772 61 49 -66
 526 5 1319.099999999976 18 13 -66
 526 7 993.2999999999918 59 60 -66
 526 0 1289.099999999976 90 29 -66
 526 1 894.099999999976 61 49 -66
 526 2 1159.099999999976 83 93 -66
 526 3 793.8999999999762 30 72 -66
 526 6 959.7999999999906 90 0 -66
 526 8 714.5999999999926 53 55 -66
 526 4 1169.099999999976 54 61 -66
 551 6 954.2999999999895 90 0 -66
 551 3 781.3999999999751 30 72 -66
 551 2 1179.599999999975 83 93 -66
 551 7 976.7999999999906 59 60 -66
 551 8 640.7999999999915 53 55 -66
 551 0 1266.599999999975 90 29 -66
 551 5 1296.599999999975 18 13 -66
 551 4 1172.599999999975 54 61 -66
 551 1 851.5999999999749 61 49 -66
 576 1 798.0999999999738 61 49 -66
 576 8 582.0999999999906 53 55 -66
 576 4 1160.0999999999738 54 61 -66
 576 6 933.7999999999884 90 0 -66
 576 2 1184.0999999999738 83 93 -66
 576 3 738.8999999999739 30 72 -66
 576 5 1289.0999999999738 18 13 -66
 576 0 1249.0999999999738 90 29 -66
 576 7 964.2999999999895 59 60 -66
 601 3 707.3999999999728 30 72 -66
 601 8 529.7999999999897 53 55 -66
 601 4 1137.5999999999726 54 61 -66
 601 7 965.7999999999884 59 60 -66
 601 0 1253.5999999999726 90 29 -66
 601 6 888.2999999999872 90 0 -66
 601 5 1272.5999999999726 18 13 -66
 601 1 749.5999999999726 61 49 -66
 601 2 1182.5999999999726 83 93 -66
 626 8 476.79999999998955 53 55 -66
 626 0 1228.0999999999715 90 29 -66
 626 7 951.2999999999872 59 60 -66
 626 1 707.0999999999715 61 49 -66
 626 4 1124.0999999999715 54 61 -66
 626 5 1262.0999999999715 18 13 -66
 626 3 660.8999999999717 30 72 -66
 626 6 851.7999999999861 90 0 -66
 626 2 1171.0999999999715 83 93 -66
 651 0 1242.5999999999704 90 29 -66
 651 7 949.7999999999861 59 60 -66
 651 2 1243.5999999999704 83 93 -66
 651 3 612.7999999999706 30 72 -66
 651 8 427.89999999998975 53 55 -66
 651 1 658.2999999999704 61 49 -66
 651 6 810.299999999985 90 0 -66
 651 5 1223.5999999999704 18 13 -66
 651 4 1088.5999999999704 54 61 -66
 676 1 620.1999999999694 61 49 -66
 676 2 1298.0999999999692 83 93 -66
 676 5 1196.0999999999692 18 13 -66
 676 4 1097.0999999999692 54 61 -66
 676 7 922.299999999985 59 60 -66
 676 0 1247.0999999999692 90 29 -66
 676 6 792.7999999999838 90 0 -66
 676 3 648.6999999999696 30 72 -66
 676 8 386.0999999999899 53 55 -66
 701 7 910.7999999999838 59 60 -66
 701 2 1306.599999999968 83 93 -66
 701 1 563.0999999999683 61 49 -66
 701 6 776.2999999999827 90 0 -66
 701 8 345.69999999999004 53 55 -66
 701 5 1162.599999999968 18 13 -66
 701 4 1076.599999999968 54 61 -66
 701 0 1323.599999999968 90 29 -66
 701 3 670.5999999999685 30 72 -66
 726 3 673.0999999999674 30 72 -66
 726 0 916.0999999999669 90 29 -66
 726 4 1048.099999999967 54 61 -66
 726 1 529.4999999999675 61 49 -66
 726 2 1366.099999999967 83 93 -66
 726 9 977.7999999999997 90 22 -66
 726 7 904.2999999999827 59 60 -66
 726 8 305.99999999999017 53 55 -66
 726 6 748.7999999999815 90 0 -66
 726 5 1128.099999999967 18 13 -66
 751 4 1004.5999999999658 54 61 -66
 751 6 792.2999999999804 90 0 -66
 751 1 514.5999999999667 61 49 -66
 751 3 666.2999999999663 30 72 -66
 751 8 262.2999999999903 53 55 -66
 751 7 875.7999999999815 59 60 -66
 751 0 969.5999999999658 90 29 -66
 751 5 1114.5999999999658 18 13 -66
 751 2 909.5999999999658 83 93 -66
 751 10 970.3999999999996 79 98 -66
 751 9 936.2999999999986 90 22 -66
 776 3 673.4999999999652 30 72 -66
 776 0 979.0999999999647 90 29 -66
 776 5 1122.0999999999647 18 13 -66
 776 8 230.9999999999904 53 55 -66
 776 4 958.0999999999647 54 61 -66
 776 10 930.8999999999985 79 98 -66
 776 1 504.6999999999665 61 49 -66
 776 6 787.7999999999793 90 0 -66
 776 2 922.0999999999647 83 93 -66
 776 9 999.7999999999975 90 22 -66
 776 7 851.2999999999804 59 60 -66
 801 0 1057.5999999999635 90 29 -66
 801 8 205.49999999999045 53 55 -66
 801 2 907.5999999999635 83 93 -66
 801 4 929.5999999999635 54 61 -66
 801 5 1129.5999999999635 18 13 -66
 801 1 497.4999999999667 61 49 -66
 801 3 657.9999999999641 30 72 -66
 801 9 1027.2999999999963 90 22 -66
 801 7 825.7999999999793 59 60 -66
 801 10 929.3999999999974 79 98 -66
 801 6 760.2999999999781 90 0 -66
 826 7 819.2999999999781 59 60 -66
 826 2 891.0999999999624 83 93 -66
 826 5 1162.0999999999624 18 13 -66
 826 9 1064.7999999999952 90 22 -66
 826 1 493.2999999999669 61 49 -66
 826 6 727.799999999977 90 0 -66
 826 4 894.0999999999624 54 61 -66
 826 3 682.4999999999629 30 72 -66
 826 8 185.6999999999905 53 55 -66
 826 0 1157.0999999999624 90 29 -66
 826 10 902.8999999999962 79 98 -66
 851 8 159.3999999999906 53 55 -66
 851 3 671.6999999999618 30 72 -66
 851 9 1130.299999999994 90 22 -66
 851 6 699.2999999999759 90 0 -66
 851 2 853.5999999999613 83 93 -66
 851 7 806.799999999977 59 60 -66
 851 1 484.5999999999671 61 49 -66
 851 5 1201.5999999999613 18 13 -66
 851 10 861.3999999999951 79 98 -66
 851 0 1233.5999999999613 90 29 -66
 851 4 865.5999999999613 54 61 -66
 876 3 699.8999999999608 30 72 -66
 876 9 1171.299999999993 90 22 -66
 876 1 465.59999999996734 61 49 -66
 876 6 698.2999999999747 90 0 -66
 876 5 1215.0999999999601 18 13 -66
 876 2 851.0999999999601 83 93 -66
 876 8 136.89999999999065 53 55 -66
 876 7 816.2999999999759 59 60 -66
 876 10 828.899999999994 79 98 -66
 876 4 915.0999999999601 54 61 -66
 876 0 1284.0999999999601 90 29 -66
 901 1 457.29999999996755 61 49 -66
 901 6 710.7999999999736 90 0 -66
 901 4 993.599999999959 54 61 -66
 901 9 1190.7999999999918 90 22 -66
 901 2 844.599999999959 83 93 -66
 901 5 1222.599999999959 18 13 -66
 901 10 795.3999999999928 79 98 -66
 901 8 112.99999999999068 53 55 -66
 901 3 735.3999999999596 30 72 -66
 901 7 915.7999999999747 59 60 -66
 901 0 1339.599999999959 90 29 -66
 926 3 749.8999999999585 30 72 -66
 926 8 106.59999999999067 53 55 -66
 926 4 1009.0999999999578 54 61 -66
 926 9 1287.2999999999906 90 22 -66
 926 11 985.1999999999998 82 29 -66
 926 1 466.69999999996776 61 49 -66
 926 7 1050.2999999999736 59 60 -66
 926 2 849.0999999999578 83 93 -66
 926 6 761.2999999999724 90 0 -66
 926 5 1213.0999999999578 18 13 -66
 926 10 776.8999999999917 79 98 -66
 926 0 901.0999999999578 90 29 -66
 951 8 85.09999999999066 53 55 -66
 951 3 719.3999999999573 30 72 -66
 951 5 1264.5999999999567 18 13 -66
 951 2 823.5999999999567 83 93 -66
 951 0 914.5999999999567 90 29 -66
 951 9 1354.7999999999895 90 22 -66
 951 6 797.7999999999713 90 0 -66
 951 1 450.699999999968 61 49 -66
 951 4 999.5999999999567 54 61 -66
 951 10 738.3999999999905 79 98 -66
 951 11 916.6999999999987 82 29 -66
 951 7 1123.7999999999724 59 60 -66
 976 3 706.8999999999562 30 72 -66
 976 6 800.2999999999702 90 0 -66
 976 10 691.3999999999894 79 98 -66
 976 1 446.0999999999682 61 49 -66
 976 2 792.5999999999556 83 93 -66
 976 4 976.0999999999556 54 61 -66
 976 7 1140.2999999999713 59 60 -66
 976 5 1309.0999999999556 18 13 -66
 976 8 59.69999999999065 53 55 -66
 976 9 1385.2999999999884 90 22 -66
 976 11 861.1999999999975 82 29 -66
 976 0 902.0999999999556 90 29 -66
 1001 2 711.0999999999544 83 93 -66
 1001 0 905.5999999999544 90 29 -66
 1001 7 1118.7999999999702 59 60 -66
 1001 4 973.5999999999544 54 61 -66
 1001 5 1336.5999999999544 18 13 -66
 1001 9 912.7999999999872 90 22 -66
 1001 1 428.1999999999684 61 49 -66
 1001 6 775.799999999969 90 0 -66
 1001 10 685.8999999999883 79 98 -66
 1001 8 42.99999999999065 53 55 -66
 1001 3 681.3999999999551 30 72 -66
 1001 11 796.6999999999964 82 29 -66
 1001 12 950.1999999999994 99 20 -66
 1026 1 424.39999999996854 61 49 -66
 1026 12 921.6999999999982 99 20 -66
 1026 3 650.599999999954 30 72 -66
 1026 6 765.2999999999679 90 0 -66
 1026 2 676.0999999999533 83 93 -66
 1026 9 895.7999999999861 90 22 -66
 1026 11 731.1999999999953 82 29 -66
 1026 8 25.99999999999065 53 55 -66
 1026 10 674.3999999999871 79 98 -66
 1026 7 1097.299999999969 59 60 -66
 1026 0 922.0999999999533 90 29 -66
 1026 5 1328.0999999999533 18 13 -66
 1026 4 982.0999999999533 54 61 -66
 1051 3 616.4999999999529 30 72 -66
 1051 9 877.299999999985 90 22 -66
 1051 10 658.599999999986 79 98 -66
 1051 5 1323.5999999999522 18 13 -66
 1051 0 935.5999999999522 90 29 -66
 1051 12 901.1999999999971 99 20 -66
 1051 1 421.9999999999687 61 49 -66
 1051 4 982.5999999999522 54 61 -66
 1051 6 726.2999999999668 90 0 -66
 1051 8 7.999999999990649 53 55 -66
 1051 2 663.0999999999522 83 93 -66
 1051 7 1103.799999999968 59 60 -66
 1051 11 654.3999999999942 82 29 -66
 1076 1 400.19999999996884 61 49 -66
 1076 2 668.099999999951 83 93 -66
 1076 4 969.099999999951 54 61 -66
 1076 5 1304.099999999951 18 13 -66
 1076 7 1118.2999999999668 59 60 -66
 1076 10 671.199999999985 79 98 -66
 1076 3 580.0999999999519 30 72 -66
 1076 12 872.699999999996 99 20 -66
 1076 0 925.099999999951 90 29 -66
 1076 11 575.5999999999931 82 29 -66
 1076 6 704.2999999999656 90 0 -66
 1076 9 844.7999999999838 90 22 -66
 1101 1 387.799999999969 61 49 -66
 1101 7 1115.7999999999656 59 60 -66
 1101 9 805.2999999999827 90 22 -66
 1101 4 961.5999999999499 54 61 -66
 1101 0 899.5999999999499 90 29 -66
 1101 10 661.1999999999839 79 98 -66
 1101 3 547.9999999999509 30 72 -66
 1101 11 524.2999999999922 82 29 -66
 1101 6 705.7999999999645 90 0 -66
 1101 12 868.1999999999948 99 20 -66
 1101 5 1295.59999999995 18 13 -66
 1101 2 664.49999999995 83 93 -66
 1126 6 676.2999999999633 90 0 -66
 1126 3 549.2999999999499 30 72 -66
 1126 11 467.0999999999922 82 29 -66
 1126 5 1289.0999999999487 18 13 -66
 1126 1 371.7999999999691 61 49 -66
 1126 0 887.0999999999487 90 29 -66
 1126 2 654.3999999999489 83 93 -66
 1126 9 760.7999999999815 90 22 -66
 1126 10 653.6999999999828 79 98 -66
 1126 7 1111.2999999999645 59 60 -66
 1126 4 944.0999999999487 54 61 -66
 1126 12 855.6999999999937 99 20 -66
 1151 7 1120.7999999999633 59 60 -66
 1151 11 406.1999999999924 82 29 -66
 1151 6 645.4999999999623 90 0 -66
 1151 12 823.1999999999925 99 20 -66
 1151 10 631.3999999999817 79 98 -66
 1151 1 349.0999999999692 61 49 -66
 1151 3 522.8999999999489 30 72 -66
 1151 4 941.5999999999476 54 61 -66
 1151 9 717.2999999999804 90 22 -66
 1151 0 856.0999999999476 90 29 -66
 1151 5 1272.5999999999476 18 13 -66
 1151 2 631.2999999999479 83 93 -66
 1176 1 327.39999999996934 61 49 -66
 1176 4 934.0999999999465 54 61 -66
 1176 11 348.69999999999254 82 29 -66
 1176 10 624.0999999999806 79 98 -66
 1176 2 624.9999999999468 83 93 -66
 1176 5 1254.0999999999465 18 13 -66
 1176 3 559.5999999999481 30 72 -66
 1176 12 772.6999999999914 99 20 -66
 1176 0 825.5999999999465 90 29 -66
 1176 9 704.2999999999793 90 22 -66
 1176 6 613.8999999999612 90 0 -66
 1176 7 1120.2999999999622 59 60 -66
 1201 0 749.0999999999453 90 29 -66
 1201 4 917.5999999999453 54 61 -66
 1201 3 532.799999999947 30 72 -66
 1201 5 1219.5999999999453 18 13 -66
 1201 7 1127.799999999961 59 60 -66
 1201 12 721.1999999999903 99 20 -66
 1201 9 697.7999999999781 90 22 -66
 1201 10 622.7999999999795 79 98 -66
 1201 6 594.4999999999602 90 0 -66
 1201 11 294.8999999999927 82 29 -66
 1201 2 640.6999999999457 83 93 -66
 1201 1 295.69999999996946 61 49 -66
 1226 1 260.6999999999696 61 49 -66
 1226 9 695.299999999977 90 22 -66
 1226 3 572.7999999999461 30 72 -66
 1226 2 632.2999999999449 83 93 -66
 1226 10 629.5999999999785 79 98 -66
 1226 7 1135.29999999996 59 60 -66
 1226 0 694.5999999999442 90 29 -66
 1226 12 648.6999999999891 99 20 -66
 1226 11 270.8999999999928 82 29 -66
 1226 5 1186.0999999999442 18 13 -66
 1226 6 569.7999999999593 90 0 -66
 1226 4 919.0999999999442 54 61 -66
 1251 11 238.49999999999295 82 29 -66
 1251 0 705.5999999999431 90 29 -66
 1251 7 1144.7999999999588 59 60 -66
 1251 10 614.6999999999775 79 98 -66
 1251 2 688.4999999999438 83 93 -66
 1251 1 229.9999999999697 61 49 -66
 1251 6 543.7999999999583 90 0 -66
 1251 3 603.1999999999452 30 72 -66
 1251 5 1148.599999999943 18 13 -66
 1251 12 581.9999999999882 99 20 -66
 1251 4 926.5999999999431 54 61 -66
 1251 9 699.7999999999759 90 22 -66
 1276 0 695.0999999999419 90 29 -66
 1276 2 644.6999999999427 83 93 -66
 1276 10 627.5999999999765 79 98 -66
 1276 7 1121.2999999999577 59 60 -66
 1276 9 695.7999999999747 90 22 -66
 1276 6 574.5999999999574 90 0 -66
 1276 4 921.0999999999419 54 61 -66
 1276 3 595.4999999999443 30 72 -66
 1276 5 1123.099999999942 18 13 -66
 1276 1 212.49999999996976 61 49 -66
 1276 11 218.29999999999302 82 29 -66
 1276 12 518.2999999999872 99 20 -66
 1301 5 1078.5999999999408 18 13 -66
 1301 1 207.99999999996982 61 49 -66
 1301 4 902.5999999999408 54 61 -66
 1301 9 698.2999999999736 90 22 -66
 1301 6 587.8999999999564 90 0 -66
 1301 10 606.9999999999754 79 98 -66
 1301 0 726.5999999999408 90 29 -66
 1301 2 606.6999999999416 83 93 -66
 1301 11 191.49999999999307 82 29 -66
 1301 3 594.4999999999434 30 72 -66
 1301 7 1116.7999999999565 59 60 -66
 1301 12 462.3999999999873 99 20 -66
 1326 11 152.29999999999313 82 29 -66
 1326 12 404.4999999999875 99 20 -66
 1326 0 684.0999999999397 90 29 -66
 1326 9 684.7999999999724 90 22 -66
 1326 3 611.6999999999423 30 72 -66
 1326 2 578.7999999999406 83 93 -66
 1326 7 1097.2999999999554 59 60 -66
 1326 10 582.5999999999744 79 98 -66
 1326 6 620.6999999999555 90 0 -66
 1326 1 195.19999999996986 61 49 -66
 1326 5 1066.0999999999397 18 13 -66
 1326 4 879.0999999999397 54 61 -66
 1351 5 1044.5999999999385 18 13 -66
 1351 10 565.1999999999734 79 98 -66
 1351 2 565.9999999999397 83 93 -66
 1351 11 114.79999999999318 82 29 -66
 1351 6 628.5999999999544 90 0 -66
 1351 4 852.5999999999385 54 61 -66
 1351 1 164.89999999996996 61 49 -66
 1351 0 661.7999999999386 90 29 -66
 1351 12 366.2999999999877 99 20 -66
 1351 3 631.9999999999413 30 72 -66
 1351 7 1088.7999999999543 59 60 -66
 1351 9 660.9999999999714 90 22 -66
 1376 7 1064.2999999999531 59 60 -66
 1376 0 656.1999999999375 90 29 -66
 1376 2 536.3999999999387 83 93 -66
 1376 4 809.0999999999374 54 61 -66
 1376 5 1049.0999999999374 18 13 -66
 1376 12 347.69999999998777 99 20 -66
 1376 11 86.39999999999317 82 29 -66
 1376 3 622.1999999999402 30 72 -66
 1376 9 655.8999999999703 90 22 -66
 1376 10 530.3999999999726 79 98 -66
 1376 6 630.9999999999534 90 0 -66
 1376 1 149.09999999997 61 49 -66
 1401 1 132.89999999997008 61 49 -66
 1401 12 300.8999999999879 99 20 -66
 1401 6 643.0999999999524 90 0 -66
 1401 5 1088.5999999999362 18 13 -66
 1401 9 642.8999999999694 90 22 -66
 1401 10 495.79999999997233 79 98 -66
 1401 7 1034.799999999952 59 60 -66
 1401 0 643.1999999999364 90 29 -66
 1401 2 498.49999999993815 83 93 -66
 1401 3 665.6999999999391 30 72 -66
 1401 11 55.999999999993165 82 29 -66
 1401 4 809.5999999999362 54 61 -66
 1426 0 635.0999999999353 90 29 -66
 1426 5 1130.099999999935 18 13 -66
 1426 7 1122.2999999999508 59 60 -66
 1426 11 22.89999999999316 82 29 -66
 1426 10 473.69999999997253 79 98 -66
 1426 6 639.8999999999514 90 0 -66
 1426 9 634.2999999999683 90 22 -66
 1426 4 855.0999999999351 54 61 -66
 1426 1 117.79999999997007 61 49 -66
 1426 2 474.1999999999383 83 93 -66
 1426 12 250.49999999998806 99 20 -66
 1426 3 732.899999999938 30 72 -66
 1451 5 1145.599999999934 18 13 -66
 1451 12 214.29999999998813 99 20 -66
 1451 0 655.9999999999343 90 29 -66
 1451 3 747.3999999999369 30 72 -66
 1451 6 658.4999999999504 90 0 -66
 1451 7 1209.7999999999497 59 60 -66
 1451 4 871.599999999934 54 61 -66
 1451 2 472.09999999993846 83 93 -66
 1451 10 459.09999999997274 79 98 -66
 1451 9 655.4999999999673 90 22 -66
 1451 1 100.29999999997005 61 49 -66
 1476 1 100.19999999997005 61 49 -66
 1476 2 464.8999999999386 83 93 -66
 1476 7 1261.2999999999486 59 60 -66
 1476 3 710.8999999999357 30 72 -66
 1476 10 454.69999999997293 79 98 -66
 1476 5 1212.0999999999328 18 13 -66
 1476 0 659.3999999999332 90 29 -66
 1476 12 180.0999999999882 99 20 -66
 1476 4 875.0999999999328 54 61 -66
 1476 9 659.3999999999662 90 22 -66
 1476 6 659.1999999999493 90 0 -66
 1501 5 1306.5999999999317 18 13 -66
 1501 3 671.3999999999346 30 72 -66
 1501 6 657.5999999999483 90 0 -66
 1501 7 1309.7999999999474 59 60 -66
 1501 12 143.89999999998827 99 20 -66
 1501 2 446.89999999993876 83 93 -66
 1501 9 656.5999999999651 90 22 -66
 1501 4 871.5999999999317 54 61 -66
 1501 1 92.69999999997003 61 49 -66
 1501 10 438.5999999999731 79 98 -66
 1501 0 657.2999999999322 90 29 -66
 1526 1 80.89999999997002 61 49 -66
 1526 12 108.09999999998828 99 20 -66
 1526 10 414.79999999997324 79 98 -66
 1526 9 655.4999999999641 90 22 -66
 1526 6 654.7999999999472 90 0 -66
 1526 5 1358.0999999999306 18 13 -66
 1526 3 663.9999999999336 30 72 -66
 1526 7 1347.2999999999463 59 60 -66
 1526 2 416.099999999939 83 93 -66
 1526 0 656.2999999999311 90 29 -66
 1526 4 878.0999999999306 54 61 -66
 1551 5 895.5999999999294 18 13 -66
 1551 13 985.1999999999998 20 3 -66
 1551 6 666.7999999999461 90 0 -66
 1551 9 667.699999999963 90 22 -66
 1551 7 1345.7999999999452 59 60 -66
 1551 1 100.19999999997002 61 49 -66
 1551 4 843.5999999999294 54 61 -66
 1551 0 666.7999999999299 90 29 -66
 1551 2 404.9999999999391 83 93 -66
 1551 10 366.5999999999735 79 98 -66
 1551 3 644.2999999999327 30 72 -66
 1551 12 84.09999999998828 99 20 -66
 1576 0 671.7999999999288 90 29 -66
 1576 13 892.6999999999987 20 3 -66
 1576 6 667.7999999999449 90 0 -66
 1576 1 102.39999999997 61 49 -66
 1576 10 348.39999999997366 79 98 -66
 1576 12 51.999999999988276 99 20 -66
 1576 9 671.3999999999619 90 22 -66
 1576 7 1339.299999999944 59 60 -66
 1576 5 913.0999999999283 18 13 -66
 1576 4 854.0999999999283 54 61 -66
 1576 2 409.2999999999393 83 93 -66
 1576 3 618.2999999999317 30 72 -66
 1601 7 1339.7999999999429 59 60 -66
 1601 6 672.7999999999438 90 0 -66
 1601 0 673.7999999999276 90 29 -66
 1601 5 903.5999999999271 18 13 -66
 1601 1 92.59999999997 61 49 -66
 1601 13 869.1999999999975 20 3 -66
 1601 12 24.299999999988277 99 20 -66
 1601 9 673.9999999999609 90 22 -66
 1601 3 565.4999999999307 30 72 -66
 1601 2 417.19999999993945 83 93 -66
 1601 10 347.09999999997376 79 98 -66
 1626 10 342.2999999999739 79 98 -66
 1626 12 -0.7000000000117232 99 20 -66
 1626 13 839.6999999999964 20 3 -66
 1626 3 525.4999999999297 30 72 -66
 1626 9 683.4999999999598 90 22 -66
 1626 6 683.1999999999427 90 0 -66
 1626 2 375.59999999993966 83 93 -66
 1626 5 873.099999999926 18 13 -66
 1626 7 1350.2999999999417 59 60 -66
 1626 0 683.8999999999266 90 29 -66
 1626 1 89.49999999996999 61 49 -66
 1651 9 678.1999999999587 90 22 -66
 1651 2 362.6999999999398 83 93 -66
 1651 10 329.89999999997406 79 98 -66
 1651 5 862.5999999999249 18 13 -66
 1651 3 510.5999999999296 30 72 -66
 1651 13 796.1999999999953 20 3 -66
 1651 1 84.99999999996997 61 49 -66
 1651 0 678.8999999999255 90 29 -66
 1651 7 1363.7999999999406 59 60 -66
 1651 6 678.8999999999417 90 0 -66
 1676 5 871.0999999999237 18 13 -66
 1676 1 82.29999999996997 61 49 -66
 1676 3 494.6999999999298 30 72 -66
 1676 7 1377.2999999999395 59 60 -66
 1676 13 763.6999999999941 20 3 -66
 1676 2 350.2999999999399 83 93 -66
 1676 0 693.8999999999244 90 29 -66
 1676 9 693.3999999999576 90 22 -66
 1676 10 302.09999999997416 79 98 -66
 1676 6 693.3999999999405 90 0 -66
 1701 5 859.5999999999226 18 13 -66
 1701 10 269.19999999997424 79 98 -66
 1701 7 1397.7999999999383 59 60 -66
 1701 9 693.8999999999564 90 22 -66
 1701 6 693.5999999999394 90 0 -66
 1701 3 478.59999999992993 30 72 -66
 1701 2 349.3999999999401 83 93 -66
 1701 1 71.59999999996997 61 49 -66
 1701 13 726.199999999993 20 3 -66
 1701 0 693.3999999999232 90 29 -66
 1726 0 691.8999999999221 90 29 -66
 1726 10 222.99999999997436 79 98 -66
 1726 14 931.299999999999 64 51 -66
 1726 6 691.7999999999383 90 0 -66
 1726 9 691.8999999999553 90 22 -66
 1726 1 58.899999999969964 61 49 -66
 1726 5 819.0999999999215 18 13 -66
 1726 2 387.99999999994026 83 93 -66
 1726 7 912.2999999999372 59 60 -66
 1726 3 522.6999999999292 30 72 -66
 1726 13 696.6999999999919 20 3 -66
 1751 1 31.799999999969955 61 49 -66
 1751 10 191.79999999997443 79 98 -66
 1751 6 697.7999999999372 90 0 -66
 1751 13 696.6999999999907 20 3 -66
 1751 5 757.0999999999203 18 13 -66
 1751 7 901.7999999999361 59 60 -66
 1751 2 416.6999999999404 83 93 -66
 1751 3 507.09999999992874 30 72 -66
 1751 9 706.0999999999542 90 22 -66
 1751 0 703.399999999921 90 29 -66
 1751 14 900.7999999999979 64 51 -66
 1776 7 886.2999999999349 59 60 -66
 1776 0 752.3999999999198 90 29 -66
 1776 2 544.2999999999399 83 93 -66
 1776 13 689.1999999999896 20 3 -66
 1776 1 6.099999999969956 61 49 -66
 1776 6 701.2999999999361 90 0 -66
 1776 10 151.99999999997453 79 98 -66
 1776 5 688.2999999999192 18 13 -66
 1776 9 753.0999999999531 90 22 -66
 1776 14 864.2999999999968 64 51 -66
 1776 3 528.0999999999281 30 72 -66
 1801 10 113.09999999997457 79 98 -66
 1801 14 824.7999999999956 64 51 -66
 1801 0 829.3999999999187 90 29 -66
 1801 7 854.7999999999338 59 60 -66
 1801 13 659.5999999999885 20 3 -66
 1801 9 802.0999999999519 90 22 -66
 1801 5 658.9999999999181 18 13 -66
 1801 6 706.7999999999349 90 0 -66
 1801 3 520.7999999999272 30 72 -66
 1826 13 623.2999999999874 20 3 -66
 1826 0 944.8999999999176 90 29 -66
 1826 14 768.2999999999945 64 51 -66
 1826 7 833.2999999999327 59 60 -66
 1826 3 516.7999999999263 30 72 -66
 1826 5 622.3999999999171 18 13 -66
 1826 10 90.99999999997456 79 98 -66
 1826 9 847.5999999999508 90 22 -66
 1851 0 971.3999999999164 90 29 -66
 1851 9 877.0999999999497 90 22 -66
 1851 13 589.1999999999864 20 3 -66
 1851 5 591.3999999999162 18 13 -66
 1851 10 63.19999999997455 79 98 -66
 1851 14 705.7999999999934 64 51 -66
 1876 13 563.9999999999854 20 3 -66
 1876 0 1023.8999999999153 90 29 -66
 1876 14 657.2999999999922 64 51 -66
 1876 5 567.5999999999153 18 13 -66
 1876 10 44.799999999974546 79 98 -66
 1876 9 927.5999999999485 90 22 -66
 1901 9 980.0999999999474 90 22 -66
 1901 14 637.4999999999911 64 51 -66
 1901 5 539.8999999999144 18 13 -66
 1901 13 541.6999999999846 20 3 -66
 1901 0 1077.3999999999141 90 29 -66
 1901 10 39.799999999974546 79 98 -66
 1926 0 1098.899999999913 90 29 -66
 1926 13 532.7999999999838 20 3 -66
 1926 14 614.69999999999 64 51 -66
 1926 9 1103.5999999999462 90 22 -66
 1926 5 530.2999999999136 18 13 -66
 1926 10 20.399999999974543 79 98 -66
 1951 13 541.3999999999828 20 3 -66
 1951 5 541.9999999999127 18 13 -66
 1951 0 1155.3999999999119 90 29 -66
 1951 9 1146.099999999945 90 22 -66
 1951 10 6.999999999974545 79 98 -66
 1951 14 678.599999999989 64 51 -66
 1976 5 571.8999999999119 18 13 -66
 1976 9 1220.599999999944 90 22 -66
 1976 14 701.7999999999879 64 51 -66
 1976 13 572.299999999982 20 3 -66
 1976 0 1192.8999999999107 90 29 -66
 2001 13 594.2999999999811 20 3 -66
 2001 14 789.2999999999868 64 51 -66
 2001 9 1291.0999999999428 90 22 -66
 2001 5 594.0999999999108 18 13 -66
 2001 0 1195.3999999999096 90 29 -66
 2026 14 819.7999999999856 64 51 -66
 2026 0 1194.8999999999085 90 29 -66
 2026 9 1299.5999999999417 90 22 -66
 2026 5 628.9999999999097 18 13 -66
 2026 13 629.19999999998 20 3 -66
 2051 9 1352.0999999999406 90 22 -66
 2051 14 860.2999999999845 64 51 -66
 2051 0 1220.3999999999073 90 29 -66
 2051 13 653.599999999979 20 3 -66
 2051 5 654.3999999999087 18 13 -66
 2076 13 658.5999999999779 20 3 -66
 2076 9 944.5999999999394 90 22 -66
 2076 15 974.0999999999997 85 15 -66
 2076 5 658.7999999999076 18 13 -66
 2076 0 1220.8999999999062 90 29 -66
 2076 14 883.7999999999834 64 51 -66
 2101 14 899.2999999999822 64 51 -66
 2101 0 1258.399999999905 90 29 -66
 2101 9 1016.0999999999383 90 22 -66
 2101 15 889.5999999999985 85 15 -66
 2101 13 645.7999999999768 20 3 -66
 2126 14 928.7999999999811 64 51 -66
 2126 13 634.3999999999758 20 3 -66
 2126 0 1363.899999999904 90 29 -66
 2126 9 1045.5999999999372 90 22 -66
 2126 15 805.0999999999974 85 15 -66
 2151 9 1100.099999999936 90 22 -66
 2151 14 930.29999999998 64 51 -66
 2151 15 717.5999999999963 85 15 -66
 2151 13 633.9999999999748 20 3 -66
 2176 9 1073.0999999999349 90 22 -66
 2176 15 691.5999999999951 85 15 -66
 2176 14 975.7999999999788 64 51 -66
 2176 13 648.5999999999738 20 3 -66
 2201 9 1025.5999999999337 90 22 -66
 2201 14 979.2999999999777 64 51 -66
 2201 13 658.4999999999727 20 3 -66
 2201 15 670.4999999999941 85 15 -66
 2226 15 664.399999999993 85 15 -66
 2226 14 1008.7999999999765 64 51 -66
 2226 13 661.9999999999716 20 3 -66
 2251 15 589.6999999999921 85 15 -66
 2251 14 1029.2999999999754 64 51 -66
 2251 13 679.4999999999704 20 3 -66
 2276 13 720.9999999999693 20 3 -66
 2276 14 1145.7999999999743 64 51 -66
 2276 15 540.2999999999911 85 15 -66
 2301 13 777.4999999999682 20 3 -66
 2301 15 519.6999999999903 85 15 -66
 2301 14 1252.2999999999731 64 51 -66
 2326 15 524.0999999999894 85 15 -66
 2326 14 1276.799999999972 64 51 -66
 2326 13 803.999999999967 20 3 -66
 2351 14 1297.2999999999709 64 51 -66
 2351 13 827.4999999999659 20 3 -66
 2351 15 522.0999999999885 85 15 -66
 2376 15 531.7999999999877 85 15 -66
 2376 14 1315.7999999999697 64 51 -66
 2376 13 838.9999999999648 20 3 -66
 2401 14 1346.2999999999686 64 51 -66
 2401 15 541.4999999999868 85 15 -66
 2401 13 852.4999999999636 20 3 -66
 2426 13 849.9999999999625 20 3 -66
 2426 14 1378.7999999999674 64 51 -66
 2426 15 585.4999999999859 85 15 -66
 2451 13 834.4999999999613 20 3 -66
 2451 15 656.6999999999848 85 15 -66
 2451 14 913.2999999999663 64 51 -66
 2451 16 945.4999999999993 59 49 -66
 2476 15 704.8999999999837 85 15 -66
 2476 14 991.7999999999652 64 51 -66
 2476 16 914.9999999999982 59 49 -66
 2476 13 835.9999999999602 20 3 -66
 2501 14 1059.299999999964 64 51 -66
 2501 16 888.499999999997 59 49 -66
 2501 15 804.3999999999826 85 15 -66
 2501 13 876.4999999999591 20 3 -66
 2526 16 857.9999999999959 59 49 -66
 2526 13 1069.999999999958 20 3 -66
 2526 15 850.8999999999814 85 15 -66
 2526 14 1142.799999999963 64 51 -66
 2551 14 1190.2999999999618 64 51 -66
 2551 15 866.3999999999803 85 15 -66
 2551 16 830.4999999999948 59 49 -66
 2551 13 1180.4999999999568 20 3 -66
 2576 14 1195.7999999999606 64 51 -66
 2576 15 887.8999999999792 85 15 -66
 2576 13 1255.9999999999557 20 3 -66
 2576 16 788.9999999999936 59 49 -66
 2601 15 954.399999999978 85 15 -66
 2601 14 1234.2999999999595 64 51 -66
 2601 16 773.4999999999925 59 49 -66
 2601 13 1315.4999999999545 20 3 -66
 2626 13 1354.9999999999534 20 3 -66
 2626 14 1247.7999999999583 64 51 -66
 2626 15 1004.8999999999769 85 15 -66
 2626 16 728.9999999999914 59 49 -66
 2651 15 1043.3999999999758 85 15 -66
 2651 13 1373.4999999999523 20 3 -66
 2651 14 1246.7999999999572 64 51 -66
 2651 16 695.9999999999902 59 49 -66
 2676 13 1387.9999999999511 20 3 -66
 2676 14 1263.799999999956 64 51 -66
 2676 16 681.9999999999891 59 49 -66
 2676 15 1068.8999999999746 85 15 -66
 2701 14 1273.299999999955 64 51 -66
 2701 16 716.199999999988 59 49 -66
 2701 15 1073.3999999999735 85 15 -66
 2701 13 1397.49999999995 20 3 -66
 2726 14 1278.7999999999538 64 51 -66
 2726 16 738.6999999999869 59 49 -66
 2726 15 1065.8999999999724 85 15 -66
 2726 17 926.899999999999 21 94 -66
 2726 13 900.9999999999488 20 3 -66
 2751 15 1085.3999999999712 85 15 -66
 2751 13 903.4999999999477 20 3 -66
 2751 16 715.1999999999857 59 49 -66
 2751 17 905.3999999999978 21 94 -66
 2751 14 1300.2999999999527 64 51 -66
 2776 14 1291.2999999999515 64 51 -66
 2776 13 905.9999999999466 20 3 -66
 2776 17 907.8999999999967 21 94 -66
 2776 16 718.1999999999846 59 49 -66
 2776 15 1078.89999999997 85 15 -66
 2801 14 1320.7999999999504 64 51 -66
 2801 17 916.3999999999955 21 94 -66
 2801 15 1080.399999999969 85 15 -66
 2801 13 918.4999999999454 20 3 -66
 2801 16 734.6999999999834 59 49 -66
 2826 14 1382.2999999999493 64 51 -66
 2826 16 743.1999999999823 59 49 -66
 2826 13 944.9999999999443 20 3 -66
 2826 17 935.8999999999944 21 94 -66
 2826 15 1062.8999999999678 85 15 -66
 2851 13 967.4999999999432 20 3 -66
 2851 14 1385.799999999948 64 51 -66
 2851 17 974.3999999999933 21 94 -66
 2851 15 1060.3999999999667 85 15 -66
 2851 16 709.6999999999812 59 49 -66
 2876 17 1024.8999999999921 21 94 -66
 2876 13 1007.999999999942 20 3 -66
 2876 14 1336.799999999947 64 51 -66
 2876 16 696.69999999998 59 49 -66
 2876 15 1035.8999999999655 85 15 -66
 2901 14 1285.2999999999458 64 51 -66
 2901 17 1040.399999999991 21 94 -66
 2901 13 1033.4999999999409 20 3 -66
 2901 15 1035.3999999999644 85 15 -66
 2901 16 688.1999999999789 59 49 -66
 2926 15 1037.8999999999633 85 15 -66
 2926 14 1223.7999999999447 64 51 -66
 2926 13 1041.9999999999397 20 3 -66
 2926 17 1030.8999999999899 21 94 -66
 2926 16 695.3999999999778 59 49 -66
 2951 14 1180.7999999999436 64 51 -66
 2951 15 1066.3999999999621 85 15 -66
 2951 13 1041.4999999999386 20 3 -66
 2951 17 1028.3999999999887 21 94 -66
 2951 16 697.3999999999767 59 49 -66
 2976 17 991.8999999999876 21 94 -66
 2976 15 1155.899999999961 85 15 -66
 2976 16 691.3999999999755 59 49 -66
 2976 14 1142.7999999999424 64 51 -66
 2976 13 1055.9999999999375 20 3 -66
 3001 15 1240.3999999999598 85 15 -66
 3001 16 703.3999999999744 59 49 -66
 3001 17 963.3999999999864 21 94 -66
 3001 13 1048.4999999999363 20 3 -66
 3001 14 1173.7999999999413 64 51 -66
 3026 13 1104.9999999999352 20 3 -66
 3026 16 699.8999999999733 59 49 -66
 3026 15 1370.8999999999587 85 15 -66
 3026 17 938.8999999999853 21 94 -66
 3026 14 1179.2999999999402 64 51 -66
 3051 14 1234.299999999939 64 51 -66
 3051 16 697.8999999999721 59 49 -66
 3051 15 945.3999999999576 85 15 -66
 3051 18 946.0999999999992 93 15 -66
 3051 17 927.3999999999842 21 94 -66
 3076 14 1243.7999999999379 64 51 -66
 3076 15 992.8999999999564 85 15 -66
 3076 17 937.899999999983 21 94 -66
 3076 18 919.5999999999981 93 15 -66
 3076 16 696.399999999971 59 49 -66
 3101 17 935.3999999999819 21 94 -66
 3101 16 696.3999999999699 59 49 -66
 3101 18 882.099999999997 93 15 -66
 3101 14 1197.7999999999367 64 51 -66
 3101 15 992.3999999999553 85 15 -66
 3126 17 947.8999999999808 21 94 -66
 3126 16 710.3999999999687 59 49 -66
 3126 15 970.8999999999542 85 15 -66
 3126 14 1168.7999999999356 64 51 -66
 3126 18 850.5999999999958 93 15 -66
 3151 16 696.3999999999676 59 49 -66
 3151 15 994.399999999953 85 15 -66
 3151 14 1155.7999999999345 64 51 -66
 3151 18 840.0999999999947 93 15 -66
 3151 17 964.3999999999796 21 94 -66
 3176 14 1133.2999999999333 64 51 -66
 3176 16 687.8999999999664 59 49 -66
 3176 17 983.8999999999785 21 94 -66
 3176 18 847.5999999999935 93 15 -66
 3176 15 1007.8999999999519 85 15 -66
 3201 16 706.3999999999653 59 49 -66
 3201 14 1159.7999999999322 64 51 -66
 3201 18 828.0999999999924 93 15 -66
 3201 17 989.3999999999774 21 94 -66
 3201 15 986.3999999999508 85 15 -66
 3226 17 1031.8999999999762 21 94 -66
 3226 16 681.5999999999642 59 49 -66
 3226 18 777.5999999999913 93 15 -66
 3226 15 976.8999999999496 85 15 -66
 3251 16 755.0999999999631 59 49 -66
 3251 15 958.3999999999485 85 15 -66
 3251 17 1049.399999999975 21 94 -66
 3251 18 743.0999999999901 93 15 -66
 3276 16 817.5999999999619 59 49 -66
 3276 15 938.8999999999473 85 15 -66
 3276 17 1062.899999999974 21 94 -66
 3276 18 700.599999999989 93 15 -66
 3301 15 890.3999999999462 85 15 -66
 3301 17 1096.3999999999728 21 94 -66
 3301 18 657.499999999988 93 15 -66
 3301 16 852.0999999999608 59 49 -66
 3326 16 978.5999999999597 59 49 -66
 3326 17 1152.8999999999717 21 94 -66
 3326 15 851.8999999999451 85 15 -66
 3326 18 618.3999999999869 93 15 -66
 3351 15 818.3999999999439 85 15 -66
 3351 17 1180.3999999999705 21 94 -66
 3351 16 1090.0999999999585 59 49 -66
 3351 18 589.099999999986 93 15 -66
 3376 16 1129.5999999999574 59 49 -66
 3376 18 558.699999999985 93 15 -66
 3376 15 779.8999999999428 85 15 -66
 3376 17 914.8999999999694 21 94 -66
 3376 19 992.5999999999999 18 85 -66
 3401 17 999.3999999999683 21 94 -66
 3401 15 751.3999999999417 85 15 -66
 3401 19 931.0999999999988 18 85 -66
 3401 18 532.7999999999843 93 15 -66
 3401 16 1128.0999999999563 59 49 -66
 3426 17 1038.8999999999671 21 94 -66
 3426 15 712.8999999999405 85 15 -66
 3426 16 1126.5999999999551 59 49 -66
 3426 19 923.5999999999976 18 85 -66
 3426 18 509.69999999998373 93 15 -66
 3451 17 1035.399999999966 21 94 -66
 3451 19 893.0999999999965 18 85 -66
 3451 16 1135.099999999954 59 49 -66
 3451 18 495.1999999999838 93 15 -66
 3451 15 666.3999999999394 85 15 -66
 3476 17 1033.8999999999648 21 94 -66
 3476 16 1117.5999999999528 59 49 -66
 3476 18 470.499999999984 93 15 -66
 3476 15 667.8999999999382 85 15 -66
 3476 19 846.5999999999954 18 85 -66
 3501 19 793.0999999999942 18 85 -66
 3501 16 1130.0999999999517 59 49 -66
 3501 15 691.0999999999372 85 15 -66
 3501 17 1007.3999999999637 21 94 -66
 3501 18 475.5999999999842 93 15 -66
 3526 17 1008.8999999999626 21 94 -66
 3526 19 721.5999999999931 18 85 -66
 3526 15 685.599999999936 85 15 -66
 3526 18 477.89999999998446 93 15 -66
 3526 16 1123.5999999999506 59 49 -66
 3551 19 699.599999999992 18 85 -66
 3551 18 511.3999999999844 93 15 -66
 3551 15 702.0999999999349 85 15 -66
 3551 16 1142.0999999999494 59 49 -66
 3551 17 984.8999999999614 21 94 -66
 3576 18 501.49999999998465 93 15 -66
 3576 19 698.0999999999908 18 85 -66
 3576 17 952.3999999999603 21 94 -66
 3576 16 1142.5999999999483 59 49 -66
 3601 17 955.8999999999592 21 94 -66
 3601 19 698.5999999999897 18 85 -66
 3601 18 528.9999999999843 93 15 -66
 3601 16 1174.0999999999472 59 49 -66
 3626 18 532.3999999999835 93 15 -66
 3626 16 1226.599999999946 59 49 -66
 3626 19 699.5999999999885 18 85 -66
 3626 17 943.899999999958 21 94 -66
 3651 18 548.0999999999826 93 15 -66
 3651 19 697.5999999999874 18 85 -66
 3651 17 911.8999999999569 21 94 -66
 3651 16 1334.0999999999449 59 49 -66
 3676 19 697.5999999999863 18 85 -66
 3676 18 575.4999999999818 93 15 -66
 3676 17 859.8999999999558 21 94 -66
 3676 16 1379.5999999999437 59 49 -66
 3701 20 955.5999999999995 57 48 -66
 3701 19 699.0999999999851 18 85 -66
 3701 16 942.0999999999426 59 49 -66
 3701 18 626.6999999999807 93 15 -66
 3701 17 812.3999999999546 21 94 -66
 3726 16 960.5999999999415 59 49 -66
 3726 17 761.8999999999535 21 94 -66
 3726 20 899.0999999999983 57 48 -66
 3726 19 699.599999999984 18 85 -66
 3726 18 652.8999999999796 93 15 -66
 3751 20 892.5999999999972 57 48 -66
 3751 18 687.0999999999785 93 15 -66
 3751 17 771.8999999999523 21 94 -66
 3751 19 703.5999999999829 18 85 -66
 3751 16 983.0999999999403 59 49 -66
 3776 19 700.0999999999817 18 85 -66
 3776 16 1054.5999999999392 59 49 -66
 3776 18 693.5999999999774 93 15 -66
 3776 17 758.3999999999512 21 94 -66
 3776 20 872.099999999996 57 48 -66
 3801 16 1111.099999999938 59 49 -66
 3801 20 873.5999999999949 57 48 -66
 3801 19 697.0999999999806 18 85 -66
 3801 17 720.3999999999501 21 94 -66
 3801 18 711.0999999999763 93 15 -66
 3826 18 692.5999999999751 93 15 -66
 3826 17 675.8999999999489 21 94 -66
 3826 19 676.5999999999794 18 85 -66
 3826 20 845.0999999999938 57 48 -66
 3826 16 1090.599999999937 59 49 -66
 3851 20 819.5999999999926 57 48 -66
 3851 17 695.3999999999478 21 94 -66
 3851 18 673.799999999974 93 15 -66
 3851 19 696.0999999999783 18 85 -66
 3851 16 1158.0999999999358 59 49 -66
 3876 17 664.8999999999467 21 94 -66
 3876 19 665.5999999999772 18 85 -66
 3876 18 635.2999999999729 93 15 -66
 3876 16 1158.5999999999347 59 49 -66
 3876 20 793.0999999999915 57 48 -66
 3901 16 1195.0999999999335 59 49 -66
 3901 18 604.8999999999719 93 15 -66
 3901 17 733.8999999999455 21 94 -66
 3901 20 827.5999999999904 57 48 -66
 3901 19 698.2999999999761 18 85 -66
 3926 18 573.1999999999709 93 15 -66
 3926 16 1225.5999999999324 59 49 -66
 3926 19 729.799999999975 18 85 -66
 3926 20 838.0999999999892 57 48 -66
 3926 17 736.3999999999444 21 94 -66
 3951 20 824.5999999999881 57 48 -66
 3951 18 528.0999999999699 93 15 -66
 3951 19 749.7999999999738 18 85 -66
 3951 17 698.3999999999432 21 94 -66
 3976 18 533.8999999999692 93 15 -66
 3976 19 683.7999999999727 18 85 -66
 3976 20 803.099999999987 57 48 -66
 3976 17 684.3999999999421 21 94 -66
 4001 18 541.5999999999683 93 15 -66
 4001 17 658.599999999941 21 94 -66
 4001 20 794.5999999999858 57 48 -66
 4001 19 659.2999999999715 18 85 -66
 4026 20 793.0999999999847 57 48 -66
 4026 18 567.4999999999673 93 15 -66
 4026 17 626.49999999994 21 94 -66
 4026 19 626.4999999999704 18 85 -66
 4051 18 666.7999999999663 93 15 -66
 4051 19 604.0999999999694 18 85 -66
 4051 20 790.5999999999835 57 48 -66
 4051 17 607.4999999999391 21 94 -66
 4076 17 581.2999999999381 21 94 -66
 4076 19 581.8999999999685 18 85 -66
 4076 20 793.0999999999824 57 48 -66
 4076 18 746.2999999999652 93 15 -66
 4101 20 809.5999999999813 57 48 -66
 4101 17 559.3999999999371 21 94 -66
 4101 18 822.799999999964 93 15 -66
 4101 19 562.3999999999676 18 85 -66
 4126 17 550.6999999999362 21 94 -66
 4126 19 551.0999999999667 18 85 -66
 4126 18 832.2999999999629 93 15 -66
 4126 20 819.0999999999801 57 48 -66
 4151 17 553.9999999999352 21 94 -66
 4151 19 553.899999999966 18 85 -66
 4151 18 864.7999999999618 93 15 -66
 4151 20 853.599999999979 57 48 -66
 4176 17 543.0999999999344 21 94 -66
 4176 19 543.199999999965 18 85 -66
 4176 18 873.2999999999606 93 15 -66
 4176 20 885.0999999999779 57 48 -66
 4201 18 918.7999999999595 93 15 -66
 4201 19 545.4999999999641 18 85 -66
 4201 17 548.8999999999337 21 94 -66
 4201 20 918.5999999999767 57 48 -66
 4226 20 1003.0999999999756 57 48 -66
 4226 19 522.4999999999632 18 85 -66
 4226 18 982.2999999999583 93 15 -66
 4251 20 1119.5999999999744 57 48 -66
 4251 18 982.7999999999572 93 15 -66
 4251 19 529.5999999999624 18 85 -66
 4276 19 518.8999999999614 18 85 -66
 4276 20 1219.0999999999733 57 48 -66
 4276 18 1023.2999999999561 93 15 -66
 4301 18 1036.799999999955 93 15 -66
 4301 20 1328.5999999999722 57 48 -66
 4301 19 551.1999999999605 18 85 -66
 4326 19 587.1999999999596 18 85 -66
 4326 20 908.099999999971 57 48 -66
 4326 21 996.3 57 41 -66
 4326 18 1074.2999999999538 93 15 -66
 4351 21 918.7999999999988 57 41 -66
 4351 20 974.5999999999699 57 48 -66
 4351 19 633.7999999999586 18 85 -66
 4351 18 1063.7999999999527 93 15 -66
 4376 21 916.2999999999977 57 41 -66
 4376 20 1021.0999999999688 57 48 -66
 4376 19 706.9999999999575 18 85 -66
 4376 18 1051.2999999999515 93 15 -66
 4401 18 1019.7999999999504 93 15 -66
 4401 21 979.7999999999965 57 41 -66
 4401 19 722.4999999999563 18 85 -66
 4401 20 1043.5999999999676 57 48 -66
 4426 20 1147.0999999999665 57 48 -66
 4426 19 749.9999999999552 18 85 -66
 4426 21 1051.2999999999954 57 41 -66
 4426 18 1009.2999999999493 93 15 -66
 4451 20 1191.5999999999653 57 48 -66
 4451 19 835.4999999999541 18 85 -66
 4451 21 1099.7999999999943 57 41 -66
 4451 18 999.7999999999481 93 15 -66
 4476 18 976.299999999947 93 15 -66
 4476 19 938.9999999999529 18 85 -66
 4476 21 1139.2999999999931 57 41 -66
 4476 20 1216.0999999999642 57 48 -66
 4501 20 1217.599999999963 57 48 -66
 4501 19 983.4999999999518 18 85 -66
 4501 21 1168.799999999992 57 41 -66
 4501 18 958.7999999999458 93 15 -66
 4526 21 1226.2999999999909 57 41 -66
 4526 20 1211.099999999962 57 48 -66
 4526 19 1032.9999999999507 18 85 -66
 4526 18 981.2999999999447 93 15 -66
 4551 21 1279.7999999999897 57 41 -66
 4551 19 1074.4999999999495 18 85 -66
 4551 20 1179.5999999999608 57 48 -66
 4576 20 1182.0999999999597 57 48 -66
 4576 21 1330.2999999999886 57 41 -66
 4576 19 1097.9999999999484 18 85 -66
 4601 19 1122.4999999999472 18 85 -66
 4601 21 1379.7999999999874 57 41 -66
 4601 20 1193.5999999999585 57 48 -66
 4626 22 948.1999999999994 62 49 -66
 4626 20 1188.0999999999574 57 48 -66
 4626 21 929.2999999999863 57 41 -66
 4626 19 1164.999999999946 18 85 -66
 4651 22 858.6999999999982 62 49 -66
 4651 20 1179.5999999999563 57 48 -66
 4651 19 1184.499999999945 18 85 -66
 4651 21 955.7999999999852 57 41 -66
 4676 19 1212.9999999999438 18 85 -66
 4676 22 776.1999999999971 62 49 -66
 4676 20 1188.0999999999551 57 48 -66
 4676 21 984.299999999984 57 41 -66
 4701 20 1169.599999999954 57 48 -66
 4701 21 1010.7999999999829 57 41 -66
 4701 22 696.699999999996 62 49 -66
 4701 19 1292.4999999999427 18 85 -66
 4726 19 1373.9999999999416 18 85 -66
 4726 22 688.1999999999948 62 49 -66
 4726 21 998.2999999999818 57 41 -66
 4726 20 1107.0999999999528 57 48 -66
 4751 20 1068.0999999999517 57 48 -66
 4751 22 662.0999999999938 62 49 -66
 4751 19 903.4999999999404 18 85 -66
 4751 21 999.2999999999806 57 41 -66
 4751 23 955.5999999999995 23 81 -66
 4776 23 873.0999999999983 23 81 -66
 4776 22 631.8999999999928 62 49 -66
 4776 21 1070.7999999999795 57 41 -66
 4776 19 944.9999999999393 18 85 -66
 4776 20 1099.0999999999506 57 48 -66
 4801 22 612.4999999999918 62 49 -66
 4801 23 829.5999999999972 23 81 -66
 4801 19 944.4999999999382 18 85 -66
 4801 21 1061.2999999999784 57 41 -66
 4801 20 1079.5999999999494 57 48 -66
 4826 23 781.099999999996 23 81 -66
 4826 22 588.099999999991 62 49 -66
 4826 20 1059.0999999999483 57 48 -66
 4826 21 1124.2999999999772 57 41 -66
 4826 19 977.999999999937 18 85 -66
 4851 23 753.5999999999949 23 81 -66
 4851 20 1124.5999999999472 57 48 -66
 4851 19 1021.4999999999359 18 85 -66
 4851 21 1203.799999999976 57 41 -66
 4851 22 551.7999999999902 62 49 -66
 4876 22 508.2999999999895 62 49 -66
 4876 20 1164.099999999946 57 48 -66
 4876 23 741.0999999999938 23 81 -66
 4876 21 1310.799999999975 57 41 -66
 4901 21 1384.2999999999738 57 41 -66
 4901 23 699.5999999999926 23 81 -66
 4901 22 462.9999999999897 62 49 -66
 4901 20 1167.5999999999449 57 48 -66
 4926 24 992.5999999999999 60 46 -66
 4926 23 673.7999999999915 23 81 -66
 4926 20 1200.5999999999437 57 48 -66
 4926 22 417.5999999999899 62 49 -66
 4926 21 900.7999999999727 57 41 -66
 4951 21 884.2999999999715 57 41 -66
 4951 23 666.2999999999904 23 81 -66
 4951 24 876.0999999999988 60 46 -66
 4951 20 1182.0999999999426 57 48 -66
 4951 22 427.89999999999003 62 49 -66
 4976 20 1151.5999999999415 57 48 -66
 4976 22 423.1999999999902 62 49 -66
 4976 23 662.1999999999894 23 81 -66
 4976 21 884.7999999999704 57 41 -66
 4976 24 780.0999999999976 60 46 -66
 5001 20 1128.5999999999403 57 48 -66
 5001 22 418.3999999999904 62 49 -66
 5001 23 715.6999999999882 23 81 -66
 5001 24 697.5999999999965 60 46 -66
 5001 21 859.2999999999693 57 41 -66
 5026 21 835.7999999999681 57 41 -66
 5026 24 698.0999999999954 60 46 -66
 5026 23 735.1999999999871 23 81 -66
 5026 20 1072.5999999999392 57 48 -66
 5026 22 416.3999999999906 62 49 -66
 5051 22 425.99999999999073 62 49 -66
 5051 24 696.5999999999942 60 46 -66
 5051 23 754.699999999986 23 81 -66
 5051 20 976.5999999999381 57 48 -66
 5051 21 791.799999999967 57 41 -66
 5076 23 753.1999999999848 23 81 -66
 5076 21 740.2999999999658 57 41 -66
 5076 22 419.1999999999909 62 49 -66
 5076 20 854.5999999999369 57 48 -66
 5076 24 695.5999999999931 60 46 -66
 5101 21 711.2999999999647 57 41 -66
 5101 23 797.6999999999837 23 81 -66
 5101 20 763.5999999999358 57 48 -66
 5101 24 698.099999999992 60 46 -66
 5101 22 399.79999999999103 62 49 -66
 5126 24 697.5999999999908 60 46 -66
 5126 22 382.39999999999117 62 49 -66
 5126 20 700.0999999999347 57 48 -66
 5126 21 698.7999999999636 57 41 -66
 5126 23 831.1999999999825 23 81 -66
 5151 24 668.2999999999897 60 46 -66
 5151 22 366.5999999999913 62 49 -66
 5151 23 854.6999999999814 23 81 -66
 5151 21 668.7999999999624 57 41 -66
 5151 20 668.5999999999335 57 48 -66
 5176 20 621.1999999999325 57 48 -66
 5176 23 873.1999999999803 23 81 -66
 5176 24 620.7999999999886 60 46 -66
 5176 21 620.7999999999613 57 41 -66
 5176 22 345.2999999999915 62 49 -66
 5201 22 332.1999999999917 62 49 -66
 5201 24 581.9999999999875 60 46 -66
 5201 23 879.6999999999791 23 81 -66
 5201 21 582.9999999999602 57 41 -66
 5226 21 532.9999999999593 57 41 -66
 5226 23 908.199999999978 23 81 -66
 5226 24 533.4999999999866 60 46 -66
 5226 22 356.2999999999918 62 49 -66
 5251 23 1010.6999999999769 23 81 -66
 5251 21 513.4999999999584 57 41 -66
 5251 24 513.8999999999858 60 46 -66
 5251 22 376.4999999999919 62 49 -66
 5276 21 501.0999999999586 57 41 -66
 5276 23 1054.1999999999757 23 81 -66
 5276 22 377.49999999999216 62 49 -66
 5276 24 497.19999999998595 60 46 -66
 5301 22 424.7999999999923 62 49 -66
 5301 24 489.09999999998615 60 46 -66
 5301 21 492.99999999995816 57 41 -66
 5301 23 1111.6999999999746 23 81 -66
 5326 22 434.69999999999243 62 49 -66
 5326 24 497.69999999998635 60 46 -66
 5326 23 1143.1999999999734 23 81 -66
 5326 21 496.89999999995837 57 41 -66
 5351 23 1188.6999999999723 23 81 -66
 5351 22 424.6999999999926 62 49 -66
 5351 21 504.49999999995845 57 41 -66
 5351 24 507.1999999999866 60 46 -66
 5376 21 516.4999999999584 57 41 -66
 5376 24 513.3999999999868 60 46 -66
 5376 22 441.4999999999928 62 49 -66
 5376 23 1266.1999999999712 23 81 -66
 5401 25 974.0999999999997 20 81 -66
 5401 21 557.7999999999574 57 41 -66
 5401 24 558.3999999999861 60 46 -66
 5401 22 452.399999999993 62 49 -66
 5401 23 927.69999999997 23 81 -66
 5426 24 543.6999999999852 60 46 -66
 5426 21 542.8999999999564 57 41 -66
 5426 23 970.1999999999689 23 81 -66
 5426 25 899.5999999999985 20 81 -66
 5426 22 465.69999999999317 62 49 -66
 5451 23 1002.6999999999678 23 81 -66
 5451 21 526.3999999999555 57 41 -66
 5451 24 526.6999999999842 60 46 -66
 5451 22 472.5999999999934 62 49 -66
 5451 25 866.0999999999974 20 81 -66
 5476 25 872.5999999999963 20 81 -66
 5476 21 497.299999999955 57 41 -66
 5476 23 1054.1999999999666 23 81 -66
 5476 22 466.89999999999355 62 49 -66
 5476 24 498.9999999999838 60 46 -66
 5501 23 1092.6999999999655 23 81 -66
 5501 25 835.0999999999951 20 81 -66
 5501 24 468.69999999998396 60 46 -66
 5501 22 466.3999999999937 62 49 -66
 5501 21 467.8999999999552 57 41 -66
 5526 22 434.7999999999939 62 49 -66
 5526 25 812.599999999994 20 81 -66
 5526 24 433.29999999998415 60 46 -66
 5526 21 437.69999999995537 57 41 -66
 5526 23 1104.1999999999643 23 81 -66
 5551 25 768.0999999999929 20 81 -66
 5551 23 1192.6999999999632 23 81 -66
 5551 24 411.4999999999843 60 46 -66
 5551 22 410.199999999994 62 49 -66
 5551 21 414.7999999999555 57 41 -66
 5576 24 383.0999999999845 60 46 -66
 5576 22 379.79999999999416 62 49 -66
 5576 21 383.89999999995564 57 41 -66
 5576 25 725.5999999999917 20 81 -66
 5576 23 1234.199999999962 23 81 -66
 5601 23 1243.199999999961 23 81 -66
 5601 24 354.19999999998464 60 46 -66
 5601 22 356.4999999999943 62 49 -66
 5601 21 353.6999999999558 57 41 -66
 5601 25 699.5999999999906 20 81 -66
 5626 23 1223.1999999999598 23 81 -66
 5626 25 696.5999999999894 20 81 -66
 5626 24 331.0999999999848 60 46 -66
 5626 22 333.99999999999443 62 49 -66
 5626 21 332.19999999995593 57 41 -66
 5651 23 1174.6999999999587 23 81 -66
 5651 21 314.1999999999561 57 41 -66
 5651 24 311.89999999998497 60 46 -66
 5651 22 314.79999999999455 62 49 -66
 5651 25 697.0999999999883 20 81 -66
 5676 24 308.8999999999851 60 46 -66
 5676 21 306.29999999995624 57 41 -66
 5676 23 1116.6999999999575 23 81 -66
 5676 22 308.5999999999947 62 49 -66
 5676 25 698.0999999999872 20 81 -66
 5701 22 304.69999999999476 62 49 -66
 5701 21 301.59999999995637 57 41 -66
 5701 24 301.99999999998516 60 46 -66
 5701 25 697.599999999986 20 81 -66
 5701 23 1121.1999999999564 23 81 -66
 5726 24 295.4999999999853 60 46 -66
 5726 22 291.89999999999486 62 49 -66
 5726 21 296.39999999995644 57 41 -66
 5726 25 696.5999999999849 20 81 -66
 5726 23 1115.1999999999553 23 81 -66
 5751 22 279.699999999995 62 49 -66
 5751 25 696.5999999999838 20 81 -66
 5751 21 281.59999999995654 57 41 -66
 5751 23 1041.1999999999541 23 81 -66
 5751 24 282.7999999999854 60 46 -66
 5776 24 264.2999999999855 60 46 -66
 5776 22 260.6999999999951 62 49 -66
 5776 21 261.6999999999567 57 41 -66
 5776 23 1039.699999999953 23 81 -66
 5776 25 726.0999999999826 20 81 -66
 5801 22 257.7999999999952 62 49 -66
 5801 23 1061.1999999999518 23 81 -66
 5801 25 713.5999999999815 20 81 -66
 5801 21 256.8999999999568 57 41 -66
 5801 24 259.39999999998565 60 46 -66
 5826 24 261.09999999998576 60 46 -66
 5826 25 710.5999999999804 20 81 -66
 5826 21 260.0999999999569 57 41 -66
 5826 22 260.09999999999525 62 49 -66
 5826 23 1048.1999999999507 23 81 -66
 5851 25 750.0999999999792 20 81 -66
 5851 24 265.3999999999858 60 46 -66
 5851 23 1038.6999999999496 23 81 -66
 5851 22 267.1999999999953 62 49 -66
 5876 25 745.5999999999781 20 81 -66
 5876 24 288.99999999998596 60 46 -66
 5876 23 1049.1999999999484 23 81 -66
 5876 22 286.3999999999955 62 49 -66
 5901 22 292.0999999999956 62 49 -66
 5901 25 791.099999999977 20 81 -66
 5901 23 1168.6999999999473 23 81 -66
 5901 24 294.9999999999861 60 46 -66
 5926 24 292.09999999998615 60 46 -66
 5926 22 288.6999999999957 62 49 -66
 5926 23 1182.1999999999462 23 81 -66
 5926 25 792.5999999999758 20 81 -66
 5951 24 296.29999999998626 60 46 -66
 5951 25 807.0999999999747 20 81 -66
 5951 22 298.8999999999958 62 49 -66
 5951 23 1189.699999999945 23 81 -66
 5976 23 1209.1999999999439 23 81 -66
 5976 22 315.39999999999594 62 49 -66
 5976 24 315.2999999999863 60 46 -66
 5976 25 794.5999999999735 20 81 -66
 6001 22 310.79999999999603 62 49 -66
 6001 24 311.49999999998647 60 46 -66
 6001 25 776.0999999999724 20 81 -66
 6001 23 1215.6999999999427 23 81 -66
 6026 24 300.0999999999866 60 46 -66
 6026 22 299.09999999999616 62 49 -66
 6026 23 1238.1999999999416 23 81 -66
 6026 25 788.5999999999713 20 81 -66
 6051 22 294.19999999999624 62 49 -66
 6051 25 775.0999999999701 20 81 -66
 6051 24 291.39999999998673 60 46 -66
 6051 23 1255.6999999999405 23 81 -66
 6076 23 1369.1999999999393 23 81 -66
 6076 25 720.599999999969 20 81 -66
 6076 24 280.9999999999868 60 46 -66
 6076 22 277.2999999999964 62 49 -66
 6101 25 696.5999999999678 20 81 -66
 6101 24 267.1999999999869 60 46 -66
 6101 22 264.4999999999965 62 49 -66
 6101 23 1369.1999999999382 23 81 -66
 6126 23 1303.199999999937 23 81 -66
 6126 25 696.5999999999667 20 81 -66
 6126 24 231.59999999998706 60 46 -66
 6151 23 1290.199999999936 23 81 -66
 6151 25 697.5999999999656 20 81 -66
 6151 24 219.09999999998712 60 46 -66
 6176 24 201.8999999999872 60 46 -66
 6176 23 1259.1999999999348 23 81 -66
 6176 25 697.5999999999644 20 81 -66
 6201 23 1230.6999999999337 23 81 -66
 6201 25 698.0999999999633 20 81 -66
 6201 24 181.8999999999873 60 46 -66
 6226 25 697.5999999999622 20 81 -66
 6226 23 1213.1999999999325 23 81 -66
 6226 24 186.99999999998738 60 46 -66
 6251 25 692.099999999961 20 81 -66
 6251 24 191.39999999998747 60 46 -66
 6276 25 675.2999999999599 20 81 -66
 6276 24 201.19999999998754 60 46 -66
 6301 25 703.7999999999588 20 81 -66
 6301 24 205.29999999998762 60 46 -66
 6326 24 187.19999999998777 60 46 -66
 6326 25 780.2999999999577 20 81 -66
 6351 24 213.3999999999878 60 46 -66
 6351 25 809.7999999999565 20 81 -66
 6376 25 864.2999999999554 20 81 -66
 6376 24 269.0999999999879 60 46 -66
 6401 25 937.7999999999543 20 81 -66
 6401 24 372.799999999988 60 46 -66
 6426 25 1001.2999999999531 20 81 -66
 6451 25 1048.799999999952 20 81 -66
 6476 25 1066.2999999999508 20 81 -66
 6501 25 1071.7999999999497 20 81 -66
 6526 25 1130.2999999999486 20 81 -66
 6551 25 1218.7999999999474 20 81 -66
 6576 25 1223.2999999999463 20 81 -66
 6601 25 1222.7999999999452 20 81 -66
 6626 25 1215.299999999944 20 81 -66
 6651 25 1185.7999999999429 20 81 -66
 6676 25 1156.2999999999417 20 81 -66
 6701 25 1133.7999999999406 20 81 -66
 6726 25 1137.2999999999395 20 81 -66
 6751 25 1154.7999999999383 20 81 -66
 6776 25 1162.2999999999372 20 81 -66
 6801 25 1211.799999999936 20 81 -66
 6826 25 1269.299999999935 20 81 -66
 6851 25 1393.7999999999338 20 81 -66
 6876 26 930.899999999999 12 71 -66
 6876 25 984.2999999999327 20 81 -66
 6901 26 906.3999999999978 12 71 -66
 6926 26 934.8999999999967 12 71 -66
 6951 26 970.3999999999955 12 71 -66
 6976 26 978.8999999999944 12 71 -66
 7001 26 999.3999999999933 12 71 -66
 7026 26 1007.8999999999921 12 71 -66
 7051 26 1099.399999999991 12 71 -66
 7076 26 1147.8999999999899 12 71 -66
 7101 26 1165.3999999999887 12 71 -66
 7126 26 1175.8999999999876 12 71 -66
 7151 26 1179.3999999999864 12 71 -66
 7176 26 1185.8999999999853 12 71 -66
 7201 26 1191.3999999999842 12 71 -66
 7226 26 1193.899999999983 12 71 -66
 7251 26 1194.399999999982 12 71 -66
 7276 26 1197.8999999999808 12 71 -66
 7301 26 1215.3999999999796 12 71 -66
 7326 26 1224.8999999999785 12 71 -66
 7351 26 1264.3999999999774 12 71 -66
 7376 26 1326.8999999999762 12 71 -66
 7401 26 1361.399999999975 12 71 -66
 7426 27 977.7999999999997 6 72 -66
 7426 26 912.8999999999739 12 71 -66
 7451 26 940.3999999999728 12 71 -66
 7451 27 930.2999999999986 6 72 -66
 7476 26 1052.8999999999717 12 71 -66
 7476 27 912.7999999999975 6 72 -66
 7501 26 1169.3999999999705 12 71 -66
 7501 27 876.2999999999963 6 72 -66
 7526 26 1310.8999999999694 12 71 -66
 7526 27 842.7999999999952 6 72 -66
 7551 27 834.299999999994 6 72 -66
 7551 26 1369.3999999999683 12 71 -66
 7576 26 965.8999999999671 12 71 -66
 7576 27 792.7999999999929 6 72 -66
 7576 28 941.7999999999993 5 73 -66
 7601 27 746.2999999999918 6 72 -66
 7601 26 968.399999999966 12 71 -66
 7601 28 924.2999999999981 5 73 -66
 7626 27 697.7999999999906 6 72 -66
 7626 28 920.299999999997 5 73 -66
 7626 26 933.3999999999648 12 71 -66
 7651 28 923.2999999999959 5 73 -66
 7651 27 682.2999999999895 6 72 -66
 7651 26 875.3999999999637 12 71 -66
 7676 27 668.8999999999885 6 72 -66
 7676 28 901.7999999999947 5 73 -66
 7676 26 809.8999999999626 12 71 -66
 7701 26 735.3999999999614 12 71 -66
 7701 27 654.5999999999874 6 72 -66
 7701 28 868.7999999999936 5 73 -66
 7726 26 663.0999999999603 12 71 -66
 7726 27 656.4999999999864 6 72 -66
 7726 28 809.7999999999925 5 73 -66
 7751 26 625.5999999999592 12 71 -66
 7751 28 735.7999999999913 5 73 -66
 7751 27 637.8999999999853 6 72 -66
 7776 26 608.8999999999583 12 71 -66
 7776 28 778.7999999999902 5 73 -66
 7776 27 602.5999999999842 6 72 -66
 7801 26 604.9999999999573 12 71 -66
 7801 27 588.6999999999832 6 72 -66
 7801 28 763.299999999989 5 73 -66
 7826 26 564.2999999999563 12 71 -66
 7826 28 734.7999999999879 5 73 -66
 7826 27 583.9999999999823 6 72 -66
 7851 26 544.0999999999553 12 71 -66
 7851 27 544.6999999999814 6 72 -66
 7851 28 708.7999999999868 5 73 -66
 7876 28 685.4999999999857 5 73 -66
 7876 26 525.3999999999544 12 71 -66
 7876 27 536.5999999999806 6 72 -66
 7901 27 519.7999999999797 6 72 -66
 7901 26 517.7999999999536 12 71 -66
 7901 28 653.8999999999846 5 73 -66
 7926 26 527.3999999999528 12 71 -66
 7926 28 613.5999999999835 5 73 -66
 7926 27 588.3999999999787 6 72 -66
 7951 27 629.5999999999776 6 72 -66
 7951 26 535.999999999952 12 71 -66
 7951 28 630.0999999999826 5 73 -66
 7976 26 529.5999999999513 12 71 -66
 7976 27 623.9999999999766 6 72 -66
 7976 28 625.3999999999817 5 73 -66
 8001 26 563.2999999999504 12 71 -66
 8001 27 622.8999999999755 6 72 -66
 8001 28 645.2999999999806 5 73 -66
 8026 27 596.6999999999746 6 72 -66
 8026 26 581.2999999999495 12 71 -66
 8026 28 731.9999999999795 5 73 -66
 8051 27 601.0999999999735 6 72 -66
 8051 28 750.9999999999784 5 73 -66
 8051 26 599.9999999999486 12 71 -66
 8076 26 594.0999999999476 12 71 -66
 8076 27 590.9999999999725 6 72 -66
 8076 28 743.9999999999773 5 73 -66
 8101 26 608.1999999999466 12 71 -66
 8101 28 738.9999999999761 5 73 -66
 8101 27 609.2999999999715 6 72 -66
 8126 28 675.499999999975 5 73 -66
 8126 26 600.6999999999457 12 71 -66
 8126 27 636.3999999999705 6 72 -66
 8151 27 635.6999999999696 6 72 -66
 8151 26 579.7999999999447 12 71 -66
 8151 28 636.1999999999739 5 73 -66
 8176 27 624.5999999999688 6 72 -66
 8176 28 627.8999999999728 5 73 -66
 8176 26 546.4999999999438 12 71 -66
 8201 26 509.0999999999429 12 71 -66
 8201 28 605.9999999999718 5 73 -66
 8201 27 607.3999999999678 6 72 -66
 8226 27 592.9999999999668 6 72 -66
 8226 28 594.7999999999709 5 73 -66
 8226 26 466.89999999994313 12 71 -66
 8251 26 431.5999999999433 12 71 -66
 8251 28 572.3999999999699 5 73 -66
 8251 27 572.0999999999658 6 72 -66
 8276 27 562.0999999999649 6 72 -66
 8276 28 564.9999999999688 5 73 -66
 8276 26 399.79999999994345 12 71 -66
 8301 26 371.3999999999436 12 71 -66
 8301 27 584.1999999999639 6 72 -66
 8301 28 586.0999999999678 5 73 -66
 8326 26 352.8999999999437 12 71 -66
 8326 28 574.3999999999669 5 73 -66
 8326 27 574.9999999999629 6 72 -66
 8351 26 340.0999999999438 12 71 -66
 8351 27 581.8999999999619 6 72 -66
 8351 28 582.4999999999659 5 73 -66
 8376 28 584.0999999999649 5 73 -66
 8376 27 584.899999999961 6 72 -66
 8401 28 595.3999999999639 5 73 -66
 8401 27 595.7999999999599 6 72 -66
 8426 28 624.2999999999629 5 73 -66
 8426 27 624.6999999999589 6 72 -66
 8451 28 697.7999999999618 5 73 -66
 8451 27 697.8999999999578 6 72 -66
 8476 28 741.7999999999606 5 73 -66
 8476 27 786.8999999999567 6 72 -66
 8501 28 797.2999999999595 5 73 -66
 8501 27 834.3999999999555 6 72 -66
 8526 27 914.8999999999544 6 72 -66
 8526 28 835.7999999999583 5 73 -66
 8551 27 915.3999999999533 6 72 -66
 8551 28 983.2999999999572 5 73 -66
 8576 28 1090.799999999956 5 73 -66
 8576 27 920.8999999999521 6 72 -66
 8601 27 906.399999999951 6 72 -66
 8601 28 1137.299999999955 5 73 -66
 8626 27 958.8999999999498 6 72 -66
 8626 28 1190.7999999999538 5 73 -66
 8651 27 1001.3999999999487 6 72 -66
 8651 28 1240.2999999999527 5 73 -66
 8676 28 1277.7999999999515 5 73 -66
 8676 27 1023.8999999999476 6 72 -66
 8701 27 1045.3999999999464 6 72 -66
 8701 28 1285.2999999999504 5 73 -66
 8726 27 1041.8999999999453 6 72 -66
 8726 28 1343.7999999999493 5 73 -66
 8751 28 903.2999999999481 5 73 -66
 8751 27 1020.3999999999442 6 72 -66
 8751 29 996.3 12 82 -66
 8776 27 1000.899999999943 6 72 -66
 8776 28 934.799999999947 5 73 -66
 8776 29 903.7999999999988 12 82 -66
 8801 27 1017.3999999999419 6 72 -66
 8801 28 1030.2999999999458 5 73 -66
 8801 29 813.2999999999977 12 82 -66
 8826 28 1130.7999999999447 5 73 -66
 8826 27 1002.8999999999407 6 72 -66
 8826 29 758.7999999999965 12 82 -66
 8851 27 960.3999999999396 6 72 -66
 8851 28 1166.2999999999436 5 73 -66
 8851 29 709.2999999999954 12 82 -66
 8876 29 678.9999999999943 12 82 -66
 8876 27 912.3999999999385 6 72 -66
 8876 28 1178.7999999999424 5 73 -66
 8901 29 635.8999999999933 12 82 -66
 8901 27 862.8999999999373 6 72 -66
 8901 28 1220.2999999999413 5 73 -66
 8926 29 584.9999999999923 12 82 -66
 8926 28 1270.2999999999402 5 73 -66
 8951 29 525.4999999999914 12 82 -66
 8951 28 1305.299999999939 5 73 -66
 8976 29 503.69999999999135 12 82 -66
 8976 28 1327.2999999999379 5 73 -66
 9001 29 486.2999999999916 12 82 -66
 9001 28 1338.7999999999367 5 73 -66
 9026 29 491.1999999999918 12 82 -66
 9026 28 1361.7999999999356 5 73 -66
 9051 30 950.0999999999997 8 82 -66
 9051 29 575.699999999991 12 82 -66
 9051 28 918.7999999999345 5 73 -66
 9076 30 767.0999999999985 8 82 -66
 9076 29 683.0999999999899 12 82 -66
 9101 30 723.0999999999974 8 82 -66
 9101 29 702.0999999999888 12 82 -66
 9126 30 704.5999999999963 8 82 -66
 9126 29 696.5999999999876 12 82 -66
 9151 29 709.0999999999865 12 82 -66
 9151 30 724.0999999999951 8 82 -66
 9176 30 717.599999999994 8 82 -66
 9176 29 708.5999999999854 12 82 -66
 9201 30 707.0999999999929 8 82 -66
 9201 29 700.0999999999842 12 82 -66
 9226 30 692.0999999999917 8 82 -66
 9226 29 693.0999999999831 12 82 -66
 9251 30 670.5999999999906 8 82 -66
 9251 29 670.299999999982 12 82 -66
 9276 29 638.7999999999809 12 82 -66
 9276 30 638.0999999999894 8 82 -66
 9301 29 608.4999999999798 12 82 -66
 9301 30 607.4999999999884 8 82 -66
 9326 30 576.5999999999874 8 82 -66
 9326 29 575.8999999999787 12 82 -66
 9351 29 548.4999999999777 12 82 -66
 9351 30 548.8999999999864 8 82 -66
 9376 30 525.6999999999857 8 82 -66
 9376 29 528.1999999999769 12 82 -66
 9401 30 489.4999999999854 8 82 -66
 9401 29 488.6999999999765 12 82 -66
 9426 30 463.99999999998556 8 82 -66
 9426 29 463.99999999997675 12 82 -66
 9451 30 443.59999999998576 8 82 -66
 9451 29 442.9999999999769 12 82 -66
 9476 30 418.4999999999859 8 82 -66
 9476 29 417.7999999999771 12 82 -66
 9501 29 398.49999999997726 12 82 -66
 9501 30 401.59999999998604 8 82 -66
 9526 29 377.3999999999774 12 82 -66
 9526 30 379.7999999999862 8 82 -66
 9551 30 356.39999999998633 8 82 -66
 9551 29 352.8999999999776 12 82 -66
 9576 29 362.3999999999777 12 82 -66
 9576 30 364.89999999998645 8 82 -66
 9601 29 380.8999999999778 12 82 -66
 9601 30 381.39999999998656 8 82 -66
 9626 29 370.399999999978 12 82 -66
 9626 30 370.5999999999867 8 82 -66
 9651 30 362.0999999999869 8 82 -66
 9651 29 361.9999999999781 12 82 -66
 9676 30 390.3999999999871 8 82 -66
 9676 29 392.79999999997824 12 82 -66
 9701 30 396.19999999998726 8 82 -66
 9701 29 399.89999999997843 12 82 -66
 9726 29 398.89999999997855 12 82 -66
 9726 30 398.99999999998744 8 82 -66
 9751 29 367.99999999997874 12 82 -66
 9751 30 370.4999999999876 8 82 -66
 9776 30 383.59999999998774 8 82 -66
 9776 29 383.79999999997887 12 82 -66
 9801 29 378.199999999979 12 82 -66
 9801 30 378.8999999999879 8 82 -66
 9826 30 371.8999999999881 8 82 -66
 9826 29 373.99999999997914 12 82 -66
 9851 29 363.5999999999793 12 82 -66
 9851 30 359.79999999998824 8 82 -66
 9876 29 350.5999999999794 12 82 -66
 9876 30 350.3999999999884 8 82 -66
 9901 30 333.3999999999885 8 82 -66
 9901 29 330.49999999997954 12 82 -66
 9926 30 302.1999999999886 8 82 -66
 9926 29 302.5999999999797 12 82 -66
 9951 30 282.9999999999888 8 82 -66
 9951 29 286.69999999997975 12 82 -66
 9976 30 263.09999999998894 8 82 -66
 9976 29 262.89999999997985 12 82 -66
 10001 29 233.69999999997998 12 82 -66
 10001 30 239.19999999998907 8 82 -66
