 1 2 992.5999999999999 95 68 -66
 1 0 992.5999999999999 19 48 -66
 1 1 992.5999999999999 17 57 -66
 1 5 992.5999999999999 68 17 -66
 1 3 992.5999999999999 27 58 -66
 1 4 992.5999999999999 74 17 -66
 26 4 900.0999999999988 74 17 -66
 26 0 900.0999999999988 19 48 -66
 26 1 900.0999999999988 17 57 -66
 26 3 900.0999999999988 27 58 -66
 26 5 900.0999999999988 68 17 -66
 26 2 900.0999999999988 95 68 -66
 51 4 807.5999999999976 74 17 -66
 51 5 809.5999999999976 68 17 -66
 51 0 842.5999999999976 19 48 -66
 51 1 807.5999999999976 17 57 -66
 51 3 812.5999999999976 27 58 -66
 51 2 807.5999999999976 95 68 -66
 76 5 803.0999999999965 68 17 -66
 76 0 890.0999999999965 19 48 -66
 76 2 720.0999999999965 95 68 -66
 76 3 756.0999999999965 27 58 -66
 76 4 716.0999999999965 74 17 -66
 76 1 744.0999999999965 17 57 -66
 101 2 732.5999999999954 95 68 -66
 101 5 804.5999999999954 68 17 -66
 101 4 701.5999999999954 74 17 -66
 101 0 1039.5999999999954 19 48 -66
 101 3 776.5999999999954 27 58 -66
 101 1 745.5999999999954 17 57 -66
 126 2 771.0999999999942 95 68 -66
 126 5 819.0999999999942 68 17 -66
 126 0 1124.0999999999942 19 48 -66
 126 4 708.0999999999942 74 17 -66
 126 1 775.0999999999942 17 57 -66
 126 3 804.0999999999942 27 58 -66
 151 0 1215.599999999993 19 48 -66
 151 5 854.5999999999931 68 17 -66
 151 2 717.5999999999931 95 68 -66
 151 3 837.5999999999931 27 58 -66
 151 4 789.5999999999931 74 17 -66
 151 1 786.5999999999931 17 57 -66
 176 1 767.099999999992 17 57 -66
 176 5 887.099999999992 68 17 -66
 176 0 1305.099999999992 19 48 -66
 176 2 782.099999999992 95 68 -66
 176 3 901.099999999992 27 58 -66
 176 4 800.099999999992 74 17 -66
 201 4 796.5999999999908 74 17 -66
 201 5 1000.5999999999908 68 17 -66
 201 6 992.5999999999999 23 46 -66
 201 0 913.5999999999908 19 48 -66
 201 3 948.5999999999908 27 58 -66
 201 1 759.5999999999908 17 57 -66
 201 2 843.5999999999908 95 68 -66
 226 1 739.0999999999897 17 57 -66
 226 3 991.0999999999897 27 58 -66
 226 2 868.0999999999897 95 68 -66
 226 5 1113.0999999999897 68 17 -66
 226 6 967.0999999999988 23 46 -66
 226 0 989.0999999999897 19 48 -66
 226 4 766.0999999999897 74 17 -66
 251 0 1059.5999999999885 19 48 -66
 251 1 736.5999999999885 17 57 -66
 251 6 1063.5999999999976 23 46 -66
 251 3 1038.5999999999885 27 58 -66
 251 4 716.5999999999885 74 17 -66
 251 2 912.5999999999885 95 68 -66
 251 5 1274.5999999999885 68 17 -66
 276 0 1120.0999999999874 19 48 -66
 276 1 808.0999999999874 17 57 -66
 276 6 1130.0999999999965 23 46 -66
 276 3 1059.0999999999874 27 58 -66
 276 4 657.0999999999874 74 17 -66
 276 5 1371.0999999999874 68 17 -66
 276 2 936.0999999999874 95 68 -66
 301 1 831.5999999999863 17 57 -66
 301 5 962.5999999999863 68 17 -66
 301 3 1064.5999999999863 27 58 -66
 301 2 951.5999999999863 95 68 -66
 301 7 934.3999999999992 67 15 -66
 301 0 1148.5999999999863 19 48 -66
 301 4 592.9999999999864 74 17 -66
 301 6 1150.5999999999954 23 46 -66
 326 4 538.2999999999854 74 17 -66
 326 2 969.0999999999851 95 68 -66
 326 7 935.899999999998 67 15 -66
 326 5 1022.0999999999851 68 17 -66
 326 0 1171.0999999999851 19 48 -66
 326 1 836.0999999999851 17 57 -66
 326 3 1045.0999999999851 27 58 -66
 326 6 1131.0999999999942 23 46 -66
 351 2 974.599999999984 95 68 -66
 351 1 826.599999999984 17 57 -66
 351 0 1192.599999999984 19 48 -66
 351 5 1071.599999999984 68 17 -66
 351 3 1045.599999999984 27 58 -66
 351 6 1121.599999999993 23 46 -66
 351 4 483.99999999998505 74 17 -66
 351 7 977.3999999999969 67 15 -66
 376 5 1109.0999999999829 68 17 -66
 376 2 1035.0999999999829 95 68 -66
 376 1 891.0999999999829 17 57 -66
 376 6 1085.099999999992 23 46 -66
 376 4 425.69999999998527 74 17 -66
 376 0 1243.0999999999829 19 48 -66
 376 7 1018.8999999999958 67 15 -66
 376 3 1103.0999999999829 27 58 -66
 401 2 1065.5999999999817 95 68 -66
 401 1 907.5999999999817 17 57 -66
 401 5 1131.5999999999817 68 17 -66
 401 4 375.49999999998545 74 17 -66
 401 6 1059.5999999999908 23 46 -66
 401 7 1064.3999999999946 67 15 -66
 401 0 1279.5999999999817 19 48 -66
 401 3 1162.5999999999817 27 58 -66
 426 2 1092.0999999999806 95 68 -66
 426 5 1142.0999999999806 68 17 -66
 426 6 1016.0999999999897 23 46 -66
 426 7 1100.8999999999935 67 15 -66
 426 3 1196.0999999999806 27 58 -66
 426 0 1287.0999999999806 19 48 -66
 426 4 336.0999999999856 74 17 -66
 426 1 905.0999999999806 17 57 -66
 451 4 313.6999999999857 74 17 -66
 451 5 1194.5999999999794 68 17 -66
 451 0 1282.5999999999794 19 48 -66
 451 2 1090.5999999999794 95 68 -66
 451 7 1126.3999999999924 67 15 -66
 451 6 992.5999999999885 23 46 -66
 451 1 891.5999999999794 17 57 -66
 451 3 1207.5999999999794 27 58 -66
 476 5 1240.0999999999783 68 17 -66
 476 0 1281.0999999999783 19 48 -66
 476 1 896.0999999999783 17 57 -66
 476 3 1250.0999999999783 27 58 -66
 476 6 958.0999999999874 23 46 -66
 476 4 338.29999999998586 74 17 -66
 476 2 1114.0999999999783 95 68 -66
 476 7 1150.8999999999912 67 15 -66
 501 5 1239.5999999999772 68 17 -66
 501 4 346.09999999998604 74 17 -66
 501 7 1243.39999999999 67 15 -66
 501 3 1324.5999999999772 27 58 -66
 501 0 1347.5999999999772 19 48 -66
 501 1 893.5999999999772 17 57 -66
 501 2 1163.5999999999772 95 68 -66
 501 6 916.5999999999863 23 46 -66
 526 0 913.099999999976 19 48 -66
 526 6 884.0999999999851 23 46 -66
 526 1 893.099999999976 17 57 -66
 526 2 1167.099999999976 95 68 -66
 526 5 1246.099999999976 68 17 -66
 526 8 970.3999999999996 16 50 -66
 526 3 1363.099999999976 27 58 -66
 526 4 370.9999999999862 74 17 -66
 526 7 1271.899999999989 67 15 -66
 551 2 1159.599999999975 95 68 -66
 551 7 1288.3999999999878 67 15 -66
 551 5 1243.599999999975 68 17 -66
 551 3 1374.599999999975 27 58 -66
 551 1 886.5999999999749 17 57 -66
 551 6 853.599999999984 23 46 -66
 551 8 945.8999999999985 16 50 -66
 551 4 373.19999999998635 74 17 -66
 551 0 946.5999999999749 19 48 -66
 576 8 964.3999999999974 16 50 -66
 576 7 1273.8999999999867 67 15 -66
 576 2 1123.0999999999738 95 68 -66
 576 5 1238.0999999999738 68 17 -66
 576 6 856.0999999999829 23 46 -66
 576 4 399.7999999999865 74 17 -66
 576 3 900.0999999999738 27 58 -66
 576 0 925.0999999999738 19 48 -66
 576 1 877.0999999999738 17 57 -66
 576 9 1000 17 50 -66
 601 6 836.5999999999817 23 46 -66
 601 4 372.99999999998664 74 17 -66
 601 1 876.5999999999726 17 57 -66
 601 2 1087.5999999999726 95 68 -66
 601 5 1215.5999999999726 68 17 -66
 601 0 929.5999999999726 19 48 -66
 601 7 1271.3999999999855 67 15 -66
 601 9 917.4999999999989 17 50 -66
 601 3 891.5999999999726 27 58 -66
 601 8 955.8999999999962 16 50 -66
 626 2 1042.0999999999715 95 68 -66
 626 6 848.0999999999806 23 46 -66
 626 5 1185.0999999999715 68 17 -66
 626 7 1262.8999999999844 67 15 -66
 626 8 945.3999999999951 16 50 -66
 626 0 899.0999999999715 19 48 -66
 626 3 888.0999999999715 27 58 -66
 626 1 892.0999999999715 17 57 -66
 626 9 844.9999999999977 17 50 -66
 626 4 353.4999999999868 74 17 -66
 651 1 926.5999999999704 17 57 -66
 651 9 830.4999999999966 17 50 -66
 651 4 392.69999999998697 74 17 -66
 651 5 1150.5999999999704 68 17 -66
 651 0 971.5999999999704 19 48 -66
 651 6 856.5999999999794 23 46 -66
 651 3 860.5999999999704 27 58 -66
 651 8 932.899999999994 16 50 -66
 651 7 1247.3999999999833 67 15 -66
 651 2 987.5999999999704 95 68 -66
 676 8 914.3999999999928 16 50 -66
 676 3 859.0999999999692 27 58 -66
 676 5 1117.0999999999692 68 17 -66
 676 4 466.19999999998714 74 17 -66
 676 9 820.9999999999955 17 50 -66
 676 7 1244.8999999999821 67 15 -66
 676 2 930.0999999999692 95 68 -66
 676 1 995.0999999999692 17 57 -66
 676 6 854.0999999999783 23 46 -66
 676 0 950.0999999999692 19 48 -66
 701 5 1080.599999999968 68 17 -66
 701 8 895.8999999999917 16 50 -66
 701 6 906.5999999999772 23 46 -66
 701 9 837.4999999999943 17 50 -66
 701 3 823.5999999999681 27 58 -66
 701 1 990.5999999999681 17 57 -66
 701 2 873.5999999999681 95 68 -66
 701 7 1243.399999999981 67 15 -66
 701 0 912.5999999999681 19 48 -66
 701 4 487.9999999999873 74 17 -66
 726 3 841.0999999999669 27 58 -66
 726 0 882.0999999999669 19 48 -66
 726 8 858.3999999999905 16 50 -66
 726 7 1241.8999999999799 67 15 -66
 726 2 829.0999999999669 95 68 -66
 726 5 1060.099999999967 68 17 -66
 726 4 494.7999999999875 74 17 -66
 726 9 825.9999999999932 17 50 -66
 726 6 953.099999999976 23 46 -66
 726 1 990.0999999999669 17 57 -66
 751 7 1223.3999999999787 67 15 -66
 751 5 1134.5999999999658 68 17 -66
 751 6 967.5999999999749 23 46 -66
 751 9 841.499999999992 17 50 -66
 751 2 815.5999999999658 95 68 -66
 751 3 835.5999999999658 27 58 -66
 751 8 809.8999999999894 16 50 -66
 751 1 979.5999999999658 17 57 -66
 751 4 449.8999999999877 74 17 -66
 751 0 858.5999999999658 19 48 -66
 776 5 1189.0999999999647 68 17 -66
 776 8 765.3999999999883 16 50 -66
 776 6 1124.0999999999738 23 46 -66
 776 4 406.39999999998787 74 17 -66
 776 2 789.0999999999647 95 68 -66
 776 0 851.0999999999647 19 48 -66
 776 9 841.9999999999909 17 50 -66
 776 1 953.0999999999647 17 57 -66
 776 3 817.0999999999647 27 58 -66
 776 7 1266.8999999999776 67 15 -66
 801 7 1302.3999999999764 67 15 -66
 801 6 1206.5999999999726 23 46 -66
 801 9 839.4999999999898 17 50 -66
 801 1 989.5999999999635 17 57 -66
 801 2 750.5999999999635 95 68 -66
 801 5 1239.5999999999635 68 17 -66
 801 0 852.5999999999635 19 48 -66
 801 8 727.8999999999871 16 50 -66
 801 3 770.5999999999635 27 58 -66
 801 4 378.699999999988 74 17 -66
 826 1 1048.0999999999624 17 57 -66
 826 3 702.0999999999624 27 58 -66
 826 2 734.0999999999624 95 68 -66
 826 0 845.0999999999624 19 48 -66
 826 8 697.399999999986 16 50 -66
 826 4 352.3999999999881 74 17 -66
 826 5 1278.0999999999624 68 17 -66
 826 7 1308.8999999999753 67 15 -66
 826 6 1211.0999999999715 23 46 -66
 826 9 822.9999999999886 17 50 -66
 851 6 1194.5999999999704 23 46 -66
 851 4 321.99999999998823 74 17 -66
 851 1 1056.5999999999613 17 57 -66
 851 0 798.0999999999613 19 48 -66
 851 5 1307.5999999999613 68 17 -66
 851 7 913.3999999999742 67 15 -66
 851 3 671.5999999999613 27 58 -66
 851 9 818.4999999999875 17 50 -66
 851 8 697.3999999999849 16 50 -66
 851 2 692.5999999999613 95 68 -66
 851 10 985.1999999999998 72 8 -66
 876 0 734.5999999999601 19 48 -66
 876 9 814.9999999999864 17 50 -66
 876 6 1185.5999999999692 23 46 -66
 876 5 1331.0999999999601 68 17 -66
 876 10 893.6999999999987 72 8 -66
 876 1 1054.0999999999601 17 57 -66
 876 2 654.7999999999602 95 68 -66
 876 4 282.99999999998835 74 17 -66
 876 3 621.4999999999602 27 58 -66
 876 7 911.899999999973 67 15 -66
 876 8 697.3999999999837 16 50 -66
 901 1 1115.599999999959 17 57 -66
 901 7 967.3999999999719 67 15 -66
 901 10 853.1999999999975 72 8 -66
 901 6 1162.599999999968 23 46 -66
 901 4 251.09999999998843 74 17 -66
 901 8 691.8999999999826 16 50 -66
 901 2 643.9999999999591 95 68 -66
 901 5 1366.599999999959 68 17 -66
 901 0 692.599999999959 19 48 -66
 901 9 811.4999999999852 17 50 -66
 901 3 625.0999999999592 27 58 -66
 926 5 1377.0999999999578 68 17 -66
 926 10 863.6999999999964 72 8 -66
 926 6 1107.099999999967 23 46 -66
 926 0 678.0999999999578 19 48 -66
 926 9 820.9999999999841 17 50 -66
 926 1 1205.0999999999578 17 57 -66
 926 2 675.5999999999581 95 68 -66
 926 4 207.69999999998856 74 17 -66
 926 3 662.6999999999582 27 58 -66
 926 8 678.3999999999814 16 50 -66
 926 7 990.8999999999708 67 15 -66
 951 2 700.0999999999569 95 68 -66
 951 5 1387.5999999999567 68 17 -66
 951 8 677.8999999999803 16 50 -66
 951 6 1051.0999999999658 23 46 -66
 951 4 161.69999999998868 74 17 -66
 951 9 825.499999999983 17 50 -66
 951 1 1230.0999999999567 17 57 -66
 951 7 977.3999999999696 67 15 -66
 951 0 678.5999999999567 19 48 -66
 951 3 664.5999999999572 27 58 -66
 951 10 850.1999999999953 72 8 -66
 976 7 992.8999999999685 67 15 -66
 976 8 691.5999999999792 16 50 -66
 976 10 826.6999999999941 72 8 -66
 976 2 692.2999999999558 95 68 -66
 976 4 160.5999999999887 74 17 -66
 976 6 973.5999999999647 23 46 -66
 976 3 629.1999999999562 27 58 -66
 976 9 807.9999999999818 17 50 -66
 976 11 944.4999999999993 77 13 -66
 976 1 1240.0999999999556 17 57 -66
 976 5 930.0999999999556 68 17 -66
 976 0 691.0999999999556 19 48 -66
 1001 1 1319.0999999999544 17 57 -66
 1001 8 707.5999999999781 16 50 -66
 1001 7 975.3999999999673 67 15 -66
 1001 9 789.4999999999807 17 50 -66
 1001 10 794.199999999993 72 8 -66
 1001 3 605.4999999999552 27 58 -66
 1001 5 953.5999999999544 68 17 -66
 1001 4 159.9999999999888 74 17 -66
 1001 0 697.5999999999544 19 48 -66
 1001 11 874.9999999999982 77 13 -66
 1001 2 746.7999999999547 95 68 -66
 1001 6 920.0999999999635 23 46 -66
 1026 11 799.499999999997 77 13 -66
 1026 7 1041.8999999999662 67 15 -66
 1026 0 700.0999999999533 19 48 -66
 1026 5 965.0999999999533 68 17 -66
 1026 10 769.6999999999919 72 8 -66
 1026 3 574.6999999999541 27 58 -66
 1026 4 190.09999999998888 74 17 -66
 1026 8 725.599999999977 16 50 -66
 1026 2 826.2999999999536 95 68 -66
 1026 1 1380.5999999999533 17 57 -66
 1026 9 769.9999999999795 17 50 -66
 1026 6 881.0999999999624 23 46 -66
 1051 7 1003.3999999999651 67 15 -66
 1051 1 919.0999999999522 17 57 -66
 1051 12 925.299999999999 14 48 -66
 1051 9 758.4999999999784 17 50 -66
 1051 11 719.9999999999959 77 13 -66
 1051 6 839.0999999999613 23 46 -66
 1051 3 552.0999999999533 27 58 -66
 1051 2 935.7999999999524 95 68 -66
 1051 8 750.5999999999758 16 50 -66
 1051 10 744.1999999999907 72 8 -66
 1051 5 988.5999999999522 68 17 -66
 1051 0 704.5999999999522 19 48 -66
 1051 4 221.99999999998892 74 17 -66
 1076 0 698.099999999951 19 48 -66
 1076 10 735.1999999999896 72 8 -66
 1076 5 991.099999999951 68 17 -66
 1076 2 966.2999999999513 95 68 -66
 1076 12 890.7999999999979 14 48 -66
 1076 7 959.8999999999639 67 15 -66
 1076 4 204.099999999989 74 17 -66
 1076 6 818.5999999999601 23 46 -66
 1076 8 751.0999999999747 16 50 -66
 1076 11 656.6999999999948 77 13 -66
 1076 3 524.0999999999524 27 58 -66
 1076 9 838.9999999999773 17 50 -66
 1076 1 951.599999999951 17 57 -66
 1101 4 178.7999999999891 74 17 -66
 1101 12 885.2999999999968 14 48 -66
 1101 6 855.599999999959 23 46 -66
 1101 2 971.7999999999502 95 68 -66
 1101 5 983.5999999999499 68 17 -66
 1101 8 756.5999999999735 16 50 -66
 1101 3 509.7999999999518 27 58 -66
 1101 10 701.1999999999884 72 8 -66
 1101 1 965.0999999999499 17 57 -66
 1101 0 699.0999999999499 19 48 -66
 1101 7 910.3999999999628 67 15 -66
 1101 11 584.3999999999937 77 13 -66
 1101 9 859.4999999999761 17 50 -66
 1126 4 156.89999999998918 74 17 -66
 1126 5 962.5999999999487 68 17 -66
 1126 12 859.7999999999956 14 48 -66
 1126 9 928.999999999975 17 50 -66
 1126 6 858.5999999999578 23 46 -66
 1126 2 953.299999999949 95 68 -66
 1126 1 1003.5999999999487 17 57 -66
 1126 3 489.79999999995186 27 58 -66
 1126 7 819.8999999999617 67 15 -66
 1126 0 697.5999999999487 19 48 -66
 1126 11 532.3999999999928 77 13 -66
 1126 10 697.1999999999873 72 8 -66
 1126 8 753.5999999999724 16 50 -66
 1151 1 994.0999999999476 17 57 -66
 1151 8 711.5999999999713 16 50 -66
 1151 9 952.4999999999739 17 50 -66
 1151 12 803.2999999999945 14 48 -66
 1151 6 883.0999999999567 23 46 -66
 1151 5 926.5999999999476 68 17 -66
 1151 3 474.29999999995204 27 58 -66
 1151 10 688.6999999999862 72 8 -66
 1151 0 705.5999999999476 19 48 -66
 1151 11 476.89999999999264 77 13 -66
 1151 2 956.7999999999479 95 68 -66
 1151 7 726.3999999999605 67 15 -66
 1151 4 135.09999999998922 74 17 -66
 1176 6 906.5999999999556 23 46 -66
 1176 12 788.7999999999934 14 48 -66
 1176 11 416.8999999999928 77 13 -66
 1176 8 698.0999999999701 16 50 -66
 1176 1 1024.5999999999465 17 57 -66
 1176 7 695.8999999999594 67 15 -66
 1176 3 439.29999999995226 27 58 -66
 1176 2 953.2999999999467 95 68 -66
 1176 0 723.0999999999465 19 48 -66
 1176 10 682.199999999985 72 8 -66
 1176 4 118.29999999998923 74 17 -66
 1176 5 809.5999999999465 68 17 -66
 1176 9 961.9999999999727 17 50 -66
 1201 8 696.599999999969 16 50 -66
 1201 12 769.2999999999922 14 48 -66
 1201 9 949.4999999999716 17 50 -66
 1201 11 364.79999999999296 77 13 -66
 1201 4 117.19999999998922 74 17 -66
 1201 1 1049.0999999999453 17 57 -66
 1201 2 935.7999999999456 95 68 -66
 1201 6 922.5999999999544 23 46 -66
 1201 5 690.0999999999453 68 17 -66
 1201 10 668.1999999999839 72 8 -66
 1201 0 697.0999999999453 19 48 -66
 1201 7 683.8999999999583 67 15 -66
 1201 3 422.2999999999524 27 58 -66
 1226 0 696.5999999999442 19 48 -66
 1226 10 633.3999999999828 72 8 -66
 1226 2 903.2999999999445 95 68 -66
 1226 3 406.49999999995254 27 58 -66
 1226 11 332.2999999999931 77 13 -66
 1226 4 132.69999999998925 74 17 -66
 1226 9 992.9999999999704 17 50 -66
 1226 1 1019.5999999999442 17 57 -66
 1226 6 915.5999999999533 23 46 -66
 1226 7 632.5999999999572 67 15 -66
 1226 12 743.7999999999911 14 48 -66
 1226 5 632.5999999999442 68 17 -66
 1226 8 695.5999999999678 16 50 -66
 1251 0 667.0999999999431 19 48 -66
 1251 1 960.0999999999431 17 57 -66
 1251 2 875.7999999999433 95 68 -66
 1251 10 577.9999999999818 72 8 -66
 1251 6 947.0999999999522 23 46 -66
 1251 8 668.0999999999667 16 50 -66
 1251 12 714.29999999999 14 48 -66
 1251 9 1100.4999999999693 17 50 -66
 1251 7 576.7999999999561 67 15 -66
 1251 4 122.4999999999893 74 17 -66
 1251 11 285.1999999999932 77 13 -66
 1251 3 400.79999999995266 27 58 -66
 1251 5 576.0999999999431 68 17 -66
 1276 12 696.7999999999888 14 48 -66
 1276 11 248.69999999999334 77 13 -66
 1276 5 593.8999999999421 68 17 -66
 1276 0 651.5999999999419 19 48 -66
 1276 9 1175.4999999999682 17 50 -66
 1276 10 546.0999999999808 72 8 -66
 1276 1 864.0999999999419 17 57 -66
 1276 7 553.5999999999551 67 15 -66
 1276 6 959.599999999951 23 46 -66
 1276 2 866.2999999999422 95 68 -66
 1276 4 103.39999999998929 74 17 -66
 1276 8 650.2999999999656 16 50 -66
 1276 3 397.29999999995283 27 58 -66
 1301 1 798.0999999999408 17 57 -66
 1301 7 538.4999999999541 67 15 -66
 1301 11 227.9999999999934 77 13 -66
 1301 9 1215.999999999967 17 50 -66
 1301 0 632.1999999999409 19 48 -66
 1301 8 632.1999999999646 16 50 -66
 1301 2 928.7999999999411 95 68 -66
 1301 10 532.0999999999799 72 8 -66
 1301 4 83.29999999998928 74 17 -66
 1301 5 581.4999999999413 68 17 -66
 1301 12 698.7999999999877 14 48 -66
 1301 3 388.799999999953 27 58 -66
 1301 6 1011.0999999999499 23 46 -66
 1326 5 535.7999999999404 68 17 -66
 1326 1 728.5999999999397 17 57 -66
 1326 12 701.2999999999865 14 48 -66
 1326 4 63.89999999998928 74 17 -66
 1326 2 951.2999999999399 95 68 -66
 1326 11 191.3999999999935 77 13 -66
 1326 8 620.1999999999634 16 50 -66
 1326 0 621.0999999999399 19 48 -66
 1326 3 365.99999999995316 27 58 -66
 1326 9 1246.499999999966 17 50 -66
 1326 7 534.7999999999533 67 15 -66
 1326 10 534.9999999999791 72 8 -66
 1326 6 1054.0999999999487 23 46 -66
 1351 8 628.2999999999624 16 50 -66
 1351 12 702.7999999999854 14 48 -66
 1351 5 514.7999999999395 68 17 -66
 1351 0 628.9999999999388 19 48 -66
 1351 11 157.49999999999358 77 13 -66
 1351 1 704.0999999999385 17 57 -66
 1351 10 510.6999999999783 72 8 -66
 1351 9 1252.4999999999648 17 50 -66
 1351 2 975.7999999999388 95 68 -66
 1351 7 507.79999999995255 67 15 -66
 1351 4 38.79999999998927 74 17 -66
 1351 6 1069.5999999999476 23 46 -66
 1351 3 357.5999999999533 27 58 -66
 1376 5 515.7999999999389 68 17 -66
 1376 0 633.5999999999378 19 48 -66
 1376 6 1039.0999999999465 23 46 -66
 1376 1 674.0999999999374 17 57 -66
 1376 3 328.09999999995347 27 58 -66
 1376 7 514.4999999999525 67 15 -66
 1376 9 1261.9999999999636 17 50 -66
 1376 8 633.8999999999614 16 50 -66
 1376 10 514.7999999999779 72 8 -66
 1376 11 123.79999999999363 77 13 -66
 1376 2 962.2999999999377 95 68 -66
 1376 12 673.7999999999843 14 48 -66
 1376 4 22.799999999989268 74 17 -66
 1401 5 508.79999999993817 68 17 -66
 1401 8 626.0999999999603 16 50 -66
 1401 2 926.7999999999365 95 68 -66
 1401 6 994.0999999999453 23 46 -66
 1401 10 511.799999999977 72 8 -66
 1401 7 512.4999999999518 67 15 -66
 1401 4 0.09999999998926867 74 17 -66
 1401 3 305.0999999999536 27 58 -66
 1401 12 651.2999999999831 14 48 -66
 1401 1 650.4999999999363 17 57 -66
 1401 0 625.6999999999368 19 48 -66
 1401 11 95.49999999999362 77 13 -66
 1401 9 1253.9999999999625 17 50 -66
 1426 8 618.9999999999593 16 50 -66
 1426 5 529.3999999999376 68 17 -66
 1426 11 71.09999999999361 77 13 -66
 1426 9 1260.9999999999613 17 50 -66
 1426 0 620.3999999999357 19 48 -66
 1426 12 639.8999999999821 14 48 -66
 1426 2 921.2999999999354 95 68 -66
 1426 3 275.99999999995373 27 58 -66
 1426 7 526.9999999999511 67 15 -66
 1426 6 941.5999999999442 23 46 -66
 1426 10 525.6999999999763 72 8 -66
 1426 1 639.9999999999352 17 57 -66
 1451 0 605.7999999999347 19 48 -66
 1451 3 295.59999999995387 27 58 -66
 1451 6 910.0999999999431 23 46 -66
 1451 8 604.8999999999583 16 50 -66
 1451 11 40.2999999999936 77 13 -66
 1451 12 648.599999999981 14 48 -66
 1451 2 962.7999999999342 95 68 -66
 1451 1 649.5999999999342 17 57 -66
 1451 7 525.7999999999502 67 15 -66
 1451 10 526.2999999999755 72 8 -66
 1451 5 525.7999999999367 68 17 -66
 1451 9 1254.4999999999602 17 50 -66
 1476 6 870.0999999999419 23 46 -66
 1476 3 303.499999999954 27 58 -66
 1476 11 16.799999999993602 77 13 -66
 1476 7 515.7999999999493 67 15 -66
 1476 12 641.99999999998 14 48 -66
 1476 0 602.4999999999338 19 48 -66
 1476 10 515.5999999999746 72 8 -66
 1476 1 642.2999999999331 17 57 -66
 1476 9 1242.999999999959 17 50 -66
 1476 5 520.399999999936 68 17 -66
 1476 8 605.7999999999574 16 50 -66
 1476 2 1005.2999999999331 95 68 -66
 1501 2 1049.799999999932 95 68 -66
 1501 7 511.29999999994834 67 15 -66
 1501 12 638.599999999979 14 48 -66
 1501 6 792.0999999999408 23 46 -66
 1501 5 521.3999999999353 68 17 -66
 1501 9 1264.499999999958 17 50 -66
 1501 0 611.1999999999327 19 48 -66
 1501 1 639.5999999999322 17 57 -66
 1501 3 281.09999999995415 27 58 -66
 1501 8 611.6999999999564 16 50 -66
 1501 10 509.3999999999739 72 8 -66
 1526 2 1091.2999999999308 95 68 -66
 1526 7 523.4999999999475 67 15 -66
 1526 10 510.69999999997304 72 8 -66
 1526 0 634.4999999999318 19 48 -66
 1526 1 608.7999999999311 17 57 -66
 1526 6 683.0999999999397 23 46 -66
 1526 12 609.5999999999779 14 48 -66
 1526 5 523.5999999999344 68 17 -66
 1526 8 634.8999999999553 16 50 -66
 1526 9 1274.9999999999568 17 50 -66
 1526 3 266.3999999999543 27 58 -66
 1551 1 590.7999999999302 17 57 -66
 1551 0 672.0999999999308 19 48 -66
 1551 2 1125.7999999999297 95 68 -66
 1551 12 589.7999999999768 14 48 -66
 1551 7 535.0999999999465 67 15 -66
 1551 5 535.8999999999337 68 17 -66
 1551 6 633.2999999999386 23 46 -66
 1551 10 531.1999999999721 72 8 -66
 1551 8 672.4999999999543 16 50 -66
 1551 3 253.6999999999544 27 58 -66
 1551 9 1288.4999999999557 17 50 -66
 1576 6 643.3999999999376 23 46 -66
 1576 8 667.1999999999532 16 50 -66
 1576 0 662.2999999999297 19 48 -66
 1576 12 573.4999999999759 14 48 -66
 1576 5 529.3999999999328 68 17 -66
 1576 2 1156.2999999999286 95 68 -66
 1576 1 570.3999999999292 17 57 -66
 1576 3 236.59999999995455 27 58 -66
 1576 10 524.5999999999713 72 8 -66
 1576 7 527.5999999999456 67 15 -66
 1576 9 1304.9999999999545 17 50 -66
 1601 8 662.3999999999521 16 50 -66
 1601 5 533.799999999932 68 17 -66
 1601 9 915.4999999999534 17 50 -66
 1601 0 662.2999999999286 19 48 -66
 1601 7 534.0999999999447 67 15 -66
 1601 10 536.8999999999705 72 8 -66
 1601 6 664.8999999999364 23 46 -66
 1601 1 566.6999999999282 17 57 -66
 1601 2 1215.7999999999274 95 68 -66
 1601 3 222.39999999995462 27 58 -66
 1601 12 564.3999999999751 14 48 -66
 1601 13 959.2999999999995 22 57 -66
 1626 7 535.7999999999438 67 15 -66
 1626 5 535.7999999999311 68 17 -66
 1626 6 655.2999999999354 23 46 -66
 1626 8 656.099999999951 16 50 -66
 1626 9 943.9999999999523 17 50 -66
 1626 2 1250.2999999999263 95 68 -66
 1626 0 655.9999999999275 19 48 -66
 1626 3 201.59999999995472 27 58 -66
 1626 12 550.7999999999743 14 48 -66
 1626 10 535.1999999999696 72 8 -66
 1626 13 948.2999999999984 22 57 -66
 1626 1 554.0999999999271 17 57 -66
 1651 0 666.8999999999264 19 48 -66
 1651 1 534.6999999999261 17 57 -66
 1651 2 1273.7999999999251 95 68 -66
 1651 12 534.1999999999734 14 48 -66
 1651 9 989.4999999999511 17 50 -66
 1651 8 666.0999999999499 16 50 -66
 1651 6 667.3999999999344 23 46 -66
 1651 5 529.7999999999302 68 17 -66
 1651 3 181.6999999999548 27 58 -66
 1651 10 528.3999999999687 72 8 -66
 1651 7 530.5999999999428 67 15 -66
 1651 13 965.7999999999972 22 57 -66
 1676 2 1311.299999999924 95 68 -66
 1676 6 675.5999999999333 23 46 -66
 1676 12 501.0999999999729 14 48 -66
 1676 10 516.6999999999678 72 8 -66
 1676 9 1025.99999999995 17 50 -66
 1676 7 516.0999999999422 67 15 -66
 1676 1 504.7999999999256 17 57 -66
 1676 5 516.1999999999293 68 17 -66
 1676 0 678.6999999999255 19 48 -66
 1676 3 163.19999999995485 27 58 -66
 1676 8 679.1999999999489 16 50 -66
 1676 13 1002.2999999999961 22 57 -66
 1701 12 502.3999999999731 14 48 -66
 1701 5 500.49999999992923 68 17 -66
 1701 1 499.3999999999258 17 57 -66
 1701 13 1036.799999999995 22 57 -66
 1701 9 1050.4999999999488 17 50 -66
 1701 8 694.8999999999478 16 50 -66
 1701 2 1331.7999999999229 95 68 -66
 1701 0 695.1999999999243 19 48 -66
 1701 10 498.39999999996786 72 8 -66
 1701 7 497.49999999994225 67 15 -66
 1701 3 142.3999999999549 27 58 -66
 1726 13 1042.7999999999938 22 57 -66
 1726 3 107.89999999995491 27 58 -66
 1726 9 1010.9999999999477 17 50 -66
 1726 5 483.9999999999294 68 17 -66
 1726 12 497.8999999999733 14 48 -66
 1726 10 481.6999999999681 72 8 -66
 1726 8 690.3999999999467 16 50 -66
 1726 1 500.89999999992597 17 57 -66
 1726 7 485.3999999999424 67 15 -66
 1726 2 1339.2999999999217 95 68 -66
 1726 0 689.6999999999232 19 48 -66
 1751 5 460.3999999999296 68 17 -66
 1751 1 505.3999999999262 17 57 -66
 1751 8 671.3999999999455 16 50 -66
 1751 10 459.5999999999683 72 8 -66
 1751 12 505.19999999997344 14 48 -66
 1751 2 1339.7999999999206 95 68 -66
 1751 9 1039.4999999999466 17 50 -66
 1751 13 1051.7999999999927 22 57 -66
 1751 7 458.09999999994255 67 15 -66
 1751 0 671.699999999922 19 48 -66
 1751 3 71.8999999999549 27 58 -66
 1776 0 654.099999999921 19 48 -66
 1776 2 1330.2999999999195 95 68 -66
 1776 7 426.79999999994277 67 15 -66
 1776 12 496.5999999999736 14 48 -66
 1776 13 1056.7999999999915 22 57 -66
 1776 5 427.6999999999298 68 17 -66
 1776 3 37.399999999954886 27 58 -66
 1776 9 1062.9999999999454 17 50 -66
 1776 8 654.3999999999444 16 50 -66
 1776 10 428.1999999999685 72 8 -66
 1776 1 494.29999999992634 17 57 -66
 1801 9 1102.4999999999443 17 50 -66
 1801 8 640.2999999999433 16 50 -66
 1801 13 1068.2999999999904 22 57 -66
 1801 1 482.7999999999265 17 57 -66
 1801 2 1345.7999999999183 95 68 -66
 1801 12 482.3999999999738 14 48 -66
 1801 0 640.39999999992 19 48 -66
 1801 5 412.19999999992996 68 17 -66
 1801 10 411.89999999996866 72 8 -66
 1801 3 17.399999999954886 27 58 -66
 1826 1 464.0999999999267 17 57 -66
 1826 9 1134.4999999999432 17 50 -66
 1826 8 610.8999999999423 16 50 -66
 1826 2 1368.2999999999172 95 68 -66
 1826 13 1080.7999999999893 22 57 -66
 1826 0 611.599999999919 19 48 -66
 1826 12 463.49999999997397 14 48 -66
 1826 10 405.49999999996885 72 8 -66
 1826 5 465.8999999999301 68 17 -66
 1851 8 589.3999999999414 16 50 -66
 1851 10 413.19999999996907 72 8 -66
 1851 0 591.399999999918 19 48 -66
 1851 12 446.2999999999742 14 48 -66
 1851 1 445.6999999999269 17 57 -66
 1851 5 486.7999999999304 68 17 -66
 1851 13 1072.7999999999881 22 57 -66
 1851 9 1146.499999999942 17 50 -66
 1851 2 1396.799999999916 95 68 -66
 1876 0 587.699999999917 19 48 -66
 1876 13 1054.799999999987 22 57 -66
 1876 1 447.0999999999271 17 57 -66
 1876 8 587.6999999999405 16 50 -66
 1876 12 447.9999999999744 14 48 -66
 1876 5 500.5999999999304 68 17 -66
 1876 10 434.79999999996926 72 8 -66
 1876 2 929.2999999999149 95 68 -66
 1876 14 916.1999999999989 88 73 -66
 1876 9 1146.4999999999409 17 50 -66
 1901 2 936.7999999999138 95 68 -66
 1901 5 472.5999999999306 68 17 -66
 1901 0 579.599999999916 19 48 -66
 1901 9 1139.4999999999397 17 50 -66
 1901 13 1083.7999999999859 22 57 -66
 1901 8 581.2999999999395 16 50 -66
 1901 10 433.89999999996945 72 8 -66
 1901 12 426.69999999997464 14 48 -66
 1901 1 429.0999999999273 17 57 -66
 1901 14 887.6999999999978 88 73 -66
 1926 9 1120.9999999999386 17 50 -66
 1926 13 1093.2999999999847 22 57 -66
 1926 8 585.8999999999385 16 50 -66
 1926 2 929.2999999999126 95 68 -66
 1926 10 434.3999999999696 72 8 -66
 1926 0 588.499999999915 19 48 -66
 1926 12 417.89999999997485 14 48 -66
 1926 14 871.1999999999966 88 73 -66
 1926 1 418.0999999999275 17 57 -66
 1926 5 464.0999999999308 68 17 -66
 1951 9 1145.4999999999375 17 50 -66
 1951 8 615.5999999999376 16 50 -66
 1951 5 485.199999999931 68 17 -66
 1951 14 889.6999999999955 88 73 -66
 1951 10 487.1999999999698 72 8 -66
 1951 1 408.59999999992766 17 57 -66
 1951 0 615.8999999999141 19 48 -66
 1951 13 1078.2999999999836 22 57 -66
 1951 12 406.79999999997506 14 48 -66
 1951 2 936.7999999999115 95 68 -66
 1976 5 492.6999999999312 68 17 -66
 1976 0 606.6999999999132 19 48 -66
 1976 8 606.2999999999365 16 50 -66
 1976 10 505.69999999997003 72 8 -66
 1976 14 938.1999999999944 88 73 -66
 1976 12 412.5999999999752 14 48 -66
 1976 2 984.2999999999104 95 68 -66
 1976 1 412.8999999999278 17 57 -66
 1976 13 1070.2999999999824 22 57 -66
 1976 9 1156.9999999999363 17 50 -66
 2001 5 493.2999999999314 68 17 -66
 2001 8 602.7999999999356 16 50 -66
 2001 12 394.6999999999753 14 48 -66
 2001 14 948.6999999999932 88 73 -66
 2001 1 394.29999999992793 17 57 -66
 2001 2 1005.7999999999092 95 68 -66
 2001 10 527.799999999969 72 8 -66
 2001 9 1162.9999999999352 17 50 -66
 2001 13 1049.2999999999813 22 57 -66
 2026 12 383.3999999999755 14 48 -66
 2026 1 380.59999999992806 17 57 -66
 2026 10 534.6999999999682 72 8 -66
 2026 14 950.1999999999921 88 73 -66
 2026 2 1024.299999999908 95 68 -66
 2026 13 1027.2999999999802 22 57 -66
 2026 5 509.7999999999314 68 17 -66
 2026 9 1150.499999999934 17 50 -66
 2051 13 1006.299999999979 22 57 -66
 2051 9 1143.499999999933 17 50 -66
 2051 5 523.4999999999305 68 17 -66
 2051 10 532.9999999999673 72 8 -66
 2051 12 366.89999999997565 14 48 -66
 2051 1 364.8999999999282 17 57 -66
 2051 14 1002.699999999991 88 73 -66
 2076 9 1145.9999999999318 17 50 -66
 2076 1 346.59999999992834 17 57 -66
 2076 10 556.6999999999664 72 8 -66
 2076 14 1020.1999999999898 88 73 -66
 2076 5 555.8999999999297 68 17 -66
 2076 12 349.1999999999758 14 48 -66
 2076 13 998.2999999999779 22 57 -66
 2101 1 337.3999999999285 17 57 -66
 2101 13 986.7999999999768 22 57 -66
 2101 10 568.4999999999654 72 8 -66
 2101 5 558.6999999999288 68 17 -66
 2101 14 1020.6999999999887 88 73 -66
 2101 12 337.1999999999759 14 48 -66
 2126 1 319.19999999992865 17 57 -66
 2126 14 1018.1999999999875 88 73 -66
 2126 13 964.2999999999756 22 57 -66
 2126 12 319.399999999976 14 48 -66
 2126 10 611.7999999999645 72 8 -66
 2126 5 559.9999999999278 68 17 -66
 2151 5 578.699999999927 68 17 -66
 2151 13 1018.2999999999745 22 57 -66
 2151 12 302.79999999997614 14 48 -66
 2151 14 1021.6999999999864 88 73 -66
 2151 10 642.6999999999634 72 8 -66
 2151 1 304.89999999992875 17 57 -66
 2176 12 287.6999999999763 14 48 -66
 2176 14 1019.1999999999853 88 73 -66
 2176 13 1121.7999999999734 22 57 -66
 2176 5 595.0999999999259 68 17 -66
 2176 10 677.0999999999624 72 8 -66
 2201 13 1168.2999999999722 22 57 -66
 2201 10 685.5999999999613 72 8 -66
 2201 5 622.2999999999248 68 17 -66
 2201 12 291.0999999999764 14 48 -66
 2201 14 990.6999999999841 88 73 -66
 2226 12 303.0999999999765 14 48 -66
 2226 14 991.199999999983 88 73 -66
 2226 13 1231.799999999971 22 57 -66
 2226 10 702.0999999999601 72 8 -66
 2251 12 316.99999999997664 14 48 -66
 2251 13 1360.29999999997 22 57 -66
 2251 14 1013.6999999999819 88 73 -66
 2251 10 691.599999999959 72 8 -66
 2276 12 367.29999999997676 14 48 -66
 2276 14 1020.1999999999807 88 73 -66
 2276 15 948.1999999999994 23 64 -66
 2276 13 945.7999999999688 22 57 -66
 2276 10 662.0999999999578 72 8 -66
 2301 13 1025.2999999999677 22 57 -66
 2301 10 632.2999999999568 72 8 -66
 2301 15 873.6999999999982 23 64 -66
 2301 14 1049.6999999999796 88 73 -66
 2301 12 397.1999999999769 14 48 -66
 2326 15 911.1999999999971 23 64 -66
 2326 12 416.49999999997704 14 48 -66
 2326 10 582.8999999999558 72 8 -66
 2326 14 1078.1999999999784 88 73 -66
 2326 13 1109.7999999999665 22 57 -66
 2351 13 1138.2999999999654 22 57 -66
 2351 14 1100.6999999999773 88 73 -66
 2351 12 435.79999999997716 14 48 -66
 2351 15 904.699999999996 23 64 -66
 2376 12 450.6999999999773 14 48 -66
 2376 15 914.1999999999948 23 64 -66
 2376 13 1151.7999999999643 22 57 -66
 2376 14 1126.1999999999762 88 73 -66
 2401 14 1136.699999999975 88 73 -66
 2401 15 910.6999999999937 23 64 -66
 2401 12 506.4999999999775 14 48 -66
 2401 13 1154.2999999999631 22 57 -66
 2426 13 1193.799999999962 22 57 -66
 2426 12 505.5999999999777 14 48 -66
 2426 14 1167.199999999974 88 73 -66
 2426 15 891.1999999999925 23 64 -66
 2451 14 1212.6999999999728 88 73 -66
 2451 15 876.6999999999914 23 64 -66
 2451 13 1221.2999999999608 22 57 -66
 2451 12 488.39999999997787 14 48 -66
 2476 15 863.1999999999903 23 64 -66
 2476 13 1202.7999999999597 22 57 -66
 2476 12 486.49999999997806 14 48 -66
 2476 14 1299.1999999999716 88 73 -66
 2501 15 842.6999999999891 23 64 -66
 2501 14 1374.6999999999705 88 73 -66
 2501 13 1181.2999999999586 22 57 -66
 2501 12 475.99999999997823 14 48 -66
 2526 16 936.299999999999 97 71 -66
 2526 14 1013.1999999999694 88 73 -66
 2526 12 487.8999999999784 14 48 -66
 2526 13 1153.7999999999574 22 57 -66
 2526 15 825.199999999988 23 64 -66
 2551 13 1159.2999999999563 22 57 -66
 2551 15 798.6999999999869 23 64 -66
 2551 14 1106.6999999999682 88 73 -66
 2551 16 961.7999999999979 97 71 -66
 2576 15 774.1999999999857 23 64 -66
 2576 13 1159.7999999999552 22 57 -66
 2576 14 1248.199999999967 88 73 -66
 2576 16 969.2999999999968 97 71 -66
 2601 15 730.6999999999846 23 64 -66
 2601 16 959.7999999999956 97 71 -66
 2601 13 1153.299999999954 22 57 -66
 2601 14 1301.699999999966 88 73 -66
 2626 14 1311.1999999999648 88 73 -66
 2626 13 1138.799999999953 22 57 -66
 2626 15 708.1999999999834 23 64 -66
 2626 16 932.2999999999945 97 71 -66
 2651 15 702.6999999999823 23 64 -66
 2651 16 930.7999999999934 97 71 -66
 2651 14 1324.6999999999637 88 73 -66
 2651 13 1112.2999999999518 22 57 -66
 2676 14 1366.1999999999625 88 73 -66
 2676 16 956.2999999999922 97 71 -66
 2676 15 718.6999999999812 23 64 -66
 2676 13 1113.2999999999506 22 57 -66
 2701 15 733.19999999998 23 64 -66
 2701 14 905.6999999999614 88 73 -66
 2701 13 1126.7999999999495 22 57 -66
 2701 17 977.7999999999997 94 67 -66
 2701 16 980.7999999999911 97 71 -66
 2726 13 1127.2999999999483 22 57 -66
 2726 16 977.29999999999 97 71 -66
 2726 17 897.2999999999986 94 67 -66
 2726 15 713.6999999999789 23 64 -66
 2726 14 910.1999999999603 88 73 -66
 2751 16 959.7999999999888 97 71 -66
 2751 13 1141.2999999999472 22 57 -66
 2751 17 859.7999999999975 94 67 -66
 2751 15 701.6999999999778 23 64 -66
 2751 14 881.6999999999591 88 73 -66
 2776 14 871.199999999958 88 73 -66
 2776 16 916.2999999999877 97 71 -66
 2776 15 705.1999999999766 23 64 -66
 2776 13 1168.799999999946 22 57 -66
 2776 17 823.2999999999963 94 67 -66
 2801 15 723.6999999999755 23 64 -66
 2801 16 881.7999999999865 97 71 -66
 2801 14 888.6999999999568 88 73 -66
 2801 13 1154.299999999945 22 57 -66
 2801 17 788.7999999999952 94 67 -66
 2826 17 748.299999999994 94 67 -66
 2826 13 1147.7999999999438 22 57 -66
 2826 14 909.1999999999557 88 73 -66
 2826 16 858.2999999999854 97 71 -66
 2826 15 758.1999999999744 23 64 -66
 2851 13 1180.2999999999427 22 57 -66
 2851 17 699.7999999999929 94 67 -66
 2851 16 904.7999999999843 97 71 -66
 2851 14 891.6999999999546 88 73 -66
 2851 15 784.6999999999732 23 64 -66
 2876 13 1169.7999999999415 22 57 -66
 2876 17 699.7999999999918 94 67 -66
 2876 15 791.1999999999721 23 64 -66
 2876 16 875.7999999999831 97 71 -66
 2876 14 868.1999999999534 88 73 -66
 2901 14 844.6999999999523 88 73 -66
 2901 17 700.7999999999906 94 67 -66
 2901 15 798.6999999999709 23 64 -66
 2901 13 1191.2999999999404 22 57 -66
 2901 16 821.799999999982 97 71 -66
 2926 14 800.6999999999512 88 73 -66
 2926 15 829.1999999999698 23 64 -66
 2926 17 696.7999999999895 94 67 -66
 2926 16 763.2999999999809 97 71 -66
 2926 13 1177.7999999999392 22 57 -66
 2951 15 827.6999999999687 23 64 -66
 2951 13 1207.299999999938 22 57 -66
 2951 14 735.69999999995 88 73 -66
 2951 17 691.2999999999884 94 67 -66
 2951 16 691.2999999999797 97 71 -66
 2976 13 1227.799999999937 22 57 -66
 2976 16 665.4999999999786 97 71 -66
 2976 17 666.7999999999872 94 67 -66
 2976 14 667.1999999999489 88 73 -66
 2976 15 818.1999999999675 23 64 -66
 3001 17 636.6999999999862 94 67 -66
 3001 14 645.2999999999479 88 73 -66
 3001 16 636.8999999999776 97 71 -66
 3001 15 793.6999999999664 23 64 -66
 3001 13 1202.2999999999358 22 57 -66
 3026 15 765.1999999999653 23 64 -66
 3026 17 611.3999999999851 94 67 -66
 3026 13 1168.7999999999347 22 57 -66
 3026 14 627.6999999999468 88 73 -66
 3026 16 611.1999999999766 97 71 -66
 3051 17 603.799999999984 94 67 -66
 3051 13 1137.2999999999336 22 57 -66
 3051 16 604.4999999999757 97 71 -66
 3051 15 735.6999999999641 23 64 -66
 3051 14 649.0999999999458 88 73 -66
 3076 17 582.899999999983 94 67 -66
 3076 14 628.1999999999448 88 73 -66
 3076 15 703.199999999963 23 64 -66
 3076 16 585.3999999999746 97 71 -66
 3076 13 1093.7999999999324 22 57 -66
 3101 16 556.5999999999738 97 71 -66
 3101 14 694.1999999999437 88 73 -66
 3101 17 556.499999999982 94 67 -66
 3101 15 684.1999999999618 23 64 -66
 3126 15 645.6999999999607 23 64 -66
 3126 14 694.6999999999425 88 73 -66
 3126 17 529.1999999999812 94 67 -66
 3126 16 532.5999999999729 97 71 -66
 3151 16 530.8999999999721 97 71 -66
 3151 15 663.5999999999597 23 64 -66
 3151 14 658.3999999999414 88 73 -66
 3151 17 525.8999999999803 94 67 -66
 3176 14 641.5999999999403 88 73 -66
 3176 16 512.4999999999711 97 71 -66
 3176 15 659.7999999999586 23 64 -66
 3176 17 516.1999999999794 94 67 -66
 3201 14 619.6999999999393 88 73 -66
 3201 16 524.0999999999704 97 71 -66
 3201 17 521.8999999999785 94 67 -66
 3201 15 735.2999999999574 23 64 -66
 3226 16 539.7999999999695 97 71 -66
 3226 14 596.7999999999383 88 73 -66
 3226 15 793.7999999999563 23 64 -66
 3226 17 541.1999999999778 94 67 -66
 3251 16 551.9999999999686 97 71 -66
 3251 15 803.2999999999552 23 64 -66
 3251 14 569.6999999999375 88 73 -66
 3251 17 548.4999999999768 94 67 -66
 3276 15 844.799999999954 23 64 -66
 3276 17 525.4999999999759 94 67 -66
 3276 14 531.4999999999366 88 73 -66
 3276 16 527.6999999999675 97 71 -66
 3301 14 508.59999999993596 88 73 -66
 3301 15 898.2999999999529 23 64 -66
 3301 16 509.99999999996663 97 71 -66
 3301 17 512.5999999999751 94 67 -66
 3326 15 966.7999999999518 23 64 -66
 3326 16 496.79999999996664 97 71 -66
 3326 14 520.0999999999358 88 73 -66
 3326 17 494.49999999997533 94 67 -66
 3351 14 500.8999999999354 88 73 -66
 3351 16 501.49999999996686 97 71 -66
 3351 17 498.79999999997557 94 67 -66
 3351 15 1157.2999999999506 23 64 -66
 3376 17 514.6999999999755 94 67 -66
 3376 15 1262.7999999999495 23 64 -66
 3376 16 514.2999999999662 97 71 -66
 3401 15 1306.2999999999483 23 64 -66
 3401 16 497.29999999996613 97 71 -66
 3401 17 497.4999999999756 94 67 -66
 3426 17 487.3999999999758 94 67 -66
 3426 15 1352.7999999999472 23 64 -66
 3426 16 489.79999999996636 97 71 -66
 3451 15 943.2999999999461 23 64 -66
 3451 18 948.1999999999994 17 55 -66
 3451 16 495.9999999999666 97 71 -66
 3451 17 493.999999999976 94 67 -66
 3476 16 500.7999999999667 97 71 -66
 3476 15 1076.799999999945 23 64 -66
 3476 17 502.09999999997626 94 67 -66
 3476 18 902.6999999999982 17 55 -66
 3501 16 495.4999999999669 97 71 -66
 3501 18 857.1999999999971 17 55 -66
 3501 15 1163.2999999999438 23 64 -66
 3501 17 495.09999999997643 94 67 -66
 3526 16 493.0999999999671 97 71 -66
 3526 18 786.699999999996 17 55 -66
 3526 17 495.6999999999766 94 67 -66
 3526 15 1206.7999999999427 23 64 -66
 3551 18 712.1999999999948 17 55 -66
 3551 15 1229.2999999999415 23 64 -66
 3551 16 495.59999999996734 97 71 -66
 3551 17 500.59999999997683 94 67 -66
 3576 17 545.0999999999763 94 67 -66
 3576 18 671.0999999999938 17 55 -66
 3576 16 545.9999999999666 97 71 -66
 3576 15 1211.7999999999404 23 64 -66
 3601 18 641.4999999999927 17 55 -66
 3601 16 536.1999999999657 97 71 -66
 3601 15 1158.7999999999392 23 64 -66
 3601 17 534.9999999999754 94 67 -66
 3626 16 536.1999999999648 97 71 -66
 3626 15 1120.799999999938 23 64 -66
 3626 17 538.5999999999744 94 67 -66
 3626 18 608.5999999999917 17 55 -66
 3651 15 1081.299999999937 23 64 -66
 3651 18 561.0999999999906 17 55 -66
 3651 17 539.1999999999734 94 67 -66
 3651 16 540.1999999999639 97 71 -66
 3676 17 528.6999999999725 94 67 -66
 3676 16 525.9999999999629 97 71 -66
 3676 18 543.5999999999897 17 55 -66
 3676 15 1025.2999999999358 23 64 -66
 3701 16 518.3999999999621 97 71 -66
 3701 18 526.1999999999887 17 55 -66
 3701 15 967.7999999999347 23 64 -66
 3701 17 517.9999999999716 94 67 -66
 3726 15 975.2999999999336 23 64 -66
 3726 16 526.7999999999615 97 71 -66
 3726 17 524.9999999999709 94 67 -66
 3726 18 489.59999999998854 17 55 -66
 3751 15 941.7999999999324 23 64 -66
 3751 18 480.69999999998873 17 55 -66
 3751 17 543.7999999999699 94 67 -66
 3751 16 543.9999999999607 97 71 -66
 3776 17 551.799999999969 94 67 -66
 3776 18 443.7999999999889 17 55 -66
 3776 16 551.7999999999599 97 71 -66
 3801 18 398.9999999999891 17 55 -66
 3801 16 557.8999999999589 97 71 -66
 3801 17 558.2999999999681 94 67 -66
 3826 18 371.9999999999892 17 55 -66
 3826 17 540.5999999999672 94 67 -66
 3826 16 537.4999999999579 97 71 -66
 3851 16 537.1999999999571 97 71 -66
 3851 18 352.59999999998934 17 55 -66
 3851 17 536.6999999999664 94 67 -66
 3876 16 543.5999999999563 97 71 -66
 3876 18 372.1999999999895 17 55 -66
 3876 17 542.6999999999655 94 67 -66
 3901 18 403.69999999998964 17 55 -66
 3901 17 564.9999999999648 94 67 -66
 3901 16 568.6999999999553 97 71 -66
 3926 17 553.0999999999638 94 67 -66
 3926 18 436.8999999999898 17 55 -66
 3926 16 553.4999999999543 97 71 -66
 3951 16 525.0999999999533 97 71 -66
 3951 18 450.99999999999 17 55 -66
 3951 17 527.0999999999628 94 67 -66
 3976 16 506.29999999995266 97 71 -66
 3976 18 466.9999999999902 17 55 -66
 3976 17 507.199999999962 94 67 -66
 4001 17 485.9999999999622 94 67 -66
 4001 18 500.69999999999044 17 55 -66
 4001 16 485.5999999999529 97 71 -66
 4026 17 474.19999999996236 94 67 -66
 4026 18 542.6999999999905 17 55 -66
 4051 18 659.0999999999897 17 55 -66
 4051 17 465.8999999999626 94 67 -66
 4076 18 704.2999999999886 17 55 -66
 4076 17 497.2999999999628 94 67 -66
 4101 18 724.7999999999874 17 55 -66
 4101 17 593.4999999999617 94 67 -66
 4126 18 750.2999999999863 17 55 -66
 4126 17 599.8999999999609 94 67 -66
 4151 18 771.7999999999852 17 55 -66
 4151 17 601.7999999999598 94 67 -66
 4176 18 793.299999999984 17 55 -66
 4176 17 598.6999999999588 94 67 -66
 4201 18 821.7999999999829 17 55 -66
 4226 18 855.2999999999818 17 55 -66
 4251 18 991.7999999999806 17 55 -66
 4276 18 1034.2999999999795 17 55 -66
 4301 18 1067.7999999999784 17 55 -66
 4326 18 1084.2999999999772 17 55 -66
 4351 18 1114.799999999976 17 55 -66
 4376 18 1124.299999999975 17 55 -66
 4401 18 1148.7999999999738 17 55 -66
 4426 18 1143.2999999999727 17 55 -66
 4451 18 1155.7999999999715 17 55 -66
 4476 18 1151.2999999999704 17 55 -66
 4501 18 1163.7999999999693 17 55 -66
 4526 18 1216.2999999999681 17 55 -66
 4551 18 1334.799999999967 17 55 -66
 4576 19 951.8999999999994 16 64 -66
 4576 18 989.2999999999658 17 55 -66
 4601 18 1053.7999999999647 17 55 -66
 4601 19 900.3999999999983 16 64 -66
 4626 18 1120.2999999999636 17 55 -66
 4626 19 894.8999999999971 16 64 -66
 4651 18 1185.7999999999624 17 55 -66
 4651 19 920.399999999996 16 64 -66
 4676 18 1204.2999999999613 17 55 -66
 4676 19 927.8999999999949 16 64 -66
 4701 18 1225.7999999999602 17 55 -66
 4701 19 922.3999999999937 16 64 -66
 4726 19 931.8999999999926 16 64 -66
 4726 18 1262.299999999959 17 55 -66
 4751 18 1351.799999999958 17 55 -66
 4751 19 927.3999999999915 16 64 -66
 4776 20 948.1999999999994 17 64 -66
 4776 18 903.2999999999568 17 55 -66
 4776 19 914.8999999999903 16 64 -66
 4801 20 960.6999999999982 17 64 -66
 4801 18 905.7999999999556 17 55 -66
 4801 19 912.3999999999892 16 64 -66
 4826 18 902.2999999999545 17 55 -66
 4826 19 906.899999999988 16 64 -66
 4826 20 976.1999999999971 17 64 -66
 4851 19 892.3999999999869 16 64 -66
 4851 20 1046.699999999996 17 64 -66
 4851 18 907.7999999999533 17 55 -66
 4876 18 916.2999999999522 17 55 -66
 4876 20 1088.1999999999948 17 64 -66
 4876 19 890.8999999999858 16 64 -66
 4901 20 1117.6999999999937 17 64 -66
 4901 19 863.3999999999846 16 64 -66
 4901 18 921.7999999999511 17 55 -66
 4926 18 913.2999999999499 17 55 -66
 4926 19 844.8999999999835 16 64 -66
 4926 20 1150.1999999999925 17 64 -66
 4951 19 820.3999999999824 16 64 -66
 4951 20 1192.6999999999914 17 64 -66
 4976 20 1235.1999999999903 17 64 -66
 4976 19 791.8999999999812 16 64 -66
 5001 20 1260.6999999999891 17 64 -66
 5001 19 743.3999999999801 16 64 -66
 5026 19 718.899999999979 16 64 -66
 5026 20 1281.199999999988 17 64 -66
 5051 19 696.3999999999778 16 64 -66
 5051 20 1335.6999999999869 17 64 -66
 5076 20 1394.1999999999857 17 64 -66
 5076 19 699.8999999999767 16 64 -66
 5101 21 937.0999999999992 8 61 -66
 5101 19 804.3999999999755 16 64 -66
 5101 20 948.6999999999846 17 64 -66
 5126 19 864.8999999999744 16 64 -66
 5126 21 856.5999999999981 8 61 -66
 5126 20 977.1999999999834 17 64 -66
 5151 21 823.099999999997 8 61 -66
 5151 20 972.6999999999823 17 64 -66
 5151 19 909.3999999999733 16 64 -66
 5176 19 927.8999999999721 16 64 -66
 5176 21 795.5999999999958 8 61 -66
 5176 20 969.1999999999812 17 64 -66
 5201 20 956.69999999998 17 64 -66
 5201 19 958.399999999971 16 64 -66
 5201 21 737.0999999999947 8 61 -66
 5226 20 940.1999999999789 17 64 -66
 5226 21 667.5999999999935 8 61 -66
 5226 19 1001.8999999999699 16 64 -66
 5251 21 606.4999999999925 8 61 -66
 5251 19 1028.3999999999687 16 64 -66
 5251 20 942.6999999999778 17 64 -66
 5276 19 1085.8999999999676 16 64 -66
 5276 21 554.8999999999917 8 61 -66
 5276 20 946.1999999999766 17 64 -66
 5301 21 497.2999999999911 8 61 -66
 5301 20 937.6999999999755 17 64 -66
 5301 19 1107.3999999999664 16 64 -66
 5326 20 1052.1999999999744 17 64 -66
 5326 19 1105.8999999999653 16 64 -66
 5326 21 436.6999999999913 8 61 -66
 5351 20 1034.6999999999732 17 64 -66
 5351 21 383.19999999999146 8 61 -66
 5351 19 1140.3999999999642 16 64 -66
 5376 21 334.3999999999916 8 61 -66
 5376 19 1176.899999999963 16 64 -66
 5376 20 1011.1999999999721 17 64 -66
 5401 19 1241.399999999962 16 64 -66
 5401 20 1024.699999999971 17 64 -66
 5401 21 293.0999999999917 8 61 -66
 5426 21 256.4999999999918 8 61 -66
 5426 20 1019.1999999999698 17 64 -66
 5426 19 1273.8999999999608 16 64 -66
 5451 21 222.99999999999187 8 61 -66
 5451 19 1277.3999999999596 16 64 -66
 5451 20 1011.6999999999687 17 64 -66
 5476 19 1286.8999999999585 16 64 -66
 5476 20 988.1999999999675 17 64 -66
 5476 21 171.99999999999199 8 61 -66
 5501 20 972.6999999999664 17 64 -66
 5501 19 1267.3999999999573 16 64 -66
 5501 21 138.49999999999204 8 61 -66
 5526 21 100.99999999999204 8 61 -66
 5526 19 1240.8999999999562 16 64 -66
 5526 20 960.1999999999653 17 64 -66
 5551 20 943.6999999999641 17 64 -66
 5551 19 1221.399999999955 16 64 -66
 5551 21 71.59999999999204 8 61 -66
 5576 20 1001.199999999963 17 64 -66
 5576 21 39.49999999999203 8 61 -66
 5576 19 1193.899999999954 16 64 -66
 5601 20 1040.6999999999618 17 64 -66
 5601 21 9.099999999992026 8 61 -66
 5601 19 1177.3999999999528 16 64 -66
 5626 20 1043.1999999999607 17 64 -66
 5626 19 1330.8999999999517 16 64 -66
 5651 19 1368.3999999999505 16 64 -66
 5651 20 1072.6999999999596 17 64 -66
 5676 19 1363.8999999999494 16 64 -66
 5676 20 1149.1999999999584 17 64 -66
 5701 20 1204.6999999999573 17 64 -66
 5701 19 1389.3999999999482 16 64 -66
 5726 19 940.8999999999471 16 64 -66
 5726 20 1259.1999999999562 17 64 -66
 5726 22 932.6999999999991 19 54 -66
 5751 22 905.199999999998 19 54 -66
 5751 20 1315.699999999955 17 64 -66
 5751 19 976.399999999946 16 64 -66
 5776 19 1029.8999999999448 16 64 -66
 5776 22 872.6999999999969 19 54 -66
 5776 20 1378.199999999954 17 64 -66
 5801 22 829.1999999999957 19 54 -66
 5801 23 940.6999999999991 10 55 -66
 5801 19 1032.3999999999437 16 64 -66
 5801 20 962.6999999999528 17 64 -66
 5826 19 1077.8999999999426 16 64 -66
 5826 20 1014.1999999999516 17 64 -66
 5826 23 914.199999999998 10 55 -66
 5826 22 812.6999999999946 19 54 -66
 5851 19 1094.3999999999414 16 64 -66
 5851 20 1124.6999999999505 17 64 -66
 5851 22 766.1999999999935 19 54 -66
 5851 23 897.6999999999969 10 55 -66
 5876 23 866.1999999999957 10 55 -66
 5876 19 1078.8999999999403 16 64 -66
 5876 20 1124.1999999999493 17 64 -66
 5876 22 702.6999999999923 19 54 -66
 5901 23 820.6999999999946 10 55 -66
 5901 22 699.1999999999912 19 54 -66
 5901 19 1028.8999999999392 16 64 -66
 5901 20 1098.1999999999482 17 64 -66
 5926 22 699.69999999999 19 54 -66
 5926 19 1041.399999999938 16 64 -66
 5926 23 778.1999999999935 10 55 -66
 5926 20 1058.699999999947 17 64 -66
 5951 23 718.6999999999923 10 55 -66
 5951 22 697.6999999999889 19 54 -66
 5951 20 1056.699999999946 17 64 -66
 5951 19 1033.8999999999369 16 64 -66
 5976 22 700.6999999999878 19 54 -66
 5976 20 1059.1999999999448 17 64 -66
 5976 19 1004.3999999999357 16 64 -66
 5976 23 675.6999999999912 10 55 -66
 6001 23 631.3999999999901 10 55 -66
 6001 20 1037.1999999999437 17 64 -66
 6001 19 962.3999999999346 16 64 -66
 6001 22 696.6999999999866 19 54 -66
 6026 23 594.799999999989 10 55 -66
 6026 22 699.6999999999855 19 54 -66
 6026 20 991.1999999999425 17 64 -66
 6026 19 894.3999999999335 16 64 -66
 6051 19 832.8999999999323 16 64 -66
 6051 23 560.0999999999881 10 55 -66
 6051 22 698.6999999999844 19 54 -66
 6051 20 946.1999999999414 17 64 -66
 6076 23 521.8999999999871 10 55 -66
 6076 22 697.6999999999832 19 54 -66
 6076 20 890.1999999999402 17 64 -66
 6101 20 890.1999999999391 17 64 -66
 6101 22 699.6999999999821 19 54 -66
 6101 23 478.2999999999871 10 55 -66
 6126 22 704.699999999981 19 54 -66
 6126 20 892.199999999938 17 64 -66
 6126 23 457.7999999999873 10 55 -66
 6151 22 798.1999999999798 19 54 -66
 6151 20 861.6999999999368 17 64 -66
 6151 23 450.3999999999874 10 55 -66
 6176 22 842.6999999999787 19 54 -66
 6176 23 423.6999999999876 10 55 -66
 6176 20 822.6999999999357 17 64 -66
 6201 22 882.1999999999775 19 54 -66
 6201 23 409.8999999999877 10 55 -66
 6201 20 818.6999999999346 17 64 -66
 6226 20 825.6999999999334 17 64 -66
 6226 23 389.29999999998785 10 55 -66
 6226 22 935.6999999999764 19 54 -66
 6251 20 817.6999999999323 17 64 -66
 6251 22 974.1999999999753 19 54 -66
 6251 23 361.399999999988 10 55 -66
 6276 23 329.79999999998813 10 55 -66
 6276 22 1103.6999999999741 19 54 -66
 6301 22 1169.199999999973 19 54 -66
 6301 23 317.49999999998823 10 55 -66
 6326 22 1231.6999999999719 19 54 -66
 6326 23 363.19999999998834 10 55 -66
 6351 22 1300.1999999999707 19 54 -66
 6351 23 407.6999999999885 10 55 -66
 6376 22 1345.6999999999696 19 54 -66
 6376 23 462.1999999999887 10 55 -66
 6401 23 502.5999999999889 10 55 -66
 6401 22 1378.1999999999684 19 54 -66
 6426 23 519.2999999999886 10 55 -66
 6426 24 949.4999999999993 17 53 -66
 6426 22 936.6999999999673 19 54 -66
 6451 23 544.6999999999878 10 55 -66
 6451 24 969.9999999999982 17 53 -66
 6451 22 978.1999999999662 19 54 -66
 6476 24 992.499999999997 17 53 -66
 6476 22 1024.699999999965 19 54 -66
 6476 23 559.799999999987 10 55 -66
 6501 22 1037.199999999964 19 54 -66
 6501 23 571.7999999999861 10 55 -66
 6501 24 975.9999999999959 17 53 -66
 6526 23 559.699999999985 10 55 -66
 6526 22 1061.6999999999628 19 54 -66
 6526 24 953.4999999999948 17 53 -66
 6551 24 915.4999999999936 17 53 -66
 6551 23 556.799999999984 10 55 -66
 6551 22 1082.1999999999616 19 54 -66
 6576 23 554.699999999983 10 55 -66
 6576 22 1098.6999999999605 19 54 -66
 6576 24 870.9999999999925 17 53 -66
 6601 22 1115.1999999999593 19 54 -66
 6601 24 822.4999999999914 17 53 -66
 6601 23 551.999999999982 10 55 -66
 6626 22 1124.6999999999582 19 54 -66
 6626 24 778.9999999999902 17 53 -66
 6626 23 566.899999999981 10 55 -66
 6651 22 1123.199999999957 19 54 -66
 6651 24 732.4999999999891 17 53 -66
 6651 23 582.8999999999801 10 55 -66
 6676 24 696.499999999988 17 53 -66
 6676 22 1178.699999999956 19 54 -66
 6676 23 597.6999999999791 10 55 -66
 6701 24 698.4999999999868 17 53 -66
 6701 22 1135.6999999999548 19 54 -66
 6701 23 612.5999999999781 10 55 -66
 6726 24 697.4999999999857 17 53 -66
 6726 22 1101.6999999999537 19 54 -66
 6726 23 621.099999999977 10 55 -66
 6751 24 700.4999999999845 17 53 -66
 6751 22 1077.6999999999525 19 54 -66
 6751 23 636.399999999976 10 55 -66
 6776 24 699.9999999999834 17 53 -66
 6776 23 649.5999999999749 10 55 -66
 6776 22 1079.1999999999514 19 54 -66
 6801 23 656.7999999999738 10 55 -66
 6801 22 1207.6999999999503 19 54 -66
 6801 24 698.4999999999823 17 53 -66
 6826 24 706.9999999999811 17 53 -66
 6826 22 1198.1999999999491 19 54 -66
 6826 23 675.2999999999727 10 55 -66
 6851 24 750.49999999998 17 53 -66
 6851 23 703.4999999999716 10 55 -66
 6851 22 1185.699999999948 19 54 -66
 6876 23 714.9999999999704 10 55 -66
 6876 22 1179.1999999999468 19 54 -66
 6876 24 776.9999999999789 17 53 -66
 6901 24 772.4999999999777 17 53 -66
 6901 22 1172.6999999999457 19 54 -66
 6901 23 768.4999999999693 10 55 -66
 6926 22 1208.1999999999446 19 54 -66
 6926 24 768.9999999999766 17 53 -66
 6926 23 954.9999999999682 10 55 -66
 6951 24 799.4999999999754 17 53 -66
 6951 23 1117.499999999967 10 55 -66
 6951 22 1234.6999999999434 19 54 -66
 6976 24 917.9999999999743 17 53 -66
 6976 23 1211.999999999966 10 55 -66
 6976 22 1233.1999999999423 19 54 -66
 7001 22 1226.6999999999412 19 54 -66
 7001 24 1015.4999999999732 17 53 -66
 7001 23 1223.4999999999648 10 55 -66
 7026 23 1215.9999999999636 10 55 -66
 7026 22 1220.19999999994 19 54 -66
 7026 24 1061.999999999972 17 53 -66
 7051 22 1201.6999999999389 19 54 -66
 7051 23 1213.4999999999625 10 55 -66
 7051 24 1057.499999999971 17 53 -66
 7076 23 1203.9999999999613 10 55 -66
 7076 24 1036.9999999999698 17 53 -66
 7076 22 1203.1999999999377 19 54 -66
 7101 22 1198.6999999999366 19 54 -66
 7101 24 1010.4999999999686 17 53 -66
 7101 23 1205.4999999999602 10 55 -66
 7126 23 1227.999999999959 10 55 -66
 7126 24 975.9999999999675 17 53 -66
 7126 22 1184.1999999999355 19 54 -66
 7151 22 1177.6999999999343 19 54 -66
 7151 23 1279.499999999958 10 55 -66
 7151 24 945.4999999999663 17 53 -66
 7176 24 923.9999999999652 17 53 -66
 7176 22 1173.1999999999332 19 54 -66
 7176 23 1321.9999999999568 10 55 -66
 7201 22 1230.699999999932 19 54 -66
 7201 23 1365.4999999999557 10 55 -66
 7201 24 889.4999999999641 17 53 -66
 7226 24 851.9999999999629 17 53 -66
 7226 23 931.9999999999545 10 55 -66
 7226 25 954.8999999999994 14 51 -66
 7251 23 969.4999999999534 10 55 -66
 7251 24 825.4999999999618 17 53 -66
 7251 25 970.3999999999983 14 51 -66
 7276 23 1018.9999999999523 10 55 -66
 7276 24 795.9999999999607 17 53 -66
 7276 25 1010.8999999999971 14 51 -66
 7301 24 765.4999999999595 17 53 -66
 7301 25 1030.399999999996 14 51 -66
 7326 25 1066.8999999999949 14 51 -66
 7326 24 778.9999999999584 17 53 -66
 7351 24 818.4999999999573 17 53 -66
 7351 25 1148.3999999999937 14 51 -66
 7376 25 1205.8999999999926 14 51 -66
 7376 24 921.9999999999561 17 53 -66
 7401 24 973.499999999955 17 53 -66
 7401 25 1246.3999999999915 14 51 -66
 7426 25 1285.8999999999903 14 51 -66
 7426 24 972.9999999999538 17 53 -66
 7451 24 982.4999999999527 17 53 -66
 7451 25 1345.3999999999892 14 51 -66
 7476 24 1082.9999999999516 17 53 -66
 7476 26 992.5999999999999 12 47 -66
 7476 25 906.899999999988 14 51 -66
 7501 26 940.0999999999988 12 47 -66
 7501 24 1158.4999999999504 17 53 -66
 7501 25 948.3999999999869 14 51 -66
 7526 24 1242.9999999999493 17 53 -66
 7526 26 1005.5999999999976 12 47 -66
 7526 25 1004.8999999999858 14 51 -66
 7551 25 1032.3999999999846 14 51 -66
 7551 26 1055.0999999999965 12 47 -66
 7551 24 1329.4999999999482 17 53 -66
 7576 26 1080.5999999999954 12 47 -66
 7576 25 1056.8999999999835 14 51 -66
 7576 24 1329.999999999947 17 53 -66
 7601 25 1055.3999999999824 14 51 -66
 7601 24 1316.4999999999459 17 53 -66
 7601 26 1088.0999999999942 12 47 -66
 7626 26 1100.599999999993 12 47 -66
 7626 24 1305.9999999999447 17 53 -66
 7626 25 1077.8999999999812 14 51 -66
 7651 26 1137.099999999992 12 47 -66
 7651 24 1302.4999999999436 17 53 -66
 7651 25 1081.39999999998 14 51 -66
 7676 25 1093.899999999979 14 51 -66
 7676 26 1148.5999999999908 12 47 -66
 7676 24 1276.9999999999425 17 53 -66
 7701 26 1152.0999999999897 12 47 -66
 7701 24 1260.4999999999413 17 53 -66
 7701 25 1085.3999999999778 14 51 -66
 7726 26 1156.5999999999885 12 47 -66
 7726 24 1263.9999999999402 17 53 -66
 7726 25 1106.8999999999767 14 51 -66
 7751 26 1152.0999999999874 12 47 -66
 7751 25 1260.3999999999755 14 51 -66
 7751 24 1273.499999999939 17 53 -66
 7776 26 1142.5999999999863 12 47 -66
 7776 24 1277.999999999938 17 53 -66
 7776 25 1302.8999999999744 14 51 -66
 7801 25 1309.3999999999733 14 51 -66
 7801 24 1274.4999999999368 17 53 -66
 7801 26 1131.0999999999851 12 47 -66
 7826 25 1313.8999999999721 14 51 -66
 7826 24 1323.9999999999357 17 53 -66
 7826 26 1109.599999999984 12 47 -66
 7851 25 1340.399999999971 14 51 -66
 7851 26 1096.0999999999829 12 47 -66
 7851 24 1322.4999999999345 17 53 -66
 7876 24 1341.9999999999334 17 53 -66
 7876 26 1077.5999999999817 12 47 -66
 7876 25 1389.8999999999699 14 51 -66
 7901 27 944.4999999999993 16 51 -66
 7901 25 936.3999999999687 14 51 -66
 7901 24 953.4999999999322 17 53 -66
 7901 26 1112.0999999999806 12 47 -66
 7901 28 951.8999999999994 12 57 -66
 7926 25 917.8999999999676 14 51 -66
 7926 27 867.9999999999982 16 51 -66
 7926 26 1087.5999999999794 12 47 -66
 7926 28 905.3999999999983 12 57 -66
 7951 28 835.8999999999971 12 57 -66
 7951 27 857.499999999997 16 51 -66
 7951 25 934.3999999999664 14 51 -66
 7951 26 1051.0999999999783 12 47 -66
 7976 26 996.5999999999772 12 47 -66
 7976 27 826.9999999999959 16 51 -66
 7976 28 817.399999999996 12 57 -66
 7976 25 943.8999999999653 14 51 -66
 8001 27 794.4999999999948 16 51 -66
 8001 25 996.3999999999642 14 51 -66
 8001 28 831.8999999999949 12 57 -66
 8001 26 948.099999999976 12 47 -66
 8026 26 894.5999999999749 12 47 -66
 8026 28 861.3999999999937 12 57 -66
 8026 25 1019.899999999963 14 51 -66
 8026 27 763.9999999999936 16 51 -66
 8051 28 889.8999999999926 12 57 -66
 8051 27 745.4999999999925 16 51 -66
 8051 25 1029.399999999962 14 51 -66
 8051 26 914.0999999999738 12 47 -66
 8076 26 903.5999999999726 12 47 -66
 8076 28 936.3999999999915 12 57 -66
 8076 27 812.9999999999914 16 51 -66
 8076 25 1037.8999999999608 14 51 -66
 8101 27 794.4999999999902 16 51 -66
 8101 26 864.0999999999715 12 47 -66
 8101 25 1051.3999999999596 14 51 -66
 8101 28 998.8999999999903 12 57 -66
 8126 27 761.9999999999891 16 51 -66
 8126 26 809.5999999999704 12 47 -66
 8126 25 1079.8999999999585 14 51 -66
 8126 28 1044.3999999999892 12 57 -66
 8151 28 1067.899999999988 12 57 -66
 8151 26 761.0999999999692 12 47 -66
 8151 25 1078.3999999999573 14 51 -66
 8151 27 719.499999999988 16 51 -66
 8176 25 1056.3999999999562 14 51 -66
 8176 26 697.5999999999681 12 47 -66
 8176 27 696.4999999999868 16 51 -66
 8176 28 1077.399999999987 12 57 -66
 8201 25 977.8999999999551 14 51 -66
 8201 28 1086.8999999999858 12 57 -66
 8201 26 696.5999999999669 12 47 -66
 8201 27 696.4999999999857 16 51 -66
 8226 25 880.3999999999539 14 51 -66
 8226 26 698.0999999999658 12 47 -66
 8226 27 696.4999999999845 16 51 -66
 8226 28 1084.8999999999846 12 57 -66
 8251 27 696.9999999999834 16 51 -66
 8251 28 1070.3999999999835 12 57 -66
 8251 25 932.8999999999528 14 51 -66
 8251 26 696.5999999999647 12 47 -66
 8276 28 1082.3999999999824 12 57 -66
 8276 27 696.4999999999823 16 51 -66
 8276 25 860.3999999999517 14 51 -66
 8276 26 697.5999999999635 12 47 -66
 8301 26 696.5999999999624 12 47 -66
 8301 25 771.3999999999505 14 51 -66
 8301 28 1148.3999999999812 12 57 -66
 8301 27 698.4999999999811 16 51 -66
 8326 28 1163.89999999998 12 57 -66
 8326 26 696.5999999999613 12 47 -66
 8326 25 696.8999999999494 14 51 -66
 8326 27 697.49999999998 16 51 -66
 8351 27 684.9999999999789 16 51 -66
 8351 28 1083.899999999979 12 57 -66
 8351 25 686.8999999999482 14 51 -66
 8351 26 687.0999999999601 12 47 -66
 8376 27 685.4999999999777 16 51 -66
 8376 25 687.8999999999471 14 51 -66
 8376 26 686.099999999959 12 47 -66
 8376 28 1041.3999999999778 12 57 -66
 8401 27 691.4999999999766 16 51 -66
 8401 25 692.399999999946 14 51 -66
 8401 28 1040.8999999999767 12 57 -66
 8401 26 692.0999999999578 12 47 -66
 8426 25 692.3999999999448 14 51 -66
 8426 28 1133.3999999999755 12 57 -66
 8426 27 690.9999999999754 16 51 -66
 8426 26 691.0999999999567 12 47 -66
 8451 27 681.9999999999743 16 51 -66
 8451 28 1095.3999999999744 12 57 -66
 8451 25 681.0999999999437 14 51 -66
 8451 26 682.7999999999556 12 47 -66
 8476 27 666.1999999999732 16 51 -66
 8476 25 667.5999999999426 14 51 -66
 8476 26 666.2999999999545 12 47 -66
 8476 28 1032.8999999999733 12 57 -66
 8501 25 662.4999999999416 14 51 -66
 8501 27 661.5999999999722 16 51 -66
 8501 28 980.3999999999721 12 57 -66
 8501 26 660.9999999999534 12 47 -66
 8526 27 661.7999999999711 16 51 -66
 8526 25 661.9999999999404 14 51 -66
 8526 26 662.6999999999523 12 47 -66
 8526 28 910.399999999971 12 57 -66
 8551 28 855.8999999999699 12 57 -66
 8551 26 666.6999999999512 12 47 -66
 8551 25 667.4999999999393 14 51 -66
 8551 27 667.7999999999699 16 51 -66
 8576 25 698.4999999999382 14 51 -66
 8576 28 767.3999999999687 12 57 -66
 8576 27 708.2999999999688 16 51 -66
 8576 26 697.69999999995 12 47 -66
 8601 25 699.999999999937 14 51 -66
 8601 28 763.3999999999676 12 57 -66
 8601 27 727.2999999999677 16 51 -66
 8601 26 698.1999999999489 12 47 -66
 8626 27 696.7999999999665 16 51 -66
 8626 26 696.6999999999477 12 47 -66
 8626 25 696.4999999999359 14 51 -66
 8626 28 748.8999999999664 12 57 -66
 8651 25 695.9999999999347 14 51 -66
 8651 28 712.3999999999653 12 57 -66
 8651 26 695.1999999999466 12 47 -66
 8651 27 694.2999999999654 16 51 -66
 8676 27 687.2999999999643 16 51 -66
 8676 26 688.1999999999455 12 47 -66
 8676 25 687.9999999999336 14 51 -66
 8676 28 712.3999999999642 12 57 -66
 8701 26 666.1999999999443 12 47 -66
 8701 28 725.899999999963 12 57 -66
 8701 27 665.9999999999632 16 51 -66
 8701 25 666.1999999999325 14 51 -66
 8726 26 628.8999999999432 12 47 -66
 8726 27 628.499999999962 16 51 -66
 8726 28 705.8999999999619 12 57 -66
 8751 27 601.399999999961 16 51 -66
 8751 26 601.4999999999422 12 47 -66
 8751 28 681.3999999999608 12 57 -66
 8776 26 568.9999999999413 12 47 -66
 8776 28 676.5999999999597 12 57 -66
 8776 27 568.19999999996 16 51 -66
 8801 27 543.299999999959 16 51 -66
 8801 28 745.5999999999585 12 57 -66
 8801 26 543.3999999999405 12 47 -66
 8826 27 534.9999999999582 16 51 -66
 8826 28 770.0999999999574 12 57 -66
 8826 26 534.6999999999396 12 47 -66
 8851 27 512.0999999999572 16 51 -66
 8851 28 768.5999999999563 12 57 -66
 8851 26 509.89999999993876 12 47 -66
 8876 26 502.69999999993837 12 47 -66
 8876 28 736.5999999999551 12 57 -66
 8876 27 503.499999999957 16 51 -66
 8901 27 502.0999999999572 16 51 -66
 8901 28 719.099999999954 12 57 -66
 8901 26 503.8999999999386 12 47 -66
 8926 26 518.9999999999386 12 47 -66
 8926 27 515.4999999999573 16 51 -66
 8926 28 775.5999999999528 12 57 -66
 8951 27 521.1999999999564 16 51 -66
 8951 28 914.0999999999517 12 57 -66
 8951 26 524.6999999999377 12 47 -66
 8976 27 515.3999999999555 16 51 -66
 8976 28 979.5999999999506 12 57 -66
 9001 28 1034.5999999999494 12 57 -66
 9001 27 499.5999999999554 16 51 -66
 9026 27 500.9999999999556 16 51 -66
 9026 28 1072.0999999999483 12 57 -66
 9051 27 489.99999999995583 16 51 -66
 9051 28 1096.5999999999472 12 57 -66
 9076 28 1124.099999999946 12 57 -66
 9076 27 496.69999999995605 16 51 -66
 9101 28 1137.5999999999449 12 57 -66
 9101 27 599.0999999999553 16 51 -66
 9126 27 722.2999999999543 16 51 -66
 9126 28 1217.0999999999437 12 57 -66
 9151 27 757.7999999999531 16 51 -66
 9151 28 1259.5999999999426 12 57 -66
 9176 28 1367.0999999999415 12 57 -66
 9176 27 816.299999999952 16 51 -66
 9201 27 841.7999999999508 16 51 -66
 9201 28 937.5999999999403 12 57 -66
 9201 29 933.3999999999992 8 58 -66
 9226 29 840.899999999998 8 58 -66
 9226 27 867.2999999999497 16 51 -66
 9226 28 954.0999999999392 12 57 -66
 9251 27 878.7999999999486 16 51 -66
 9251 29 762.3999999999969 8 58 -66
 9251 28 1028.599999999938 12 57 -66
 9276 29 719.8999999999958 8 58 -66
 9276 27 895.2999999999474 16 51 -66
 9276 28 1063.099999999937 12 57 -66
 9301 29 697.3999999999946 8 58 -66
 9301 28 1037.5999999999358 12 57 -66
 9301 27 915.7999999999463 16 51 -66
 9326 29 698.8999999999935 8 58 -66
 9326 27 936.2999999999452 16 51 -66
 9326 28 1068.0999999999347 12 57 -66
 9351 27 949.799999999944 16 51 -66
 9351 29 697.3999999999924 8 58 -66
 9351 28 1028.5999999999335 12 57 -66
 9376 27 966.2999999999429 16 51 -66
 9376 29 697.3999999999912 8 58 -66
 9376 28 953.5999999999324 12 57 -66
 9401 29 668.5999999999901 8 58 -66
 9426 29 628.4999999999891 8 58 -66
 9451 29 650.0999999999881 8 58 -66
 9476 29 671.599999999987 8 58 -66
 9501 29 668.7999999999859 8 58 -66
 9526 29 672.2999999999847 8 58 -66
 9551 29 686.4999999999836 8 58 -66
 9576 29 677.6999999999825 8 58 -66
 9601 29 669.5999999999815 8 58 -66
 9626 29 673.7999999999804 8 58 -66
 9651 29 740.9999999999793 8 58 -66
 9676 29 769.4999999999782 8 58 -66
 9701 29 798.999999999977 8 58 -66
 9726 29 841.4999999999759 8 58 -66
 9751 29 841.9999999999748 8 58 -66
 9776 29 839.4999999999736 8 58 -66
 9801 29 849.9999999999725 8 58 -66
 9826 29 853.4999999999714 8 58 -66
 9851 29 898.9999999999702 8 58 -66
 9876 29 913.4999999999691 8 58 -66
 9901 29 911.9999999999679 8 58 -66
 9926 29 905.4999999999668 8 58 -66
 9951 29 907.9999999999657 8 58 -66
 9976 29 951.4999999999645 8 58 -66
 10001 29 1050.9999999999634 8 58 -66
