 1 3 992.5999999999999 62 96 -66
 1 5 992.5999999999999 63 88 -66
 1 0 992.5999999999999 61 53 -66
 1 2 992.5999999999999 41 21 -66
 1 4 992.5999999999999 69 5 -66
 1 1 992.5999999999999 46 72 -66
 26 4 911.0999999999988 69 5 -66
 26 5 900.0999999999988 63 88 -66
 26 2 900.0999999999988 41 21 -66
 26 0 900.0999999999988 61 53 -66
 26 1 902.0999999999988 46 72 -66
 26 3 900.0999999999988 62 96 -66
 51 2 807.5999999999976 41 21 -66
 51 0 807.5999999999976 61 53 -66
 51 1 859.5999999999976 46 72 -66
 51 4 891.5999999999976 69 5 -66
 51 5 808.5999999999976 63 88 -66
 51 3 807.5999999999976 62 96 -66
 76 2 715.0999999999965 41 21 -66
 76 4 852.0999999999965 69 5 -66
 76 3 715.0999999999965 62 96 -66
 76 5 808.0999999999965 63 88 -66
 76 1 857.0999999999965 46 72 -66
 76 0 760.0999999999965 61 53 -66
 101 3 690.0999999999954 62 96 -66
 101 5 828.5999999999954 63 88 -66
 101 1 894.5999999999954 46 72 -66
 101 0 750.5999999999954 61 53 -66
 101 4 833.0999999999954 69 5 -66
 101 2 631.9999999999955 41 21 -66
 126 5 881.0999999999942 63 88 -66
 126 0 820.0999999999942 61 53 -66
 126 2 615.6999999999946 41 21 -66
 126 3 719.5999999999942 62 96 -66
 126 1 984.0999999999942 46 72 -66
 126 4 824.5999999999942 69 5 -66
 151 1 1038.599999999993 46 72 -66
 151 2 621.5999999999935 41 21 -66
 151 4 837.0999999999931 69 5 -66
 151 3 755.0999999999931 62 96 -66
 151 5 928.5999999999931 63 88 -66
 151 0 899.5999999999931 61 53 -66
 176 2 640.7999999999925 41 21 -66
 176 0 963.099999999992 61 53 -66
 176 1 1059.099999999992 46 72 -66
 176 5 974.099999999992 63 88 -66
 176 3 862.599999999992 62 96 -66
 176 4 906.599999999992 69 5 -66
 201 3 963.0999999999908 62 96 -66
 201 1 1089.0999999999908 46 72 -66
 201 0 1093.5999999999908 61 53 -66
 201 4 973.0999999999908 69 5 -66
 201 5 1027.5999999999908 63 88 -66
 201 2 649.8999999999915 41 21 -66
 226 4 1100.5999999999897 69 5 -66
 226 3 1064.5999999999897 62 96 -66
 226 1 1155.5999999999897 46 72 -66
 226 5 1080.0999999999897 63 88 -66
 226 2 659.7999999999904 41 21 -66
 226 0 1180.0999999999897 61 53 -66
 251 2 687.2999999999893 41 21 -66
 251 1 1201.0999999999885 46 72 -66
 251 4 1159.0999999999885 69 5 -66
 251 5 1121.5999999999885 63 88 -66
 251 0 1342.5999999999885 61 53 -66
 251 3 1133.0999999999885 62 96 -66
 276 0 909.0999999999874 61 53 -66
 276 3 1190.5999999999874 62 96 -66
 276 6 955.5999999999995 64 49 -66
 276 1 1260.5999999999874 46 72 -66
 276 5 1168.0999999999874 63 88 -66
 276 2 723.7999999999881 41 21 -66
 276 4 1192.5999999999874 69 5 -66
 301 2 803.299999999987 41 21 -66
 301 1 1334.0999999999863 46 72 -66
 301 6 939.0999999999983 64 49 -66
 301 4 1219.0999999999863 69 5 -66
 301 0 942.5999999999863 61 53 -66
 301 5 1204.5999999999863 63 88 -66
 301 3 1215.0999999999863 62 96 -66
 326 1 1390.5999999999851 46 72 -66
 326 2 977.7999999999859 41 21 -66
 326 6 984.5999999999972 64 49 -66
 326 3 1257.5999999999851 62 96 -66
 326 4 1232.5999999999851 69 5 -66
 326 0 964.0999999999851 61 53 -66
 326 5 1264.0999999999851 63 88 -66
 351 3 1342.099999999984 62 96 -66
 351 6 1043.099999999996 64 49 -66
 351 1 928.099999999984 46 72 -66
 351 5 1291.599999999984 63 88 -66
 351 4 1258.099999999984 69 5 -66
 351 2 1011.2999999999847 41 21 -66
 351 0 980.599999999984 61 53 -66
 351 7 918.899999999999 45 81 -66
 376 6 1089.599999999995 64 49 -66
 376 2 1030.7999999999836 41 21 -66
 376 4 1328.5999999999829 69 5 -66
 376 1 940.5999999999829 46 72 -66
 376 7 928.3999999999978 45 81 -66
 376 3 1387.5999999999829 62 96 -66
 376 5 1305.0999999999829 63 88 -66
 376 0 979.0999999999829 61 53 -66
 401 5 1331.5999999999817 63 88 -66
 401 6 1118.0999999999938 64 49 -66
 401 0 966.5999999999817 61 53 -66
 401 7 960.8999999999967 45 81 -66
 401 3 1040.0999999999817 62 96 -66
 401 8 935.1999999999989 65 92 -66
 401 1 956.0999999999817 46 72 -66
 401 2 1062.2999999999824 41 21 -66
 401 4 1336.0999999999817 69 5 -66
 426 5 977.0999999999806 63 88 -66
 426 6 1124.5999999999926 64 49 -66
 426 0 1051.0999999999806 61 53 -66
 426 1 965.5999999999806 46 72 -66
 426 2 1072.7999999999813 41 21 -66
 426 8 962.6999999999978 65 92 -66
 426 3 1066.5999999999806 62 96 -66
 426 4 1355.5999999999806 69 5 -66
 426 7 991.3999999999955 45 81 -66
 426 9 952.8999999999994 56 82 -66
 451 7 1018.8999999999944 45 81 -66
 451 0 1048.5999999999794 61 53 -66
 451 4 928.0999999999794 69 5 -66
 451 5 1022.5999999999794 63 88 -66
 451 6 1141.0999999999915 64 49 -66
 451 10 971.3999999999996 78 14 -66
 451 8 958.1999999999966 65 92 -66
 451 2 1024.2999999999802 41 21 -66
 451 3 1071.0999999999794 62 96 -66
 451 9 920.3999999999983 56 82 -66
 451 1 1009.0999999999794 46 72 -66
 476 1 1046.5999999999783 46 72 -66
 476 3 1099.5999999999783 62 96 -66
 476 0 1021.0999999999783 61 53 -66
 476 2 973.799999999979 41 21 -66
 476 5 1072.0999999999783 63 88 -66
 476 10 895.8999999999985 78 14 -66
 476 8 939.6999999999955 65 92 -66
 476 4 936.5999999999783 69 5 -66
 476 7 1038.3999999999933 45 81 -66
 476 6 1163.5999999999904 64 49 -66
 476 9 932.8999999999971 56 82 -66
 501 4 962.0999999999772 69 5 -66
 501 8 938.1999999999944 65 92 -66
 501 5 1122.5999999999772 63 88 -66
 501 3 1144.0999999999772 62 96 -66
 501 2 915.2999999999779 41 21 -66
 501 9 943.399999999996 56 82 -66
 501 6 1209.0999999999892 64 49 -66
 501 0 982.5999999999772 61 53 -66
 501 10 836.3999999999974 78 14 -66
 501 7 1054.8999999999921 45 81 -66
 501 1 1062.0999999999772 46 72 -66
 526 8 935.6999999999932 65 92 -66
 526 5 1133.099999999976 63 88 -66
 526 2 855.7999999999768 41 21 -66
 526 10 775.8999999999962 78 14 -66
 526 3 1156.599999999976 62 96 -66
 526 9 931.8999999999949 56 82 -66
 526 6 1230.599999999988 64 49 -66
 526 4 963.599999999976 69 5 -66
 526 1 1045.599999999976 46 72 -66
 526 7 1065.399999999991 45 81 -66
 526 0 943.099999999976 61 53 -66
 551 10 703.3999999999951 78 14 -66
 551 6 1236.099999999987 64 49 -66
 551 9 887.3999999999937 56 82 -66
 551 0 932.5999999999749 61 53 -66
 551 4 942.0999999999749 69 5 -66
 551 3 1194.099999999975 62 96 -66
 551 1 1027.099999999975 46 72 -66
 551 8 933.1999999999921 65 92 -66
 551 5 1126.599999999975 63 88 -66
 551 7 1066.8999999999899 45 81 -66
 551 2 795.2999999999756 41 21 -66
 576 3 1192.5999999999738 62 96 -66
 576 6 1236.5999999999858 64 49 -66
 576 7 1084.3999999999887 45 81 -66
 576 10 630.599999999994 78 14 -66
 576 4 898.5999999999738 69 5 -66
 576 1 999.5999999999738 46 72 -66
 576 0 900.0999999999738 61 53 -66
 576 5 1111.0999999999738 63 88 -66
 576 9 869.8999999999926 56 82 -66
 576 8 915.699999999991 65 92 -66
 576 2 731.7999999999745 41 21 -66
 601 5 1088.5999999999726 63 88 -66
 601 0 887.5999999999726 61 53 -66
 601 1 1008.0999999999726 46 72 -66
 601 3 1178.0999999999726 62 96 -66
 601 9 809.3999999999915 56 82 -66
 601 4 863.0999999999726 69 5 -66
 601 2 670.2999999999734 41 21 -66
 601 7 1080.8999999999876 45 81 -66
 601 10 555.899999999993 78 14 -66
 601 6 1227.0999999999847 64 49 -66
 601 8 886.1999999999898 65 92 -66
 626 9 757.8999999999903 56 82 -66
 626 6 1209.5999999999835 64 49 -66
 626 7 1082.3999999999864 45 81 -66
 626 8 867.6999999999887 65 92 -66
 626 3 1164.5999999999715 62 96 -66
 626 2 654.1999999999723 41 21 -66
 626 1 1009.5999999999715 46 72 -66
 626 10 488.9999999999926 78 14 -66
 626 0 840.0999999999715 61 53 -66
 626 4 847.5999999999715 69 5 -66
 626 5 1072.0999999999715 63 88 -66
 651 2 640.6999999999712 41 21 -66
 651 0 802.0999999999704 61 53 -66
 651 6 1196.0999999999824 64 49 -66
 651 1 1027.0999999999704 46 72 -66
 651 4 812.0999999999704 69 5 -66
 651 3 1143.0999999999704 62 96 -66
 651 5 1072.5999999999704 63 88 -66
 651 7 1110.8999999999853 45 81 -66
 651 10 442.0999999999928 78 14 -66
 651 8 831.1999999999875 65 92 -66
 651 9 692.8999999999892 56 82 -66
 676 3 1117.5999999999692 62 96 -66
 676 8 792.6999999999864 65 92 -66
 676 1 1050.0999999999692 46 72 -66
 676 5 1075.5999999999692 63 88 -66
 676 6 1179.5999999999813 64 49 -66
 676 7 1134.3999999999842 45 81 -66
 676 9 640.899999999988 56 82 -66
 676 10 387.599999999993 78 14 -66
 676 2 668.69999999997 41 21 -66
 676 0 773.5999999999692 61 53 -66
 676 4 773.5999999999692 69 5 -66
 701 8 802.1999999999853 65 92 -66
 701 4 729.0999999999681 69 5 -66
 701 0 725.5999999999681 61 53 -66
 701 7 1124.899999999983 45 81 -66
 701 5 1061.099999999968 63 88 -66
 701 1 1029.099999999968 46 72 -66
 701 3 1136.099999999968 62 96 -66
 701 6 1160.0999999999801 64 49 -66
 701 10 321.39999999999316 78 14 -66
 701 2 668.799999999969 41 21 -66
 701 9 601.999999999987 56 82 -66
 726 10 281.39999999999327 78 14 -66
 726 4 694.0999999999669 69 5 -66
 726 7 1190.399999999982 45 81 -66
 726 8 799.6999999999841 65 92 -66
 726 5 1040.599999999967 63 88 -66
 726 3 1201.099999999967 62 96 -66
 726 0 700.0999999999669 61 53 -66
 726 9 595.2999999999861 56 82 -66
 726 6 1138.599999999979 64 49 -66
 726 2 685.9999999999679 41 21 -66
 726 1 1003.5999999999669 46 72 -66
 751 2 747.4999999999668 41 21 -66
 751 9 613.7999999999852 56 82 -66
 751 1 991.0999999999658 46 72 -66
 751 5 1042.0999999999658 63 88 -66
 751 7 1209.8999999999808 45 81 -66
 751 6 1123.0999999999779 64 49 -66
 751 10 247.39999999999338 78 14 -66
 751 4 657.9999999999659 69 5 -66
 751 0 703.5999999999658 61 53 -66
 751 8 779.699999999983 65 92 -66
 751 3 1199.5999999999658 62 96 -66
 776 8 746.1999999999819 65 92 -66
 776 9 630.1999999999841 56 82 -66
 776 4 663.1999999999648 69 5 -66
 776 10 235.19999999999345 78 14 -66
 776 3 1162.5999999999647 62 96 -66
 776 5 1028.5999999999647 63 88 -66
 776 7 1202.3999999999796 45 81 -66
 776 0 854.0999999999647 61 53 -66
 776 6 1168.5999999999767 64 49 -66
 776 1 996.5999999999647 46 72 -66
 776 2 783.9999999999657 41 21 -66
 801 0 892.5999999999635 61 53 -66
 801 3 1153.0999999999635 62 96 -66
 801 8 707.6999999999807 65 92 -66
 801 4 667.3999999999637 69 5 -66
 801 9 638.399999999983 56 82 -66
 801 6 1175.0999999999756 64 49 -66
 801 2 827.4999999999645 41 21 -66
 801 5 987.0999999999635 63 88 -66
 801 7 1217.8999999999785 45 81 -66
 801 10 197.99999999999352 78 14 -66
 801 1 1051.0999999999635 46 72 -66
 826 6 1168.5999999999744 64 49 -66
 826 7 1208.3999999999774 45 81 -66
 826 0 882.0999999999624 61 53 -66
 826 1 1044.5999999999624 46 72 -66
 826 2 1018.9999999999634 41 21 -66
 826 9 646.099999999982 56 82 -66
 826 10 152.69999999999362 78 14 -66
 826 4 664.5999999999626 69 5 -66
 826 5 961.0999999999624 63 88 -66
 826 3 1127.5999999999624 62 96 -66
 826 8 725.1999999999796 65 92 -66
 851 2 1163.4999999999623 41 21 -66
 851 1 1036.0999999999613 46 72 -66
 851 10 109.79999999999366 78 14 -66
 851 9 640.4999999999809 56 82 -66
 851 3 1098.5999999999613 62 96 -66
 851 4 647.5999999999615 69 5 -66
 851 8 782.6999999999784 65 92 -66
 851 7 1232.8999999999762 45 81 -66
 851 0 902.0999999999613 61 53 -66
 851 6 1244.0999999999733 64 49 -66
 851 5 920.5999999999613 63 88 -66
 876 9 640.0999999999799 56 82 -66
 876 6 1280.5999999999722 64 49 -66
 876 1 1034.5999999999601 46 72 -66
 876 3 1096.5999999999601 62 96 -66
 876 8 800.6999999999773 65 92 -66
 876 5 889.0999999999601 63 88 -66
 876 10 79.29999999999364 78 14 -66
 876 0 904.5999999999601 61 53 -66
 876 7 1290.399999999975 45 81 -66
 876 4 644.7999999999604 69 5 -66
 876 2 1233.9999999999611 41 21 -66
 901 6 1294.099999999971 64 49 -66
 901 8 816.1999999999762 65 92 -66
 901 7 1303.899999999974 45 81 -66
 901 5 846.099999999959 63 88 -66
 901 10 48.89999999999364 78 14 -66
 901 9 641.1999999999789 56 82 -66
 901 4 682.7999999999593 69 5 -66
 901 1 1019.099999999959 46 72 -66
 901 0 891.099999999959 61 53 -66
 901 2 1279.49999999996 41 21 -66
 901 3 1142.599999999959 62 96 -66
 926 10 18.499999999993637 78 14 -66
 926 8 811.699999999975 65 92 -66
 926 9 662.5999999999779 56 82 -66
 926 2 1371.9999999999588 41 21 -66
 926 4 702.7999999999581 69 5 -66
 926 7 1289.3999999999728 45 81 -66
 926 0 887.0999999999578 61 53 -66
 926 6 1292.59999999997 64 49 -66
 926 3 1197.5999999999578 62 96 -66
 926 5 800.5999999999578 63 88 -66
 926 1 996.5999999999578 46 72 -66
 951 0 919.5999999999567 61 53 -66
 951 3 1186.0999999999567 62 96 -66
 951 9 704.2999999999768 56 82 -66
 951 1 966.0999999999567 46 72 -66
 951 5 865.5999999999567 63 88 -66
 951 8 805.1999999999739 65 92 -66
 951 7 1278.8999999999717 45 81 -66
 951 6 1274.0999999999688 64 49 -66
 951 2 1395.4999999999577 41 21 -66
 951 4 704.299999999957 69 5 -66
 976 5 847.0999999999556 63 88 -66
 976 1 928.5999999999556 46 72 -66
 976 6 1248.5999999999676 64 49 -66
 976 3 1163.5999999999556 62 96 -66
 976 7 1264.3999999999705 45 81 -66
 976 4 801.2999999999558 69 5 -66
 976 9 700.2999999999756 56 82 -66
 976 8 797.1999999999728 65 92 -66
 976 0 913.5999999999556 61 53 -66
 976 2 1392.9999999999566 41 21 -66
 1001 4 829.7999999999547 69 5 -66
 1001 9 698.2999999999745 56 82 -66
 1001 1 936.0999999999544 46 72 -66
 1001 8 764.6999999999716 65 92 -66
 1001 5 833.5999999999544 63 88 -66
 1001 7 1279.8999999999694 45 81 -66
 1001 2 1357.4999999999554 41 21 -66
 1001 6 1237.0999999999665 64 49 -66
 1001 0 874.5999999999544 61 53 -66
 1001 3 1147.0999999999544 62 96 -66
 1026 2 1306.9999999999543 41 21 -66
 1026 3 1189.5999999999533 62 96 -66
 1026 7 1359.3999999999683 45 81 -66
 1026 5 828.0999999999533 63 88 -66
 1026 4 848.2999999999536 69 5 -66
 1026 6 1216.5999999999653 64 49 -66
 1026 9 693.2999999999734 56 82 -66
 1026 0 835.5999999999533 61 53 -66
 1026 8 754.1999999999705 65 92 -66
 1026 1 933.5999999999533 46 72 -66
 1051 3 1194.0999999999522 62 96 -66
 1051 5 813.0999999999522 63 88 -66
 1051 9 697.7999999999722 56 82 -66
 1051 0 789.5999999999522 61 53 -66
 1051 7 1380.8999999999671 45 81 -66
 1051 8 748.6999999999694 65 92 -66
 1051 4 823.7999999999524 69 5 -66
 1051 2 1258.4999999999532 41 21 -66
 1051 6 1221.0999999999642 64 49 -66
 1051 1 934.0999999999522 46 72 -66
 1076 7 904.399999999966 45 81 -66
 1076 4 829.2999999999513 69 5 -66
 1076 2 1196.999999999952 41 21 -66
 1076 8 736.1999999999682 65 92 -66
 1076 9 691.2999999999711 56 82 -66
 1076 5 790.599999999951 63 88 -66
 1076 0 749.099999999951 61 53 -66
 1076 11 948.1999999999994 41 79 -66
 1076 3 1176.599999999951 62 96 -66
 1076 1 937.599999999951 46 72 -66
 1076 6 1250.599999999963 64 49 -66
 1101 2 1141.499999999951 41 21 -66
 1101 9 690.49999999997 56 82 -66
 1101 3 1166.09999999995 62 96 -66
 1101 11 855.6999999999982 41 79 -66
 1101 1 915.0999999999499 46 72 -66
 1101 4 840.7999999999502 69 5 -66
 1101 6 1326.099999999962 64 49 -66
 1101 5 776.5999999999499 63 88 -66
 1101 7 898.8999999999648 45 81 -66
 1101 8 710.6999999999671 65 92 -66
 1101 0 698.0999999999499 61 53 -66
 1126 8 697.6999999999659 65 92 -66
 1126 2 1075.9999999999498 41 21 -66
 1126 3 1153.5999999999487 62 96 -66
 1126 0 699.5999999999487 61 53 -66
 1126 4 859.799999999949 69 5 -66
 1126 9 694.4999999999688 56 82 -66
 1126 6 1323.0999999999608 64 49 -66
 1126 5 752.0999999999487 63 88 -66
 1126 1 897.5999999999487 46 72 -66
 1126 11 800.1999999999971 41 79 -66
 1126 7 893.3999999999637 45 81 -66
 1151 9 691.4999999999677 56 82 -66
 1151 2 1097.4999999999486 41 21 -66
 1151 6 1285.0999999999597 64 49 -66
 1151 1 858.0999999999476 46 72 -66
 1151 11 775.699999999996 41 79 -66
 1151 3 1125.0999999999476 62 96 -66
 1151 8 702.6999999999648 65 92 -66
 1151 5 739.5999999999476 63 88 -66
 1151 4 860.7999999999479 69 5 -66
 1151 7 894.8999999999626 45 81 -66
 1151 0 698.0999999999476 61 53 -66
 1176 11 732.1999999999948 41 79 -66
 1176 6 1231.5999999999585 64 49 -66
 1176 0 699.5999999999465 61 53 -66
 1176 1 890.5999999999465 46 72 -66
 1176 5 731.0999999999465 63 88 -66
 1176 2 1064.9999999999475 41 21 -66
 1176 3 1095.5999999999465 62 96 -66
 1176 4 862.2999999999467 69 5 -66
 1176 8 697.6999999999637 65 92 -66
 1176 7 948.3999999999614 45 81 -66
 1176 9 693.4999999999666 56 82 -66
 1201 11 696.1999999999937 41 79 -66
 1201 7 956.3999999999603 45 81 -66
 1201 0 697.5999999999453 61 53 -66
 1201 8 706.6999999999625 65 92 -66
 1201 1 852.0999999999453 46 72 -66
 1201 6 1194.5999999999574 64 49 -66
 1201 3 1072.5999999999453 62 96 -66
 1201 2 1051.4999999999463 41 21 -66
 1201 9 675.9999999999654 56 82 -66
 1201 5 718.5999999999453 63 88 -66
 1201 4 879.7999999999456 69 5 -66
 1226 5 701.0999999999442 63 88 -66
 1226 4 904.2999999999445 69 5 -66
 1226 9 680.1999999999643 56 82 -66
 1226 3 1079.5999999999442 62 96 -66
 1226 0 697.0999999999442 61 53 -66
 1226 2 1109.9999999999452 41 21 -66
 1226 6 1133.5999999999563 64 49 -66
 1226 8 724.1999999999614 65 92 -66
 1226 1 775.5999999999442 46 72 -66
 1226 11 692.6999999999925 41 79 -66
 1226 7 912.8999999999592 45 81 -66
 1251 2 1162.499999999944 41 21 -66
 1251 5 706.0999999999431 63 88 -66
 1251 7 950.399999999958 45 81 -66
 1251 6 1080.0999999999551 64 49 -66
 1251 1 696.5999999999431 46 72 -66
 1251 4 912.7999999999433 69 5 -66
 1251 0 696.5999999999431 61 53 -66
 1251 9 687.1999999999632 56 82 -66
 1251 8 733.6999999999603 65 92 -66
 1251 11 688.6999999999914 41 79 -66
 1251 3 1132.099999999943 62 96 -66
 1276 4 917.2999999999422 69 5 -66
 1276 3 1111.599999999942 62 96 -66
 1276 2 1235.999999999943 41 21 -66
 1276 9 669.5999999999622 56 82 -66
 1276 7 856.8999999999569 45 81 -66
 1276 11 694.3999999999903 41 79 -66
 1276 0 717.5999999999419 61 53 -66
 1276 8 735.1999999999591 65 92 -66
 1276 6 1021.099999999954 64 49 -66
 1276 1 697.5999999999419 46 72 -66
 1276 5 703.0999999999419 63 88 -66
 1301 2 1285.4999999999418 41 21 -66
 1301 6 1058.5999999999528 64 49 -66
 1301 5 732.0999999999408 63 88 -66
 1301 11 697.3999999999892 41 79 -66
 1301 4 909.7999999999411 69 5 -66
 1301 8 733.699999999958 65 92 -66
 1301 3 1089.0999999999408 62 96 -66
 1301 0 755.5999999999408 61 53 -66
 1301 9 677.099999999961 56 82 -66
 1301 1 698.5999999999408 46 72 -66
 1301 7 765.3999999999558 45 81 -66
 1326 9 702.5999999999599 56 82 -66
 1326 4 915.2999999999399 69 5 -66
 1326 0 801.5999999999397 61 53 -66
 1326 11 694.399999999988 41 79 -66
 1326 1 693.5999999999397 46 72 -66
 1326 3 1045.5999999999397 62 96 -66
 1326 7 693.8999999999546 45 81 -66
 1326 8 705.1999999999568 65 92 -66
 1326 6 1084.0999999999517 64 49 -66
 1326 5 714.0999999999397 63 88 -66
 1326 2 1341.9999999999407 41 21 -66
 1351 9 704.0999999999588 56 82 -66
 1351 6 1094.5999999999506 64 49 -66
 1351 4 921.7999999999388 69 5 -66
 1351 7 665.0999999999535 45 81 -66
 1351 0 808.0999999999385 61 53 -66
 1351 1 662.7999999999386 46 72 -66
 1351 12 959.2999999999995 40 22 -66
 1351 2 935.4999999999395 41 21 -66
 1351 3 1007.0999999999385 62 96 -66
 1351 8 741.6999999999557 65 92 -66
 1351 5 700.5999999999385 63 88 -66
 1351 11 660.8999999999869 41 79 -66
 1376 4 965.2999999999377 69 5 -66
 1376 8 794.1999999999546 65 92 -66
 1376 2 988.9999999999384 41 21 -66
 1376 7 637.2999999999524 45 81 -66
 1376 9 689.5999999999576 56 82 -66
 1376 1 634.6999999999375 46 72 -66
 1376 3 970.5999999999374 62 96 -66
 1376 0 769.5999999999374 61 53 -66
 1376 6 1162.5999999999494 64 49 -66
 1376 5 696.5999999999374 63 88 -66
 1376 11 633.7999999999859 41 79 -66
 1376 12 868.7999999999984 40 22 -66
 1401 6 1183.0999999999483 64 49 -66
 1401 11 632.1999999999848 41 79 -66
 1401 5 696.5999999999362 63 88 -66
 1401 0 772.0999999999362 61 53 -66
 1401 3 941.0999999999362 62 96 -66
 1401 2 1088.4999999999372 41 21 -66
 1401 12 858.2999999999972 40 22 -66
 1401 8 828.6999999999534 65 92 -66
 1401 4 1014.7999999999365 69 5 -66
 1401 9 677.2999999999565 56 82 -66
 1401 7 632.2999999999515 45 81 -66
 1401 1 633.1999999999366 46 72 -66
 1426 3 967.5999999999351 62 96 -66
 1426 5 696.5999999999351 63 88 -66
 1426 0 749.0999999999351 61 53 -66
 1426 11 618.399999999984 41 79 -66
 1426 8 876.1999999999523 65 92 -66
 1426 7 619.5999999999506 45 81 -66
 1426 4 1093.2999999999354 69 5 -66
 1426 9 683.9999999999554 56 82 -66
 1426 2 1218.999999999936 41 21 -66
 1426 6 1172.0999999999472 64 49 -66
 1426 12 872.7999999999961 40 22 -66
 1426 1 617.8999999999355 46 72 -66
 1451 7 586.2999999999495 45 81 -66
 1451 12 852.299999999995 40 22 -66
 1451 4 1203.7999999999342 69 5 -66
 1451 0 718.599999999934 61 53 -66
 1451 1 585.7999999999345 46 72 -66
 1451 6 1141.099999999946 64 49 -66
 1451 8 893.6999999999512 65 92 -66
 1451 9 696.4999999999543 56 82 -66
 1451 11 585.999999999983 41 79 -66
 1451 3 961.099999999934 62 96 -66
 1451 5 706.599999999934 63 88 -66
 1451 2 1284.999999999935 41 21 -66
 1476 11 555.299999999982 41 79 -66
 1476 5 734.0999999999328 63 88 -66
 1476 8 896.19999999995 65 92 -66
 1476 12 845.7999999999938 40 22 -66
 1476 1 558.6999999999334 46 72 -66
 1476 0 746.0999999999328 61 53 -66
 1476 6 1112.5999999999449 64 49 -66
 1476 9 689.9999999999532 56 82 -66
 1476 3 941.5999999999328 62 96 -66
 1476 4 1259.299999999933 69 5 -66
 1476 7 558.3999999999487 45 81 -66
 1476 2 1308.4999999999338 41 21 -66
 1501 4 1395.799999999932 69 5 -66
 1501 2 1292.9999999999327 41 21 -66
 1501 6 1087.0999999999437 64 49 -66
 1501 8 879.6999999999489 65 92 -66
 1501 0 745.0999999999317 61 53 -66
 1501 12 820.2999999999927 40 22 -66
 1501 11 535.1999999999812 41 79 -66
 1501 1 541.2999999999327 46 72 -66
 1501 7 538.4999999999479 45 81 -66
 1501 5 733.5999999999317 63 88 -66
 1501 3 903.0999999999317 62 96 -66
 1501 9 731.999999999952 56 82 -66
 1526 0 702.5999999999306 61 53 -66
 1526 5 732.0999999999306 63 88 -66
 1526 6 1078.5999999999426 64 49 -66
 1526 11 518.0999999999804 41 79 -66
 1526 13 936.599999999999 73 4 -66
 1526 8 865.1999999999477 65 92 -66
 1526 4 947.2999999999308 69 5 -66
 1526 7 518.6999999999471 45 81 -66
 1526 3 868.5999999999306 62 96 -66
 1526 2 1244.4999999999316 41 21 -66
 1526 9 734.4999999999509 56 82 -66
 1526 12 786.7999999999915 40 22 -66
 1526 1 519.0999999999319 46 72 -66
 1551 0 699.5999999999294 61 53 -66
 1551 5 711.0999999999294 63 88 -66
 1551 2 1170.9999999999304 41 21 -66
 1551 13 956.0999999999979 73 4 -66
 1551 7 549.5999999999462 45 81 -66
 1551 12 747.2999999999904 40 22 -66
 1551 4 963.7999999999297 69 5 -66
 1551 6 1043.0999999999415 64 49 -66
 1551 3 829.0999999999294 62 96 -66
 1551 8 848.6999999999466 65 92 -66
 1551 11 487.49999999998005 41 79 -66
 1551 9 723.9999999999498 56 82 -66
 1576 6 996.0999999999403 64 49 -66
 1576 13 950.5999999999967 73 4 -66
 1576 4 970.2999999999286 69 5 -66
 1576 2 1073.4999999999293 41 21 -66
 1576 9 717.4999999999486 56 82 -66
 1576 12 697.7999999999893 40 22 -66
 1576 8 833.1999999999455 65 92 -66
 1576 5 699.5999999999283 63 88 -66
 1576 0 698.5999999999283 61 53 -66
 1576 3 835.5999999999283 62 96 -66
 1576 11 508.09999999998024 41 79 -66
 1576 7 539.3999999999453 45 81 -66
 1601 7 539.5999999999444 45 81 -66
 1601 4 996.7999999999274 69 5 -66
 1601 0 696.0999999999271 61 53 -66
 1601 8 830.6999999999443 65 92 -66
 1601 6 943.0999999999392 64 49 -66
 1601 3 823.5999999999271 62 96 -66
 1601 11 526.6999999999796 41 79 -66
 1601 9 696.4999999999475 56 82 -66
 1601 2 942.4999999999281 41 21 -66
 1601 5 696.5999999999271 63 88 -66
 1601 13 911.0999999999956 73 4 -66
 1601 12 697.7999999999881 40 22 -66
 1626 3 797.599999999926 62 96 -66
 1626 13 869.5999999999945 73 4 -66
 1626 7 540.0999999999435 45 81 -66
 1626 2 811.499999999927 41 21 -66
 1626 4 996.2999999999263 69 5 -66
 1626 8 822.6999999999432 65 92 -66
 1626 12 697.799999999987 40 22 -66
 1626 5 697.599999999926 63 88 -66
 1626 9 691.9999999999463 56 82 -66
 1626 11 536.5999999999788 41 79 -66
 1626 6 877.0999999999381 64 49 -66
 1626 0 696.599999999926 61 53 -66
 1651 13 812.0999999999933 73 4 -66
 1651 12 695.7999999999859 40 22 -66
 1651 11 543.199999999978 41 79 -66
 1651 3 767.0999999999249 62 96 -66
 1651 9 694.9999999999452 56 82 -66
 1651 7 542.2999999999427 45 81 -66
 1651 4 996.7999999999251 69 5 -66
 1651 0 699.0999999999249 61 53 -66
 1651 6 835.5999999999369 64 49 -66
 1651 2 696.4999999999259 41 21 -66
 1651 8 820.1999999999421 65 92 -66
 1651 5 697.5999999999249 63 88 -66
 1676 7 580.8999999999419 45 81 -66
 1676 6 785.5999999999358 64 49 -66
 1676 13 765.5999999999922 73 4 -66
 1676 8 852.6999999999409 65 92 -66
 1676 11 532.6999999999771 41 79 -66
 1676 5 697.5999999999237 63 88 -66
 1676 3 721.5999999999237 62 96 -66
 1676 2 649.6999999999248 41 21 -66
 1676 9 700.9999999999441 56 82 -66
 1676 4 1034.299999999924 69 5 -66
 1676 12 651.3999999999849 40 22 -66
 1701 9 698.9999999999429 56 82 -66
 1701 12 602.4999999999839 40 22 -66
 1701 13 722.099999999991 73 4 -66
 1701 7 623.899999999941 45 81 -66
 1701 5 696.0999999999226 63 88 -66
 1701 11 551.7999999999763 41 79 -66
 1701 8 876.1999999999398 65 92 -66
 1701 2 601.6999999999236 41 21 -66
 1701 4 1065.7999999999229 69 5 -66
 1701 3 705.0999999999226 62 96 -66
 1701 6 785.5999999999347 64 49 -66
 1726 6 775.5999999999335 64 49 -66
 1726 8 847.6999999999387 65 92 -66
 1726 7 617.19999999994 45 81 -66
 1726 3 701.5999999999215 62 96 -66
 1726 11 618.4999999999754 41 79 -66
 1726 5 710.0999999999215 63 88 -66
 1726 2 579.1999999999227 41 21 -66
 1726 4 1057.2999999999217 69 5 -66
 1726 13 686.5999999999899 73 4 -66
 1726 12 578.5999999999829 40 22 -66
 1726 9 684.4999999999418 56 82 -66
 1751 13 665.2999999999888 73 4 -66
 1751 8 832.6999999999375 65 92 -66
 1751 6 783.0999999999324 64 49 -66
 1751 11 610.4999999999745 41 79 -66
 1751 3 742.5999999999203 62 96 -66
 1751 5 711.5999999999203 63 88 -66
 1751 2 547.299999999922 41 21 -66
 1751 9 683.6999999999407 56 82 -66
 1751 7 609.799999999939 45 81 -66
 1751 12 544.8999999999819 40 22 -66
 1751 4 1015.2999999999206 69 5 -66
 1776 4 966.7999999999195 69 5 -66
 1776 5 693.0999999999192 63 88 -66
 1776 3 738.0999999999192 62 96 -66
 1776 13 674.1999999999878 73 4 -66
 1776 9 678.1999999999396 56 82 -66
 1776 11 625.8999999999735 41 79 -66
 1776 8 912.1999999999364 65 92 -66
 1776 2 555.4999999999211 41 21 -66
 1776 12 556.399999999981 40 22 -66
 1776 7 635.2999999999381 45 81 -66
 1801 11 636.1999999999725 41 79 -66
 1801 13 697.3999999999867 73 4 -66
 1801 4 927.2999999999183 69 5 -66
 1801 9 662.8999999999385 56 82 -66
 1801 7 632.5999999999372 45 81 -66
 1801 8 955.1999999999352 65 92 -66
 1801 12 588.3999999999801 40 22 -66
 1801 2 589.0999999999201 41 21 -66
 1801 5 688.599999999918 63 88 -66
 1801 3 748.599999999918 62 96 -66
 1826 4 904.7999999999172 69 5 -66
 1826 9 679.2999999999374 56 82 -66
 1826 7 624.3999999999362 45 81 -66
 1826 11 626.3999999999714 41 79 -66
 1826 3 727.0999999999169 62 96 -66
 1826 5 688.499999999917 63 88 -66
 1826 2 612.1999999999193 41 21 -66
 1826 12 612.799999999979 40 22 -66
 1826 8 960.1999999999341 65 92 -66
 1826 13 694.8999999999855 73 4 -66
 1851 12 617.899999999978 40 22 -66
 1851 8 950.699999999933 65 92 -66
 1851 4 860.799999999916 69 5 -66
 1851 3 723.5999999999158 62 96 -66
 1851 11 626.5999999999704 41 79 -66
 1851 2 617.8999999999182 41 21 -66
 1851 5 747.4999999999159 63 88 -66
 1851 13 692.8999999999844 73 4 -66
 1851 9 706.2999999999363 56 82 -66
 1876 12 659.799999999977 40 22 -66
 1876 9 719.7999999999352 56 82 -66
 1876 2 660.6999999999173 41 21 -66
 1876 3 698.5999999999146 62 96 -66
 1876 13 693.3999999999833 73 4 -66
 1876 4 810.2999999999149 69 5 -66
 1876 8 1000.6999999999318 65 92 -66
 1876 5 777.9999999999147 63 88 -66
 1876 11 607.9999999999693 41 79 -66
 1901 12 660.4999999999759 40 22 -66
 1901 9 721.299999999934 56 82 -66
 1901 13 688.3999999999821 73 4 -66
 1901 2 660.6999999999161 41 21 -66
 1901 11 620.2999999999683 41 79 -66
 1901 4 772.2999999999138 69 5 -66
 1901 3 686.0999999999135 62 96 -66
 1926 2 663.5999999999151 41 21 -66
 1926 3 680.5999999999124 62 96 -66
 1926 12 663.9999999999748 40 22 -66
 1926 11 640.5999999999674 41 79 -66
 1926 4 762.7999999999126 69 5 -66
 1926 13 705.899999999981 73 4 -66
 1951 2 668.299999999914 41 21 -66
 1951 4 811.7999999999115 69 5 -66
 1951 13 729.3999999999799 73 4 -66
 1951 11 670.8999999999664 41 79 -66
 1951 3 745.2999999999113 62 96 -66
 1951 12 670.6999999999737 40 22 -66
 1976 13 738.8999999999787 73 4 -66
 1976 11 687.5999999999653 41 79 -66
 1976 3 810.7999999999101 62 96 -66
 1976 2 663.4999999999129 41 21 -66
 1976 12 664.3999999999726 40 22 -66
 2001 2 667.4999999999118 41 21 -66
 2001 13 762.3999999999776 73 4 -66
 2001 11 693.0999999999642 41 79 -66
 2001 12 667.7999999999715 40 22 -66
 2001 3 836.299999999909 62 96 -66
 2026 11 709.5999999999631 41 79 -66
 2026 2 659.9999999999106 41 21 -66
 2026 12 658.9999999999704 40 22 -66
 2026 13 766.8999999999764 73 4 -66
 2051 11 746.0999999999619 41 79 -66
 2051 2 641.5999999999096 41 21 -66
 2051 13 763.3999999999753 73 4 -66
 2051 12 641.1999999999694 40 22 -66
 2076 2 601.3999999999087 41 21 -66
 2076 13 749.8999999999742 73 4 -66
 2076 11 785.5999999999608 41 79 -66
 2076 12 602.2999999999683 40 22 -66
 2101 13 747.399999999973 73 4 -66
 2101 2 554.6999999999077 41 21 -66
 2101 12 554.6999999999673 40 22 -66
 2101 11 815.5999999999597 41 79 -66
 2126 12 502.2999999999667 40 22 -66
 2126 11 886.0999999999585 41 79 -66
 2126 13 732.8999999999719 73 4 -66
 2151 12 458.0999999999669 40 22 -66
 2151 13 709.3999999999708 73 4 -66
 2151 11 966.5999999999574 41 79 -66
 2176 11 1018.0999999999563 41 79 -66
 2176 12 430.4999999999671 40 22 -66
 2176 13 669.8999999999696 73 4 -66
 2201 13 637.7999999999686 73 4 -66
 2201 11 1075.5999999999551 41 79 -66
 2201 12 396.29999999996727 40 22 -66
 2226 13 626.9999999999675 73 4 -66
 2226 11 1190.099999999954 41 79 -66
 2226 12 396.69999999996736 40 22 -66
 2251 12 368.19999999996753 40 22 -66
 2251 13 617.1999999999664 73 4 -66
 2251 11 1302.5999999999528 41 79 -66
 2276 11 974.0999999999517 41 79 -66
 2276 14 944.4999999999993 37 81 -66
 2276 13 617.0999999999653 73 4 -66
 2276 12 371.3999999999677 40 22 -66
 2301 11 1030.5999999999506 41 79 -66
 2301 13 611.9999999999643 73 4 -66
 2301 12 380.0999999999678 40 22 -66
 2301 14 890.9999999999982 37 81 -66
 2326 13 607.2999999999633 73 4 -66
 2326 14 862.499999999997 37 81 -66
 2326 12 417.99999999996794 40 22 -66
 2326 11 1069.0999999999494 41 79 -66
 2351 14 816.9999999999959 37 81 -66
 2351 13 609.4999999999623 73 4 -66
 2351 12 486.7999999999681 40 22 -66
 2351 11 1114.5999999999483 41 79 -66
 2376 13 645.0999999999613 73 4 -66
 2376 14 785.4999999999948 37 81 -66
 2376 12 531.899999999968 40 22 -66
 2376 11 1140.0999999999472 41 79 -66
 2401 14 727.9999999999936 37 81 -66
 2401 12 569.2999999999672 40 22 -66
 2401 11 1251.599999999946 41 79 -66
 2401 13 632.2999999999602 73 4 -66
 2426 14 697.4999999999925 37 81 -66
 2426 13 657.1999999999591 73 4 -66
 2426 12 590.5999999999663 40 22 -66
 2426 11 1244.0999999999449 41 79 -66
 2451 12 630.0999999999651 40 22 -66
 2451 14 696.4999999999914 37 81 -66
 2451 13 796.399999999958 73 4 -66
 2451 11 1174.0999999999437 41 79 -66
 2476 14 696.9999999999902 37 81 -66
 2476 12 650.9999999999641 40 22 -66
 2476 11 1129.5999999999426 41 79 -66
 2476 13 852.8999999999569 73 4 -66
 2501 13 962.3999999999558 73 4 -66
 2501 11 1061.0999999999415 41 79 -66
 2501 14 696.4999999999891 37 81 -66
 2501 12 641.4999999999629 40 22 -66
 2526 14 695.999999999988 37 81 -66
 2526 12 623.6999999999618 40 22 -66
 2526 11 1029.5999999999403 41 79 -66
 2526 13 1059.8999999999546 73 4 -66
 2551 13 1116.3999999999535 73 4 -66
 2551 11 949.0999999999392 41 79 -66
 2551 12 606.8999999999608 40 22 -66
 2551 14 697.4999999999868 37 81 -66
 2576 14 658.9999999999857 37 81 -66
 2576 12 564.7999999999597 40 22 -66
 2576 13 1156.8999999999523 73 4 -66
 2601 13 1173.3999999999512 73 4 -66
 2601 12 523.0999999999588 40 22 -66
 2601 14 615.1999999999846 37 81 -66
 2626 12 473.7999999999587 40 22 -66
 2626 14 580.0999999999835 37 81 -66
 2626 13 1167.89999999995 73 4 -66
 2651 12 421.29999999995886 40 22 -66
 2651 13 1205.399999999949 73 4 -66
 2651 14 617.6999999999825 37 81 -66
 2676 14 681.1999999999814 37 81 -66
 2676 12 378.199999999959 40 22 -66
 2676 13 1230.8999999999478 73 4 -66
 2701 14 707.6999999999803 37 81 -66
 2701 13 1247.3999999999467 73 4 -66
 2701 12 325.39999999995916 40 22 -66
 2726 13 1273.8999999999455 73 4 -66
 2726 12 298.19999999995923 40 22 -66
 2726 14 726.1999999999791 37 81 -66
 2751 14 787.699999999978 37 81 -66
 2751 12 271.89999999995933 40 22 -66
 2751 13 1308.3999999999444 73 4 -66
 2776 14 890.1999999999769 37 81 -66
 2776 12 251.59999999995944 40 22 -66
 2776 13 1310.8999999999432 73 4 -66
 2801 14 994.6999999999757 37 81 -66
 2801 12 247.29999999995954 40 22 -66
 2801 13 1316.399999999942 73 4 -66
 2826 12 223.59999999995966 40 22 -66
 2826 13 1299.899999999941 73 4 -66
 2826 14 1078.1999999999746 37 81 -66
 2851 14 1126.6999999999734 37 81 -66
 2851 13 1354.3999999999398 73 4 -66
 2876 14 1210.1999999999723 37 81 -66
 2876 13 1385.8999999999387 73 4 -66
 2901 13 901.3999999999376 73 4 -66
 2901 14 1286.6999999999712 37 81 -66
 2901 15 938.0999999999992 80 94 -66
 2926 13 943.8999999999364 73 4 -66
 2926 14 1383.19999999997 37 81 -66
 2926 15 862.5999999999981 80 94 -66
 2951 14 982.6999999999689 37 81 -66
 2951 13 948.3999999999353 73 4 -66
 2951 16 940.3999999999992 29 75 -66
 2951 15 782.099999999997 80 94 -66
 2976 15 726.5999999999958 80 94 -66
 2976 13 1037.8999999999342 73 4 -66
 2976 16 912.899999999998 29 75 -66
 2976 14 1039.1999999999678 37 81 -66
 3001 14 1066.6999999999666 37 81 -66
 3001 16 928.3999999999969 29 75 -66
 3001 13 1061.899999999933 73 4 -66
 3001 15 677.5999999999947 80 94 -66
 3026 14 1070.1999999999655 37 81 -66
 3026 15 629.2999999999936 80 94 -66
 3026 16 921.8999999999958 29 75 -66
 3051 14 1063.6999999999643 37 81 -66
 3051 16 886.3999999999946 29 75 -66
 3051 15 619.9999999999927 80 94 -66
 3076 15 620.5999999999917 80 94 -66
 3076 14 1070.1999999999632 37 81 -66
 3076 16 849.8999999999935 29 75 -66
 3101 16 813.3999999999924 29 75 -66
 3101 14 1077.699999999962 37 81 -66
 3101 15 649.4999999999907 80 94 -66
 3126 14 1065.199999999961 37 81 -66
 3126 16 752.8999999999912 29 75 -66
 3126 15 656.0999999999897 80 94 -66
 3151 15 661.2999999999886 80 94 -66
 3151 14 1053.6999999999598 37 81 -66
 3151 16 702.3999999999901 29 75 -66
 3176 16 651.599999999989 29 75 -66
 3176 14 1099.1999999999587 37 81 -66
 3176 15 661.7999999999874 80 94 -66
 3201 14 1151.6999999999575 37 81 -66
 3201 16 628.5999999999881 29 75 -66
 3201 15 676.9999999999864 80 94 -66
 3226 15 717.4999999999852 80 94 -66
 3226 14 1146.1999999999564 37 81 -66
 3226 16 601.1999999999871 29 75 -66
 3251 15 745.9999999999841 80 94 -66
 3251 14 1131.6999999999553 37 81 -66
 3251 16 559.099999999986 29 75 -66
 3276 14 1123.1999999999541 37 81 -66
 3276 16 544.1999999999853 29 75 -66
 3276 15 772.499999999983 80 94 -66
 3301 14 1126.699999999953 37 81 -66
 3301 15 791.9999999999818 80 94 -66
 3301 16 539.8999999999844 29 75 -66
 3326 15 814.4999999999807 80 94 -66
 3326 16 505.8999999999837 29 75 -66
 3326 14 1196.1999999999518 37 81 -66
 3351 14 1218.6999999999507 37 81 -66
 3351 16 488.89999999998395 29 75 -66
 3351 15 832.9999999999795 80 94 -66
 3376 14 1238.1999999999496 37 81 -66
 3376 16 452.69999999998413 29 75 -66
 3376 15 862.4999999999784 80 94 -66
 3401 15 945.9999999999773 80 94 -66
 3401 16 437.09999999998433 29 75 -66
 3401 14 1257.6999999999484 37 81 -66
 3426 16 428.69999999998447 29 75 -66
 3426 14 1288.1999999999473 37 81 -66
 3426 15 982.4999999999761 80 94 -66
 3451 14 1326.6999999999462 37 81 -66
 3451 15 987.999999999975 80 94 -66
 3451 16 403.6999999999847 29 75 -66
 3476 15 1071.4999999999739 80 94 -66
 3476 14 1363.199999999945 37 81 -66
 3476 16 404.6999999999848 29 75 -66
 3501 15 1147.9999999999727 80 94 -66
 3501 17 996.3 39 72 -66
 3501 16 400.0999999999849 29 75 -66
 3501 14 898.6999999999439 37 81 -66
 3526 14 926.1999999999427 37 81 -66
 3526 15 1151.4999999999716 80 94 -66
 3526 17 925.7999999999988 39 72 -66
 3526 16 403.4999999999851 29 75 -66
 3551 17 891.2999999999977 39 72 -66
 3551 14 933.6999999999416 37 81 -66
 3551 15 1185.9999999999704 80 94 -66
 3551 16 409.39999999998525 29 75 -66
 3576 17 861.7999999999965 39 72 -66
 3576 14 900.1999999999405 37 81 -66
 3576 16 384.49999999998545 29 75 -66
 3576 15 1175.4999999999693 80 94 -66
 3601 17 851.2999999999954 39 72 -66
 3601 15 1220.9999999999682 80 94 -66
 3601 14 880.6999999999393 37 81 -66
 3601 16 348.0999999999856 29 75 -66
 3626 14 835.1999999999382 37 81 -66
 3626 17 820.7999999999943 39 72 -66
 3626 15 1283.499999999967 80 94 -66
 3626 16 311.29999999998574 29 75 -66
 3651 17 777.2999999999931 39 72 -66
 3651 14 800.6999999999371 37 81 -66
 3651 15 1255.999999999966 80 94 -66
 3651 16 256.39999999998594 29 75 -66
 3676 15 1240.4999999999648 80 94 -66
 3676 14 755.1999999999359 37 81 -66
 3676 16 224.09999999998604 29 75 -66
 3676 17 741.799999999992 39 72 -66
 3701 14 807.6999999999348 37 81 -66
 3701 17 711.2999999999909 39 72 -66
 3701 16 190.19999999998612 29 75 -66
 3701 15 1227.9999999999636 80 94 -66
 3726 16 156.2999999999862 29 75 -66
 3726 17 697.7999999999897 39 72 -66
 3726 15 1205.4999999999625 80 94 -66
 3726 14 794.1999999999337 37 81 -66
 3751 14 713.6999999999325 37 81 -66
 3751 16 122.09999999998625 29 75 -66
 3751 17 702.2999999999886 39 72 -66
 3751 15 1227.9999999999613 80 94 -66
 3776 17 666.7999999999874 39 72 -66
 3776 16 87.59999999998624 29 75 -66
 3776 15 1258.4999999999602 80 94 -66
 3801 15 1326.999999999959 80 94 -66
 3801 17 644.9999999999864 39 72 -66
 3801 16 57.79999999998623 29 75 -66
 3826 16 40.099999999986224 29 75 -66
 3826 17 710.1999999999853 39 72 -66
 3826 15 927.4999999999579 80 94 -66
 3826 18 974.0999999999997 82 3 -66
 3851 17 779.6999999999841 39 72 -66
 3851 16 18.399999999986225 29 75 -66
 3851 15 989.9999999999568 80 94 -66
 3851 18 951.5999999999985 82 3 -66
 3876 17 798.199999999983 39 72 -66
 3876 18 953.0999999999974 82 3 -66
 3876 15 1009.4999999999557 80 94 -66
 3901 15 1033.9999999999545 80 94 -66
 3901 18 951.5999999999963 82 3 -66
 3901 17 814.6999999999819 39 72 -66
 3926 18 939.0999999999951 82 3 -66
 3926 17 835.1999999999807 39 72 -66
 3926 15 1132.4999999999534 80 94 -66
 3951 18 886.599999999994 82 3 -66
 3951 17 859.6999999999796 39 72 -66
 3951 15 1180.9999999999523 80 94 -66
 3976 18 849.0999999999929 82 3 -66
 3976 15 1185.4999999999511 80 94 -66
 3976 17 882.1999999999784 39 72 -66
 4001 18 804.5999999999917 82 3 -66
 4001 15 1236.99999999995 80 94 -66
 4001 17 898.6999999999773 39 72 -66
 4026 15 1265.4999999999488 80 94 -66
 4026 17 914.1999999999762 39 72 -66
 4026 18 754.0999999999906 82 3 -66
 4051 17 957.699999999975 39 72 -66
 4051 18 697.5999999999894 82 3 -66
 4051 15 1276.9999999999477 80 94 -66
 4076 18 702.0999999999883 82 3 -66
 4076 15 1246.4999999999466 80 94 -66
 4076 17 1085.199999999974 39 72 -66
 4101 15 1212.9999999999454 80 94 -66
 4101 17 1208.6999999999728 39 72 -66
 4101 18 697.5999999999872 82 3 -66
 4126 18 696.599999999986 82 3 -66
 4126 17 1276.1999999999716 39 72 -66
 4126 15 1252.9999999999443 80 94 -66
 4151 18 696.5999999999849 82 3 -66
 4151 15 1223.9999999999432 80 94 -66
 4151 17 1314.6999999999705 39 72 -66
 4176 15 1205.999999999942 80 94 -66
 4176 18 696.5999999999838 82 3 -66
 4176 17 1366.1999999999694 39 72 -66
 4201 19 977.7999999999997 35 62 -66
 4201 18 698.5999999999826 82 3 -66
 4201 17 914.6999999999682 39 72 -66
 4201 15 1132.9999999999409 80 94 -66
 4226 18 697.5999999999815 82 3 -66
 4226 15 1090.9999999999397 80 94 -66
 4226 19 969.2999999999986 35 62 -66
 4226 17 1026.199999999967 39 72 -66
 4251 15 1038.9999999999386 80 94 -66
 4251 18 699.5999999999804 82 3 -66
 4251 19 1024.7999999999975 35 62 -66
 4251 17 1101.699999999966 39 72 -66
 4276 18 700.5999999999792 82 3 -66
 4276 19 1070.2999999999963 35 62 -66
 4276 17 1114.1999999999648 39 72 -66
 4276 15 1011.9999999999375 80 94 -66
 4301 19 1094.7999999999952 35 62 -66
 4301 15 969.9999999999363 80 94 -66
 4301 17 1129.6999999999637 39 72 -66
 4301 18 697.5999999999781 82 3 -66
 4326 18 696.599999999977 82 3 -66
 4326 17 1142.1999999999625 39 72 -66
 4326 15 934.9999999999352 80 94 -66
 4326 19 1085.299999999994 35 62 -66
 4351 18 707.0999999999758 82 3 -66
 4351 19 1082.799999999993 35 62 -66
 4351 15 954.4999999999341 80 94 -66
 4351 17 1242.6999999999614 39 72 -66
 4376 18 698.5999999999747 82 3 -66
 4376 19 1058.2999999999918 35 62 -66
 4376 17 1276.1999999999603 39 72 -66
 4376 15 915.9999999999329 80 94 -66
 4401 17 1249.6999999999591 39 72 -66
 4401 18 723.0999999999735 82 3 -66
 4401 19 1046.7999999999906 35 62 -66
 4426 17 1278.199999999958 39 72 -66
 4426 18 759.5999999999724 82 3 -66
 4426 19 1027.2999999999895 35 62 -66
 4451 18 806.0999999999713 82 3 -66
 4451 17 1340.6999999999568 39 72 -66
 4451 19 1016.7999999999884 35 62 -66
 4476 17 1359.1999999999557 39 72 -66
 4476 19 987.2999999999872 35 62 -66
 4476 18 804.5999999999701 82 3 -66
 4501 18 801.099999999969 82 3 -66
 4501 17 1360.6999999999546 39 72 -66
 4501 19 968.7999999999861 35 62 -66
 4526 19 955.299999999985 35 62 -66
 4526 18 842.5999999999678 82 3 -66
 4526 17 1356.1999999999534 39 72 -66
 4551 17 1360.6999999999523 39 72 -66
 4551 18 873.0999999999667 82 3 -66
 4551 19 928.7999999999838 35 62 -66
 4576 19 919.2999999999827 35 62 -66
 4576 18 854.5999999999656 82 3 -66
 4576 17 1354.1999999999512 39 72 -66
 4601 19 896.7999999999815 35 62 -66
 4601 17 903.69999999995 39 72 -66
 4601 20 996.3 37 62 -66
 4601 18 846.0999999999644 82 3 -66
 4626 20 904.7999999999988 37 62 -66
 4626 19 895.2999999999804 35 62 -66
 4626 17 973.1999999999489 39 72 -66
 4626 18 822.5999999999633 82 3 -66
 4651 19 869.7999999999793 35 62 -66
 4651 17 996.6999999999477 39 72 -66
 4651 20 828.2999999999977 37 62 -66
 4651 18 833.0999999999622 82 3 -66
 4676 19 927.2999999999781 35 62 -66
 4676 17 1007.1999999999466 39 72 -66
 4676 18 870.599999999961 82 3 -66
 4676 20 778.7999999999965 37 62 -66
 4701 18 913.0999999999599 82 3 -66
 4701 20 763.2999999999954 37 62 -66
 4701 17 1039.6999999999455 39 72 -66
 4701 19 1012.799999999977 35 62 -66
 4726 20 721.7999999999943 37 62 -66
 4726 18 987.5999999999588 82 3 -66
 4726 17 1039.1999999999443 39 72 -66
 4726 19 1041.2999999999759 35 62 -66
 4751 17 1052.6999999999432 39 72 -66
 4751 19 1080.7999999999747 35 62 -66
 4751 20 711.2999999999931 37 62 -66
 4751 18 993.0999999999576 82 3 -66
 4776 19 1099.7999999999736 35 62 -66
 4776 20 697.799999999992 37 62 -66
 4776 17 1026.699999999942 39 72 -66
 4776 18 1036.5999999999565 82 3 -66
 4801 17 970.6999999999409 39 72 -66
 4801 19 1224.2999999999724 35 62 -66
 4801 20 696.7999999999909 37 62 -66
 4801 18 1050.0999999999553 82 3 -66
 4826 20 697.7999999999897 37 62 -66
 4826 19 1258.2999999999713 35 62 -66
 4826 18 1048.5999999999542 82 3 -66
 4826 17 894.1999999999398 39 72 -66
 4851 20 704.7999999999886 37 62 -66
 4851 18 1039.099999999953 82 3 -66
 4851 17 835.6999999999387 39 72 -66
 4851 19 1250.2999999999702 35 62 -66
 4876 20 697.7999999999874 37 62 -66
 4876 19 1256.799999999969 35 62 -66
 4876 18 1068.599999999952 82 3 -66
 4876 17 844.6999999999375 39 72 -66
 4901 20 697.7999999999863 37 62 -66
 4901 17 774.6999999999364 39 72 -66
 4901 19 1263.299999999968 35 62 -66
 4901 18 1153.0999999999508 82 3 -66
 4926 17 696.6999999999352 39 72 -66
 4926 20 696.7999999999852 37 62 -66
 4926 18 1152.5999999999497 82 3 -66
 4926 19 1238.7999999999668 35 62 -66
 4951 17 697.6999999999341 39 72 -66
 4951 18 1144.0999999999485 82 3 -66
 4951 19 1124.2999999999656 35 62 -66
 4951 20 696.799999999984 37 62 -66
 4976 19 1052.7999999999645 35 62 -66
 4976 17 703.199999999933 39 72 -66
 4976 18 1164.5999999999474 82 3 -66
 4976 20 701.2999999999829 37 62 -66
 5001 19 1000.2999999999633 35 62 -66
 5001 17 697.6999999999318 39 72 -66
 5001 18 1228.0999999999462 82 3 -66
 5001 20 697.7999999999818 37 62 -66
 5026 18 1236.599999999945 82 3 -66
 5026 19 943.7999999999622 35 62 -66
 5026 20 696.7999999999806 37 62 -66
 5051 18 1304.099999999944 82 3 -66
 5051 20 696.2999999999795 37 62 -66
 5051 19 888.2999999999611 35 62 -66
 5076 18 1357.5999999999428 82 3 -66
 5076 19 833.2999999999599 35 62 -66
 5076 20 699.2999999999784 37 62 -66
 5101 19 800.7999999999588 35 62 -66
 5101 20 697.7999999999772 37 62 -66
 5101 18 1367.0999999999417 82 3 -66
 5126 18 1346.5999999999406 82 3 -66
 5126 20 732.2999999999761 37 62 -66
 5126 19 802.2999999999577 35 62 -66
 5151 19 817.7999999999565 35 62 -66
 5151 18 1321.0999999999394 82 3 -66
 5151 20 743.799999999975 37 62 -66
 5176 18 1285.5999999999383 82 3 -66
 5176 20 738.2999999999738 37 62 -66
 5176 19 817.2999999999554 35 62 -66
 5201 20 736.7999999999727 37 62 -66
 5201 19 897.7999999999543 35 62 -66
 5201 18 1294.0999999999372 82 3 -66
 5226 18 1333.599999999936 82 3 -66
 5226 20 762.2999999999715 37 62 -66
 5226 19 948.2999999999531 35 62 -66
 5251 19 996.799999999952 35 62 -66
 5251 21 996.3 81 5 -66
 5251 18 900.0999999999349 82 3 -66
 5251 20 792.7999999999704 37 62 -66
 5276 18 962.5999999999337 82 3 -66
 5276 19 1050.2999999999508 35 62 -66
 5276 21 928.7999999999988 81 5 -66
 5276 20 834.2999999999693 37 62 -66
 5301 18 971.0999999999326 82 3 -66
 5301 21 916.2999999999977 81 5 -66
 5301 20 832.7999999999681 37 62 -66
 5301 19 1047.7999999999497 35 62 -66
 5326 19 1113.2999999999486 35 62 -66
 5326 21 930.7999999999965 81 5 -66
 5326 20 823.299999999967 37 62 -66
 5351 21 950.2999999999954 81 5 -66
 5351 19 1147.7999999999474 35 62 -66
 5351 20 822.7999999999658 37 62 -66
 5376 20 834.2999999999647 37 62 -66
 5376 21 960.7999999999943 81 5 -66
 5376 19 1174.2999999999463 35 62 -66
 5401 20 906.7999999999636 37 62 -66
 5401 21 968.2999999999931 81 5 -66
 5401 19 1170.7999999999452 35 62 -66
 5426 21 953.799999999992 81 5 -66
 5426 19 1163.299999999944 35 62 -66
 5426 20 905.2999999999624 37 62 -66
 5451 19 1183.7999999999429 35 62 -66
 5451 21 963.2999999999909 81 5 -66
 5451 20 883.7999999999613 37 62 -66
 5476 20 881.2999999999602 37 62 -66
 5476 19 1202.2999999999417 35 62 -66
 5476 21 982.7999999999897 81 5 -66
 5501 20 882.799999999959 37 62 -66
 5501 19 1214.7999999999406 35 62 -66
 5501 21 1000.2999999999886 81 5 -66
 5526 20 940.2999999999579 37 62 -66
 5526 19 1222.2999999999395 35 62 -66
 5526 21 1079.7999999999874 81 5 -66
 5551 19 1225.7999999999383 35 62 -66
 5551 21 1101.2999999999863 81 5 -66
 5551 20 964.7999999999568 37 62 -66
 5576 21 1143.7999999999852 81 5 -66
 5576 19 1220.2999999999372 35 62 -66
 5576 20 972.2999999999556 37 62 -66
 5601 19 1198.799999999936 35 62 -66
 5601 21 1173.299999999984 81 5 -66
 5601 20 982.7999999999545 37 62 -66
 5626 19 1175.299999999935 35 62 -66
 5626 20 990.2999999999533 37 62 -66
 5626 21 1200.799999999983 81 5 -66
 5651 20 1014.7999999999522 37 62 -66
 5651 21 1196.2999999999818 81 5 -66
 5651 19 1160.7999999999338 35 62 -66
 5676 21 1193.7999999999806 81 5 -66
 5676 20 1061.299999999951 37 62 -66
 5676 19 1145.2999999999327 35 62 -66
 5701 21 1172.2999999999795 81 5 -66
 5701 20 1071.79999999995 37 62 -66
 5726 20 1090.2999999999488 37 62 -66
 5726 21 1199.7999999999784 81 5 -66
 5751 20 1129.7999999999477 37 62 -66
 5751 21 1191.2999999999772 81 5 -66
 5776 21 1192.799999999976 81 5 -66
 5776 20 1233.2999999999465 37 62 -66
 5801 21 1191.299999999975 81 5 -66
 5801 20 1309.7999999999454 37 62 -66
 5826 21 1305.7999999999738 81 5 -66
 5826 22 1000 35 67 -66
 5826 20 899.2999999999442 37 62 -66
 5851 22 929.4999999999989 35 67 -66
 5851 21 1368.2999999999727 81 5 -66
 5851 20 955.7999999999431 37 62 -66
 5876 21 1346.7999999999715 81 5 -66
 5876 20 999.299999999942 37 62 -66
 5876 22 922.9999999999977 35 67 -66
 5901 20 1035.7999999999408 37 62 -66
 5901 22 900.4999999999966 35 67 -66
 5901 21 1342.2999999999704 81 5 -66
 5926 21 1348.7999999999693 81 5 -66
 5926 20 1149.2999999999397 37 62 -66
 5926 22 872.9999999999955 35 67 -66
 5951 22 875.4999999999943 35 67 -66
 5951 20 1150.7999999999386 37 62 -66
 5951 21 1317.2999999999681 81 5 -66
 5976 21 1301.799999999967 81 5 -66
 5976 20 1179.2999999999374 37 62 -66
 5976 22 860.9999999999932 35 67 -66
 6001 20 1195.7999999999363 37 62 -66
 6001 21 1284.2999999999658 81 5 -66
 6001 22 856.499999999992 35 67 -66
 6026 20 1194.2999999999352 37 62 -66
 6026 22 824.9999999999909 35 67 -66
 6026 21 1264.7999999999647 81 5 -66
 6051 22 810.4999999999898 35 67 -66
 6051 20 1270.799999999934 37 62 -66
 6051 21 1325.2999999999636 81 5 -66
 6076 20 1308.2999999999329 37 62 -66
 6076 22 792.9999999999886 35 67 -66
 6076 21 1345.7999999999624 81 5 -66
 6101 20 1319.7999999999317 37 62 -66
 6101 21 1346.2999999999613 81 5 -66
 6101 22 772.4999999999875 35 67 -66
 6126 21 1356.7999999999602 81 5 -66
 6126 22 753.9999999999864 35 67 -66
 6151 22 739.4999999999852 35 67 -66
 6151 21 958.299999999959 81 5 -66
 6151 23 977.7999999999997 83 9 -66
 6176 22 767.9999999999841 35 67 -66
 6176 23 911.2999999999986 83 9 -66
 6176 21 984.7999999999579 81 5 -66
 6201 23 866.7999999999975 83 9 -66
 6201 22 846.499999999983 35 67 -66
 6201 21 998.2999999999568 81 5 -66
 6226 21 1016.7999999999556 81 5 -66
 6226 22 882.9999999999818 35 67 -66
 6226 23 798.2999999999963 83 9 -66
 6251 22 922.4999999999807 35 67 -66
 6251 23 738.7999999999952 83 9 -66
 6251 21 1019.2999999999545 81 5 -66
 6276 22 947.9999999999795 35 67 -66
 6276 21 1011.7999999999533 81 5 -66
 6276 23 697.299999999994 83 9 -66
 6301 21 966.2999999999522 81 5 -66
 6301 22 1059.4999999999784 35 67 -66
 6301 23 697.7999999999929 83 9 -66
 6326 22 1129.9999999999773 35 67 -66
 6326 23 697.7999999999918 83 9 -66
 6326 21 932.2999999999511 81 5 -66
 6351 23 699.7999999999906 83 9 -66
 6351 21 933.2999999999499 81 5 -66
 6351 22 1163.4999999999761 35 67 -66
 6376 22 1196.999999999975 35 67 -66
 6376 21 875.2999999999488 81 5 -66
 6376 23 697.7999999999895 83 9 -66
 6401 22 1292.4999999999739 35 67 -66
 6401 21 800.2999999999477 81 5 -66
 6401 23 698.7999999999884 83 9 -66
 6426 23 696.7999999999872 83 9 -66
 6426 22 1376.9999999999727 35 67 -66
 6426 21 730.2999999999465 81 5 -66
 6451 22 975.4999999999716 35 67 -66
 6451 23 662.2999999999861 83 9 -66
 6451 21 662.7999999999454 81 5 -66
 6451 24 935.299999999999 26 68 -66
 6476 21 622.5999999999444 81 5 -66
 6476 22 1001.9999999999704 35 67 -66
 6476 23 621.699999999985 83 9 -66
 6476 24 962.7999999999979 26 68 -66
 6501 21 574.4999999999434 81 5 -66
 6501 23 575.299999999984 83 9 -66
 6501 22 1052.4999999999693 35 67 -66
 6501 24 973.2999999999968 26 68 -66
 6526 22 1094.9999999999682 35 67 -66
 6526 21 535.7999999999424 81 5 -66
 6526 23 536.2999999999831 83 9 -66
 6526 24 988.7999999999956 26 68 -66
 6551 21 510.9999999999421 81 5 -66
 6551 24 986.2999999999945 26 68 -66
 6551 23 511.7999999999827 83 9 -66
 6551 22 1118.499999999967 35 67 -66
 6576 23 506.1999999999822 83 9 -66
 6576 22 1170.999999999966 35 67 -66
 6576 21 505.3999999999413 81 5 -66
 6576 24 982.7999999999934 26 68 -66
 6601 24 968.2999999999922 26 68 -66
 6601 22 1200.4999999999648 35 67 -66
 6601 21 478.4999999999415 81 5 -66
 6601 23 477.5999999999824 83 9 -66
 6626 22 1220.9999999999636 35 67 -66
 6626 23 451.3999999999826 83 9 -66
 6626 21 451.69999999994167 81 5 -66
 6626 24 942.7999999999911 26 68 -66
 6651 24 918.29999999999 26 68 -66
 6651 21 456.49999999994185 81 5 -66
 6651 23 456.0999999999828 83 9 -66
 6651 22 1235.4999999999625 35 67 -66
 6676 22 1244.9999999999613 35 67 -66
 6676 21 437.89999999994205 81 5 -66
 6676 24 883.7999999999888 26 68 -66
 6676 23 438.59999999998297 83 9 -66
 6701 23 434.59999999998314 83 9 -66
 6701 21 434.8999999999422 81 5 -66
 6701 22 1293.4999999999602 35 67 -66
 6701 24 863.2999999999877 26 68 -66
 6726 24 837.7999999999865 26 68 -66
 6726 21 427.6999999999424 81 5 -66
 6726 23 430.69999999998333 83 9 -66
 6726 22 1388.999999999959 35 67 -66
 6751 23 422.3999999999835 83 9 -66
 6751 21 418.9999999999426 81 5 -66
 6751 24 819.2999999999854 26 68 -66
 6751 22 1376.499999999958 35 67 -66
 6776 24 828.7999999999843 26 68 -66
 6776 22 1393.9999999999568 35 67 -66
 6776 23 384.3999999999837 83 9 -66
 6801 22 908.4999999999557 35 67 -66
 6801 24 845.2999999999831 26 68 -66
 6801 23 367.8999999999839 83 9 -66
 6801 25 970.3999999999996 28 64 -66
 6826 23 371.499999999984 83 9 -66
 6826 24 847.799999999982 26 68 -66
 6826 22 987.9999999999545 35 67 -66
 6826 25 884.8999999999985 28 64 -66
 6851 25 836.3999999999974 28 64 -66
 6851 22 999.4999999999534 35 67 -66
 6851 24 866.2999999999809 26 68 -66
 6851 23 418.49999999998414 83 9 -66
 6876 24 876.7999999999797 26 68 -66
 6876 22 987.9999999999523 35 67 -66
 6876 23 452.89999999998435 83 9 -66
 6876 25 784.8999999999962 28 64 -66
 6901 23 466.99999999998454 83 9 -66
 6901 24 859.2999999999786 26 68 -66
 6901 22 965.4999999999511 35 67 -66
 6901 25 750.3999999999951 28 64 -66
 6926 24 874.7999999999774 26 68 -66
 6926 25 743.899999999994 28 64 -66
 6926 23 468.69999999998475 83 9 -66
 6926 22 958.99999999995 35 67 -66
 6951 24 898.2999999999763 26 68 -66
 6951 25 741.3999999999928 28 64 -66
 6951 23 477.79999999998495 83 9 -66
 6951 22 973.4999999999488 35 67 -66
 6976 22 999.9999999999477 35 67 -66
 6976 25 739.8999999999917 28 64 -66
 6976 23 511.29999999998495 83 9 -66
 6976 24 886.7999999999752 26 68 -66
 7001 22 982.4999999999466 35 67 -66
 7001 25 744.3999999999905 28 64 -66
 7001 23 531.9999999999841 83 9 -66
 7001 24 873.299999999974 26 68 -66
 7026 24 935.7999999999729 26 68 -66
 7026 22 965.9999999999454 35 67 -66
 7026 25 734.8999999999894 28 64 -66
 7026 23 524.9999999999832 83 9 -66
 7051 24 971.2999999999718 26 68 -66
 7051 25 711.3999999999883 28 64 -66
 7051 23 525.4999999999825 83 9 -66
 7051 22 928.4999999999443 35 67 -66
 7076 25 696.8999999999871 28 64 -66
 7076 24 1030.7999999999706 26 68 -66
 7076 23 600.4999999999816 83 9 -66
 7076 22 887.9999999999432 35 67 -66
 7101 23 596.0999999999806 83 9 -66
 7101 25 701.899999999986 28 64 -66
 7101 24 1062.7999999999695 26 68 -66
 7101 22 832.499999999942 35 67 -66
 7126 24 1075.7999999999683 26 68 -66
 7126 25 696.8999999999849 28 64 -66
 7126 23 575.3999999999796 83 9 -66
 7126 22 777.9999999999409 35 67 -66
 7151 24 1072.2999999999672 26 68 -66
 7151 23 536.9999999999786 83 9 -66
 7151 22 708.4999999999397 35 67 -66
 7151 25 695.3999999999837 28 64 -66
 7176 23 496.5999999999783 83 9 -66
 7176 22 654.9999999999386 35 67 -66
 7176 24 1083.299999999966 26 68 -66
 7176 25 687.3999999999826 28 64 -66
 7201 23 492.2999999999785 83 9 -66
 7201 24 1056.799999999965 26 68 -66
 7201 25 719.3999999999814 28 64 -66
 7201 22 613.3999999999376 35 67 -66
 7226 24 1045.2999999999638 26 68 -66
 7226 25 728.8999999999803 28 64 -66
 7226 23 521.1999999999782 83 9 -66
 7226 22 610.3999999999367 35 67 -66
 7251 23 498.29999999997807 83 9 -66
 7251 24 1044.7999999999627 26 68 -66
 7251 25 707.3999999999792 28 64 -66
 7251 22 588.2999999999356 35 67 -66
 7276 22 542.9999999999345 35 67 -66
 7276 25 691.899999999978 28 64 -66
 7276 24 1026.7999999999615 26 68 -66
 7276 23 510.09999999997797 83 9 -66
 7301 25 698.3999999999769 28 64 -66
 7301 23 541.4999999999773 83 9 -66
 7301 22 499.99999999993383 35 67 -66
 7301 24 999.2999999999604 26 68 -66
 7326 25 699.3999999999758 28 64 -66
 7326 22 492.49999999993395 35 67 -66
 7326 24 1081.7999999999593 26 68 -66
 7326 23 547.4999999999764 83 9 -66
 7351 23 552.1999999999755 83 9 -66
 7351 24 1106.7999999999581 26 68 -66
 7351 25 696.8999999999746 28 64 -66
 7376 25 719.8999999999735 28 64 -66
 7376 24 1101.799999999957 26 68 -66
 7376 23 549.7999999999745 83 9 -66
 7401 24 1123.2999999999558 26 68 -66
 7401 25 716.3999999999724 28 64 -66
 7401 23 607.0999999999735 83 9 -66
 7426 24 1121.7999999999547 26 68 -66
 7426 23 656.9999999999725 83 9 -66
 7426 25 707.8999999999712 28 64 -66
 7451 25 716.3999999999701 28 64 -66
 7451 24 1150.2999999999536 26 68 -66
 7451 23 658.1999999999714 83 9 -66
 7476 24 1203.7999999999524 26 68 -66
 7476 23 643.3999999999703 83 9 -66
 7476 25 789.8999999999689 28 64 -66
 7501 23 643.8999999999692 83 9 -66
 7501 24 1270.2999999999513 26 68 -66
 7501 25 870.3999999999678 28 64 -66
 7526 24 1296.7999999999502 26 68 -66
 7526 25 915.8999999999667 28 64 -66
 7526 23 636.399999999968 83 9 -66
 7551 23 654.999999999967 83 9 -66
 7551 24 1308.299999999949 26 68 -66
 7551 25 930.3999999999655 28 64 -66
 7576 25 943.8999999999644 28 64 -66
 7576 23 691.4999999999659 83 9 -66
 7576 24 1366.7999999999479 26 68 -66
 7601 25 948.3999999999633 28 64 -66
 7601 23 848.9999999999648 83 9 -66
 7601 26 933.3999999999992 26 67 -66
 7601 24 972.2999999999467 26 68 -66
 7626 24 1033.7999999999456 26 68 -66
 7626 23 920.4999999999636 83 9 -66
 7626 26 892.899999999998 26 67 -66
 7626 25 976.8999999999621 28 64 -66
 7651 26 895.3999999999969 26 67 -66
 7651 24 1083.2999999999445 26 68 -66
 7651 25 982.399999999961 28 64 -66
 7676 25 999.8999999999598 28 64 -66
 7676 26 939.8999999999958 26 67 -66
 7676 24 1183.7999999999433 26 68 -66
 7701 24 1206.2999999999422 26 68 -66
 7701 25 1043.3999999999587 28 64 -66
 7701 26 996.3999999999946 26 67 -66
 7726 26 1025.8999999999935 26 67 -66
 7726 25 1153.8999999999576 28 64 -66
 7726 24 1238.799999999941 26 68 -66
 7751 26 1101.3999999999924 26 67 -66
 7751 24 1245.29999999994 26 68 -66
 7751 25 1269.3999999999564 28 64 -66
 7776 25 1309.8999999999553 28 64 -66
 7776 26 1184.8999999999912 26 67 -66
 7776 24 1254.7999999999388 26 68 -66
 7801 26 1248.39999999999 26 67 -66
 7801 24 1266.2999999999377 26 68 -66
 7801 25 1356.3999999999542 28 64 -66
 7826 25 1385.899999999953 28 64 -66
 7826 24 1320.7999999999365 26 68 -66
 7826 26 1303.899999999989 26 67 -66
 7851 25 915.3999999999519 28 64 -66
 7851 26 1341.3999999999878 26 67 -66
 7851 27 937.0999999999992 30 66 -66
 7851 24 1386.2999999999354 26 68 -66
 7876 27 868.5999999999981 30 66 -66
 7876 25 934.8999999999508 28 64 -66
 7876 26 1359.8999999999867 26 67 -66
 7876 24 1387.7999999999342 26 68 -66
 7901 26 933.3999999999855 26 67 -66
 7901 25 951.3999999999496 28 64 -66
 7901 28 946.4999999999993 34 61 -66
 7901 24 903.2999999999331 26 68 -66
 7901 27 917.099999999997 30 66 -66
 7901 29 974.0999999999997 30 67 -66
 7926 26 968.8999999999844 26 67 -66
 7926 24 896.799999999932 26 68 -66
 7926 28 895.9999999999982 34 61 -66
 7926 29 884.5999999999985 30 67 -66
 7926 25 953.8999999999485 28 64 -66
 7926 27 927.5999999999958 30 66 -66
 7951 28 847.499999999997 34 61 -66
 7951 27 932.0999999999947 30 66 -66
 7951 29 830.0999999999974 30 67 -66
 7951 26 950.3999999999833 26 67 -66
 7951 25 937.3999999999473 28 64 -66
 7976 25 942.8999999999462 28 64 -66
 7976 29 778.5999999999963 30 67 -66
 7976 26 935.8999999999821 26 67 -66
 7976 28 791.9999999999959 34 61 -66
 7976 27 920.5999999999935 30 66 -66
 8001 27 945.0999999999924 30 66 -66
 8001 26 921.399999999981 26 67 -66
 8001 28 730.4999999999948 34 61 -66
 8001 29 719.0999999999951 30 67 -66
 8001 25 994.3999999999451 28 64 -66
 8026 29 696.599999999994 30 67 -66
 8026 26 862.8999999999799 26 67 -66
 8026 28 669.4999999999936 34 61 -66
 8026 25 989.3999999999439 28 64 -66
 8026 27 1004.5999999999913 30 66 -66
 8051 29 697.5999999999929 30 67 -66
 8051 28 636.8999999999926 34 61 -66
 8051 26 820.3999999999787 26 67 -66
 8051 27 1008.5999999999901 30 66 -66
 8051 25 978.3999999999428 28 64 -66
 8076 27 1021.599999999989 30 66 -66
 8076 25 951.8999999999417 28 64 -66
 8076 28 619.5999999999915 34 61 -66
 8076 29 697.5999999999917 30 67 -66
 8076 26 792.3999999999776 26 67 -66
 8101 29 696.5999999999906 30 67 -66
 8101 26 710.8999999999764 26 67 -66
 8101 25 898.3999999999405 28 64 -66
 8101 28 575.9999999999905 34 61 -66
 8101 27 1019.0999999999879 30 66 -66
 8126 25 821.8999999999394 28 64 -66
 8126 29 692.5999999999894 30 67 -66
 8126 26 697.8999999999753 26 67 -66
 8126 27 1014.0999999999867 30 66 -66
 8126 28 580.4999999999895 34 61 -66
 8151 26 692.8999999999742 26 67 -66
 8151 27 988.5999999999856 30 66 -66
 8151 28 573.4999999999886 34 61 -66
 8151 25 702.8999999999382 28 64 -66
 8151 29 692.0999999999883 30 67 -66
 8176 27 817.5999999999844 30 66 -66
 8176 25 693.3999999999371 28 64 -66
 8176 26 694.399999999973 26 67 -66
 8176 28 577.2999999999877 34 61 -66
 8176 29 693.5999999999872 30 67 -66
 8201 26 680.8999999999719 26 67 -66
 8201 27 694.0999999999833 30 66 -66
 8201 29 680.599999999986 30 67 -66
 8201 28 579.8999999999869 34 61 -66
 8201 25 693.899999999936 28 64 -66
 8226 27 657.7999999999822 30 66 -66
 8226 28 560.2999999999861 34 61 -66
 8226 29 651.499999999985 30 67 -66
 8226 26 653.0999999999708 26 67 -66
 8226 25 659.5999999999349 28 64 -66
 8251 29 651.6999999999839 30 67 -66
 8251 27 671.1999999999812 30 66 -66
 8251 26 652.5999999999697 26 67 -66
 8251 25 670.8999999999339 28 64 -66
 8251 28 514.699999999985 34 61 -66
 8276 27 637.8999999999801 30 66 -66
 8276 29 637.499999999983 30 67 -66
 8276 25 638.3999999999328 28 64 -66
 8276 28 495.59999999998496 34 61 -66
 8276 26 638.2999999999686 26 67 -66
 8301 27 608.299999999979 30 66 -66
 8301 26 600.2999999999674 26 67 -66
 8301 28 472.0999999999852 34 61 -66
 8301 29 599.8999999999819 30 67 -66
 8326 26 576.1999999999664 26 67 -66
 8326 27 632.5999999999781 30 66 -66
 8326 29 577.699999999981 30 67 -66
 8326 28 450.6999999999854 34 61 -66
 8351 26 555.1999999999655 26 67 -66
 8351 29 554.19999999998 30 67 -66
 8351 27 645.1999999999771 30 66 -66
 8351 28 448.8999999999856 34 61 -66
 8376 28 465.7999999999858 34 61 -66
 8376 27 626.2999999999761 30 66 -66
 8376 26 520.9999999999645 26 67 -66
 8376 29 520.6999999999791 30 67 -66
 8401 26 490.09999999996444 26 67 -66
 8401 28 485.399999999986 34 61 -66
 8401 27 582.199999999975 30 66 -66
 8401 29 489.4999999999791 30 67 -66
 8426 29 485.8999999999793 30 67 -66
 8426 27 548.299999999974 30 66 -66
 8426 28 485.7999999999862 34 61 -66
 8426 26 483.8999999999647 26 67 -66
 8451 28 477.5999999999864 34 61 -66
 8451 29 470.7999999999795 30 67 -66
 8451 26 467.7999999999649 26 67 -66
 8451 27 511.3999999999735 30 66 -66
 8476 27 503.69999999997333 30 66 -66
 8476 28 453.59999999998655 34 61 -66
 8476 29 449.5999999999797 30 67 -66
 8476 26 449.79999999996505 26 67 -66
 8501 26 434.7999999999653 26 67 -66
 8501 29 436.39999999997985 30 67 -66
 8501 27 458.09999999997353 30 66 -66
 8501 28 432.39999999998673 34 61 -66
 8526 28 409.09999999998695 34 61 -66
 8526 27 492.5999999999737 30 66 -66
 8526 29 414.69999999998004 30 67 -66
 8526 26 413.3999999999655 26 67 -66
 8551 27 486.7999999999739 30 66 -66
 8551 28 401.0999999999871 34 61 -66
 8551 26 398.19999999996566 26 67 -66
 8551 29 399.4999999999802 30 67 -66
 8576 29 390.3999999999804 30 67 -66
 8576 28 388.8999999999873 34 61 -66
 8576 26 391.9999999999658 26 67 -66
 8576 27 471.8999999999741 30 66 -66
 8601 28 396.3999999999875 34 61 -66
 8601 27 472.2999999999743 30 66 -66
 8601 29 404.39999999998054 30 67 -66
 8601 26 404.19999999996594 26 67 -66
 8626 29 376.29999999998074 30 67 -66
 8626 27 497.2999999999745 30 66 -66
 8626 28 376.19999999998765 34 61 -66
 8626 26 372.9999999999661 26 67 -66
 8651 28 388.1999999999878 34 61 -66
 8651 26 387.6999999999662 26 67 -66
 8651 27 494.5999999999744 30 66 -66
 8651 29 388.09999999998087 30 67 -66
 8676 27 475.29999999997455 30 66 -66
 8676 29 390.699999999981 30 67 -66
 8676 26 374.4999999999664 26 67 -66
 8676 28 394.899999999988 34 61 -66
 8701 29 374.1999999999812 30 67 -66
 8701 26 375.19999999996656 26 67 -66
 8701 27 422.69999999997475 30 66 -66
 8701 28 380.89999999998815 34 61 -66
 8726 27 408.79999999997494 30 66 -66
 8726 26 362.6999999999667 26 67 -66
 8726 28 366.0999999999883 34 61 -66
 8726 29 375.9999999999813 30 67 -66
 8751 27 441.89999999997514 30 66 -66
 8751 29 367.1999999999814 30 67 -66
 8751 26 352.4999999999668 26 67 -66
 8751 28 372.0999999999884 34 61 -66
 8776 27 482.6999999999753 30 66 -66
 8776 28 357.89999999998855 34 61 -66
 8776 26 344.39999999996695 26 67 -66
 8776 29 357.19999999998157 30 67 -66
 8801 29 335.4999999999817 30 67 -66
 8801 28 338.19999999998873 34 61 -66
 8801 27 536.3999999999749 30 66 -66
 8801 26 337.89999999996706 26 67 -66
 8826 28 337.79999999998887 34 61 -66
 8826 29 334.9999999999818 30 67 -66
 8826 26 320.4999999999672 26 67 -66
 8826 27 552.299999999974 30 66 -66
 8851 26 305.7999999999673 26 67 -66
 8851 29 326.79999999998194 30 67 -66
 8851 27 576.8999999999733 30 66 -66
 8851 28 331.499999999989 34 61 -66
 8876 29 316.59999999998206 30 67 -66
 8876 27 595.9999999999723 30 66 -66
 8876 26 286.39999999996746 26 67 -66
 8876 28 371.7999999999891 34 61 -66
 8901 28 376.49999999998926 34 61 -66
 8901 27 622.6999999999714 30 66 -66
 8901 26 286.59999999996757 26 67 -66
 8901 29 318.5999999999822 30 67 -66
 8926 27 585.2999999999704 30 66 -66
 8926 28 377.7999999999894 34 61 -66
 8926 26 278.69999999996764 26 67 -66
 8926 29 309.39999999998236 30 67 -66
 8951 27 564.3999999999696 30 66 -66
 8951 29 306.4999999999825 30 67 -66
 8951 26 272.4999999999677 26 67 -66
 8951 28 368.79999999998955 34 61 -66
 8976 29 296.2999999999826 30 67 -66
 8976 27 546.2999999999688 30 66 -66
 8976 26 291.8999999999678 26 67 -66
 8976 28 369.0999999999897 34 61 -66
 9001 26 286.3999999999679 26 67 -66
 9001 27 530.199999999968 30 66 -66
 9001 29 302.79999999998273 30 67 -66
 9001 28 384.8999999999898 34 61 -66
 9026 28 374.69999999999 34 61 -66
 9026 29 335.39999999998287 30 67 -66
 9026 27 499.7999999999674 30 66 -66
 9026 26 271.69999999996804 26 67 -66
 9051 28 345.99999999999017 34 61 -66
 9051 29 333.99999999998306 30 67 -66
 9051 26 261.2999999999682 26 67 -66
 9051 27 510.49999999996754 30 66 -66
 9076 26 256.4999999999683 26 67 -66
 9076 29 350.39999999998315 30 67 -66
 9076 28 359.4999999999903 34 61 -66
 9076 27 488.1999999999672 30 66 -66
 9101 28 382.5999999999904 34 61 -66
 9101 27 448.69999999996736 30 66 -66
 9101 29 382.19999999998333 30 67 -66
 9126 27 421.99999999996754 30 66 -66
 9126 29 422.69999999998356 30 67 -66
 9126 28 415.7999999999906 34 61 -66
 9151 27 440.2999999999677 30 66 -66
 9151 28 441.6999999999907 34 61 -66
 9151 29 441.3999999999837 30 67 -66
 9176 28 456.09999999999087 34 61 -66
 9176 27 455.9999999999679 30 66 -66
 9176 29 456.7999999999839 30 67 -66
 9201 27 463.59999999996813 30 66 -66
 9201 29 468.69999999998413 30 67 -66
 9201 28 467.09999999999104 34 61 -66
 9226 29 463.1999999999843 30 67 -66
 9226 27 462.49999999996834 30 66 -66
 9226 28 465.59999999999127 34 61 -66
 9251 28 442.69999999999146 34 61 -66
 9251 27 447.39999999996854 30 66 -66
 9251 29 440.19999999998447 30 67 -66
 9276 27 488.99999999996874 30 66 -66
 9276 28 458.0999999999916 34 61 -66
 9276 29 455.0999999999846 30 67 -66
 9301 27 509.19999999996804 30 66 -66
 9301 28 462.79999999999177 34 61 -66
 9301 29 473.79999999998483 30 67 -66
 9326 27 493.09999999996796 30 66 -66
 9326 28 477.299999999992 34 61 -66
 9326 29 476.49999999998505 30 67 -66
 9351 29 476.09999999998524 30 67 -66
 9351 28 472.69999999999214 34 61 -66
 9376 28 474.1999999999923 34 61 -66
 9376 29 499.5999999999854 30 67 -66
